<?xml version="1.0" encoding="UTF-8"?>
<testsuite xmlns:xsi="http://www.w3.org/2001/XMLSchema-instance" xsi:noNamespaceSchemaLocation="https://maven.apache.org/surefire/maven-surefire-plugin/xsd/surefire-test-report-3.0.xsd" version="3.0" name="social.pantheon.activitystreams4j.W3CTests" time="7.696" tests="208" errors="37" skipped="0" failures="66">
  <properties>
[...]
</properties>
  <testcase name="Example 1 (ex1-jsonld)" classname="W3CActivityStreamsVocabularyExamples()" time="1.192"/>
  <testcase name="Example 2 (ex2-jsonld)" classname="W3CActivityStreamsVocabularyExamples()" time="0.015"/>
  <testcase name="Example 3 (ex3-jsonld)" classname="W3CActivityStreamsVocabularyExamples()" time="0.021"/>
  <testcase name="Example 4 (ex182-jsonld)" classname="W3CActivityStreamsVocabularyExamples()" time="0.013"/>
  <testcase name="Example 5 (ex5-jsonld)" classname="W3CActivityStreamsVocabularyExamples()" time="0.01">
    <failure type="java.lang.AssertionError"><![CDATA[java.lang.AssertionError
]]></failure>
    <system-out><![CDATA[10:22:04.864 [main] INFO  social.pantheon.activitystreams4j.W3CTests - Testing "Example 5" (https://www.w3.org/TR/activitystreams-vocabulary/#ex5-jsonld)
{
  "@context" : "https://www.w3.org/ns/activitystreams",
  "summary" : "Sally's notes",
  "type" : "Collection",
  "totalItems" : 2,
  "items" : [ {
    "type" : "Note",
    "name" : "A Simple Note"
  }, {
    "type" : "Note",
    "name" : "Another Simple Note"
  } ]
}
]]></system-out>
  </testcase>
  <testcase name="Example 6 (ex6-jsonld)" classname="W3CActivityStreamsVocabularyExamples()" time="0.012">
    <failure type="java.lang.AssertionError"><![CDATA[java.lang.AssertionError
]]></failure>
    <system-out><![CDATA[10:22:04.875 [main] INFO  social.pantheon.activitystreams4j.W3CTests - Testing "Example 6" (https://www.w3.org/TR/activitystreams-vocabulary/#ex6-jsonld)
{
  "@context" : "https://www.w3.org/ns/activitystreams",
  "summary" : "Sally's notes",
  "type" : "OrderedCollection",
  "totalItems" : 2,
  "orderedItems" : [ {
    "type" : "Note",
    "name" : "A Simple Note"
  }, {
    "type" : "Note",
    "name" : "Another Simple Note"
  } ]
}
]]></system-out>
  </testcase>
  <testcase name="Example 7 (ex6b-jsonld)" classname="W3CActivityStreamsVocabularyExamples()" time="0.01"/>
  <testcase name="Example 8 (ex6c-jsonld)" classname="W3CActivityStreamsVocabularyExamples()" time="0.012"/>
  <testcase name="Example 9 (ex7a-jsonld)" classname="W3CActivityStreamsVocabularyExamples()" time="0.009"/>
  <testcase name="Example 10 (ex7b-jsonld)" classname="W3CActivityStreamsVocabularyExamples()" time="0.02"/>
  <testcase name="Example 11 (ex8-jsonld)" classname="W3CActivityStreamsVocabularyExamples()" time="0.011"/>
  <testcase name="Example 12 (ex9-jsonld)" classname="W3CActivityStreamsVocabularyExamples()" time="0.01"/>
  <testcase name="Example 13 (ex10-jsonld)" classname="W3CActivityStreamsVocabularyExamples()" time="0.01"/>
  <testcase name="Example 14 (ex11-jsonld)" classname="W3CActivityStreamsVocabularyExamples()" time="0.01"/>
  <testcase name="Example 15 (ex12-jsonld)" classname="W3CActivityStreamsVocabularyExamples()" time="0.012"/>
  <testcase name="Example 16 (ex13-jsonld)" classname="W3CActivityStreamsVocabularyExamples()" time="0.023"/>
  <testcase name="Example 17 (ex15-jsonld)" classname="W3CActivityStreamsVocabularyExamples()" time="0.011"/>
  <testcase name="Example 18 (ex16-jsonld)" classname="W3CActivityStreamsVocabularyExamples()" time="0.009"/>
  <testcase name="Example 19 (ex17-jsonld)" classname="W3CActivityStreamsVocabularyExamples()" time="0.013"/>
  <testcase name="Example 20 (ex18-jsonld)" classname="W3CActivityStreamsVocabularyExamples()" time="0.021"/>
  <testcase name="Example 21 (ex19-jsonld)" classname="W3CActivityStreamsVocabularyExamples()" time="0.019"/>
  <testcase name="Example 22 (ex20-jsonld)" classname="W3CActivityStreamsVocabularyExamples()" time="0.026"/>
  <testcase name="Example 23 (ex21-jsonld)" classname="W3CActivityStreamsVocabularyExamples()" time="0.029">
    <error type="cz.cvut.kbss.jsonld.exception.TargetTypeException"><![CDATA[cz.cvut.kbss.jsonld.exception.TargetTypeException: Neither class java.lang.Object nor any of its subclasses matches the types [http://www.types.example/ProductOffer].
]]></error>
    <system-out><![CDATA[10:22:05.135 [main] INFO  social.pantheon.activitystreams4j.W3CTests - Testing "Example 23" (https://www.w3.org/TR/activitystreams-vocabulary/#ex21-jsonld)
{
  "@context" : "https://www.w3.org/ns/activitystreams",
  "summary" : "Sally offered 50% off to Lewis",
  "type" : "Offer",
  "actor" : {
    "type" : "Person",
    "name" : "Sally"
  },
  "object" : {
    "type" : "http://www.types.example/ProductOffer",
    "name" : "50% Off!"
  },
  "target" : {
    "type" : "Person",
    "name" : "Lewis"
  }
}
]]></system-out>
  </testcase>
  <testcase name="Example 24 (ex24-jsonld)" classname="W3CActivityStreamsVocabularyExamples()" time="0.014"/>
  <testcase name="Example 25 (ex26-jsonld)" classname="W3CActivityStreamsVocabularyExamples()" time="0.07"/>
  <testcase name="Example 26 (ex27-jsonld)" classname="W3CActivityStreamsVocabularyExamples()" time="0.052"/>
  <testcase name="Example 27 (ex28-jsonld)" classname="W3CActivityStreamsVocabularyExamples()" time="0.012"/>
  <testcase name="Example 28 (ex29-jsonld)" classname="W3CActivityStreamsVocabularyExamples()" time="0.027">
    <error type="cz.cvut.kbss.jsonld.exception.TargetTypeException"><![CDATA[cz.cvut.kbss.jsonld.exception.TargetTypeException: Neither class java.lang.Object nor any of its subclasses matches the types [http://example.org/Role].
]]></error>
    <system-out><![CDATA[10:22:05.323 [main] INFO  social.pantheon.activitystreams4j.W3CTests - Testing "Example 28" (https://www.w3.org/TR/activitystreams-vocabulary/#ex29-jsonld)
{
  "@context" : "https://www.w3.org/ns/activitystreams",
  "summary" : "The moderator removed Sally from a group",
  "type" : "Remove",
  "actor" : {
    "type" : "http://example.org/Role",
    "name" : "The Moderator"
  },
  "object" : {
    "type" : "Person",
    "name" : "Sally"
  },
  "origin" : {
    "type" : "Group",
    "name" : "A Simple Group"
  }
}
]]></system-out>
  </testcase>
  <testcase name="Example 29 (ex32-jsonld)" classname="W3CActivityStreamsVocabularyExamples()" time="0.016"/>
  <testcase name="Example 30 (ex33-jsonld)" classname="W3CActivityStreamsVocabularyExamples()" time="0.024"/>
  <testcase name="Example 31 (ex161-jsonld)" classname="W3CActivityStreamsVocabularyExamples()" time="0.009"/>
  <testcase name="Example 32 (ex163-jsonld)" classname="W3CActivityStreamsVocabularyExamples()" time="0.015"/>
  <testcase name="Example 33 (ex164-jsonld)" classname="W3CActivityStreamsVocabularyExamples()" time="0.009"/>
  <testcase name="Example 34 (ex168-jsonld)" classname="W3CActivityStreamsVocabularyExamples()" time="0.007"/>
  <testcase name="Example 35 (ex169-jsonld)" classname="W3CActivityStreamsVocabularyExamples()" time="0.009"/>
  <testcase name="Example 36 (ex170-jsonld)" classname="W3CActivityStreamsVocabularyExamples()" time="0.01"/>
  <testcase name="Example 37 (ex173-jsonld)" classname="W3CActivityStreamsVocabularyExamples()" time="0.008"/>
  <testcase name="Example 38 (ex174-jsonld)" classname="W3CActivityStreamsVocabularyExamples()" time="0.015"/>
  <testcase name="Example 39 (ex175-jsonld)" classname="W3CActivityStreamsVocabularyExamples()" time="0.013"/>
  <testcase name="Example 40 (ex55a-jsonld)" classname="W3CActivityStreamsVocabularyExamples()" time="0.013"/>
  <testcase name="Example 41 (ex55b-jsonld)" classname="W3CActivityStreamsVocabularyExamples()" time="0.015">
    <failure type="java.lang.AssertionError"><![CDATA[java.lang.AssertionError
]]></failure>
    <system-out><![CDATA[10:22:05.517 [main] INFO  social.pantheon.activitystreams4j.W3CTests - Testing "Example 41" (https://www.w3.org/TR/activitystreams-vocabulary/#ex55b-jsonld)
{
  "@context" : "https://www.w3.org/ns/activitystreams",
  "type" : "Question",
  "name" : "What is the answer?",
  "closed" : "2016-05-10T00:00:00Z"
}
]]></system-out>
  </testcase>
  <testcase name="Example 42 (ex34-jsonld)" classname="W3CActivityStreamsVocabularyExamples()" time="0.007"/>
  <testcase name="Example 43 (ex37-jsonld)" classname="W3CActivityStreamsVocabularyExamples()" time="0.008"/>
  <testcase name="Example 44 (ex186-jsonld)" classname="W3CActivityStreamsVocabularyExamples()" time="0.007"/>
  <testcase name="Example 45 (ex39-jsonld)" classname="W3CActivityStreamsVocabularyExamples()" time="0.007"/>
  <testcase name="Example 46 (ex42-jsonld)" classname="W3CActivityStreamsVocabularyExamples()" time="0.011"/>
  <testcase name="Example 47 (ex22-jsonld)" classname="W3CActivityStreamsVocabularyExamples()" time="0.009">
    <failure type="java.lang.AssertionError"><![CDATA[java.lang.AssertionError
]]></failure>
    <system-out><![CDATA[10:22:05.579 [main] INFO  social.pantheon.activitystreams4j.W3CTests - Testing "Example 47" (https://www.w3.org/TR/activitystreams-vocabulary/#ex22-jsonld)
{
  "@context" : "https://www.w3.org/ns/activitystreams",
  "summary" : "Sally is an acquaintance of John",
  "type" : "Relationship",
  "subject" : {
    "type" : "Person",
    "name" : "Sally"
  },
  "relationship" : "http://purl.org/vocab/relationship/acquaintanceOf",
  "object" : {
    "type" : "Person",
    "name" : "John"
  }
}
]]></system-out>
  </testcase>
  <testcase name="Example 48 (ex43-jsonld)" classname="W3CActivityStreamsVocabularyExamples()" time="0.009"/>
  <testcase name="Example 49 (ex48-jsonld)" classname="W3CActivityStreamsVocabularyExamples()" time="0.01"/>
  <testcase name="Example 50 (ex49-jsonld)" classname="W3CActivityStreamsVocabularyExamples()" time="0.01"/>
  <testcase name="Example 51 (ex50-jsonld)" classname="W3CActivityStreamsVocabularyExamples()" time="0.01"/>
  <testcase name="Example 52 (ex51-jsonld)" classname="W3CActivityStreamsVocabularyExamples()" time="0.005">
    <failure type="java.lang.AssertionError"><![CDATA[java.lang.AssertionError
]]></failure>
    <system-out><![CDATA[10:22:05.635 [main] INFO  social.pantheon.activitystreams4j.W3CTests - Testing "Example 52" (https://www.w3.org/TR/activitystreams-vocabulary/#ex51-jsonld)
{
  "@context" : "https://www.w3.org/ns/activitystreams",
  "type" : "Video",
  "name" : "Puppy Plays With Ball",
  "url" : "http://example.org/video.mkv",
  "duration" : "PT2H"
}
]]></system-out>
  </testcase>
  <testcase name="Example 53 (ex52-jsonld)" classname="W3CActivityStreamsVocabularyExamples()" time="0.006"/>
  <testcase name="Example 54 (ex53-jsonld)" classname="W3CActivityStreamsVocabularyExamples()" time="0.006"/>
  <testcase name="Example 55 (ex56-jsonld)" classname="W3CActivityStreamsVocabularyExamples()" time="0.005">
    <failure type="java.lang.AssertionError"><![CDATA[java.lang.AssertionError
]]></failure>
    <system-out><![CDATA[10:22:05.653 [main] INFO  social.pantheon.activitystreams4j.W3CTests - Testing "Example 55" (https://www.w3.org/TR/activitystreams-vocabulary/#ex56-jsonld)
{
  "@context" : "https://www.w3.org/ns/activitystreams",
  "type" : "Event",
  "name" : "Going-Away Party for Jim",
  "startTime" : "2014-12-31T23:00:00-08:00",
  "endTime" : "2015-01-01T06:00:00-08:00"
}
]]></system-out>
  </testcase>
  <testcase name="Example 56 (ex57-jsonld)" classname="W3CActivityStreamsVocabularyExamples()" time="0.006"/>
  <testcase name="Example 57 (ex58-jsonld)" classname="W3CActivityStreamsVocabularyExamples()" time="0.007">
    <failure type="java.lang.AssertionError"><![CDATA[java.lang.AssertionError
]]></failure>
    <system-out><![CDATA[10:22:05.666 [main] INFO  social.pantheon.activitystreams4j.W3CTests - Testing "Example 57" (https://www.w3.org/TR/activitystreams-vocabulary/#ex58-jsonld)
{
  "@context" : "https://www.w3.org/ns/activitystreams",
  "type" : "Place",
  "name" : "Fresno Area",
  "latitude" : 36.75,
  "longitude" : 119.7667,
  "radius" : 15,
  "units" : "miles"
}
]]></system-out>
  </testcase>
  <testcase name="Example 58 (ex181-jsonld)" classname="W3CActivityStreamsVocabularyExamples()" time="0.008"/>
  <testcase name="Example 59 (ex184a-jsonld)" classname="W3CActivityStreamsVocabularyExamples()" time="0.005">
    <failure type="java.lang.AssertionError"><![CDATA[java.lang.AssertionError
]]></failure>
    <system-out><![CDATA[10:22:05.683 [main] INFO  social.pantheon.activitystreams4j.W3CTests - Testing "Example 59" (https://www.w3.org/TR/activitystreams-vocabulary/#ex184a-jsonld)
{
  "@context" : "https://www.w3.org/ns/activitystreams",
  "type" : "Profile",
  "summary" : "Sally's Profile",
  "describes" : {
    "type" : "Person",
    "name" : "Sally Smith"
  }
}
]]></system-out>
  </testcase>
  <testcase name="Example 60 (ex184b-jsonld)" classname="W3CActivityStreamsVocabularyExamples()" time="0.009">
    <failure type="java.lang.AssertionError"><![CDATA[java.lang.AssertionError
]]></failure>
    <system-out><![CDATA[10:22:05.691 [main] INFO  social.pantheon.activitystreams4j.W3CTests - Testing "Example 60" (https://www.w3.org/TR/activitystreams-vocabulary/#ex184b-jsonld)
{
  "type" : "OrderedCollection",
  "totalItems" : 3,
  "name" : "Vacation photos 2016",
  "orderedItems" : [ {
    "type" : "Image",
    "id" : "http://image.example/1"
  }, {
    "type" : "Tombstone",
    "formerType" : "Image",
    "id" : "http://image.example/2",
    "deleted" : "2016-03-17T00:00:00Z"
  }, {
    "type" : "Image",
    "id" : "http://image.example/3"
  } ]
}
]]></system-out>
  </testcase>
  <testcase name="Example 61 (exid-jsonld)" classname="W3CActivityStreamsVocabularyExamples()" time="0.006">
    <error type="cz.cvut.kbss.jsonld.exception.TargetTypeException"><![CDATA[cz.cvut.kbss.jsonld.exception.TargetTypeException: Neither class social.pantheon.activitystreams4j.core.ObjectDTO nor any of its subclasses matches the types [].
]]></error>
    <system-out><![CDATA[10:22:05.699 [main] INFO  social.pantheon.activitystreams4j.W3CTests - Testing "Example 61" (https://www.w3.org/TR/activitystreams-vocabulary/#exid-jsonld)
{
  "@context" : "https://www.w3.org/ns/activitystreams",
  "name" : "Foo",
  "id" : "http://example.org/foo"
}
]]></system-out>
  </testcase>
  <testcase name="Example 62 (extype-jsonld)" classname="W3CActivityStreamsVocabularyExamples()" time="0.005">
    <error type="cz.cvut.kbss.jsonld.exception.TargetTypeException"><![CDATA[cz.cvut.kbss.jsonld.exception.TargetTypeException: Neither class social.pantheon.activitystreams4j.core.ObjectDTO nor any of its subclasses matches the types [http://example.org/Foo].
]]></error>
    <system-out><![CDATA[10:22:05.704 [main] INFO  social.pantheon.activitystreams4j.W3CTests - Testing "Example 62" (https://www.w3.org/TR/activitystreams-vocabulary/#extype-jsonld)
{
  "@context" : "https://www.w3.org/ns/activitystreams",
  "summary" : "A foo",
  "type" : "http://example.org/Foo"
}
]]></system-out>
  </testcase>
  <testcase name="Example 63 (ex59-jsonld)" classname="W3CActivityStreamsVocabularyExamples()" time="0.006"/>
  <testcase name="Example 64 (ex60-jsonld)" classname="W3CActivityStreamsVocabularyExamples()" time="0.006"/>
  <testcase name="Example 65 (ex61-jsonld)" classname="W3CActivityStreamsVocabularyExamples()" time="0.006"/>
  <testcase name="Example 66 (ex64-jsonld)" classname="W3CActivityStreamsVocabularyExamples()" time="0.009">
    <failure type="java.lang.AssertionError"><![CDATA[java.lang.AssertionError
]]></failure>
    <system-out><![CDATA[10:22:05.731 [main] INFO  social.pantheon.activitystreams4j.W3CTests - Testing "Example 66" (https://www.w3.org/TR/activitystreams-vocabulary/#ex64-jsonld)
{
  "@context" : "https://www.w3.org/ns/activitystreams",
  "type" : "Note",
  "name" : "Have you seen my cat?",
  "attachment" : [ {
    "type" : "Image",
    "content" : "This is what he looks like.",
    "url" : "http://example.org/cat.jpeg"
  } ]
}
]]></system-out>
  </testcase>
  <testcase name="Example 67 (ex65-jsonld)" classname="W3CActivityStreamsVocabularyExamples()" time="0.006"/>
  <testcase name="Example 68 (ex66-jsonld)" classname="W3CActivityStreamsVocabularyExamples()" time="0.005"/>
  <testcase name="Example 69 (ex113-jsonld)" classname="W3CActivityStreamsVocabularyExamples()" time="0.005">
    <error type="cz.cvut.kbss.jsonld.exception.TargetTypeException"><![CDATA[cz.cvut.kbss.jsonld.exception.TargetTypeException: Neither class java.lang.Object nor any of its subclasses matches the types [http://example.org/Organization].
]]></error>
    <system-out><![CDATA[10:22:05.752 [main] INFO  social.pantheon.activitystreams4j.W3CTests - Testing "Example 69" (https://www.w3.org/TR/activitystreams-vocabulary/#ex113-jsonld)
{
  "@context" : "https://www.w3.org/ns/activitystreams",
  "name" : "Holiday announcement",
  "type" : "Note",
  "content" : "Thursday will be a company-wide holiday. Enjoy your day off!",
  "audience" : {
    "type" : "http://example.org/Organization",
    "name" : "ExampleCo LLC"
  }
}
]]></system-out>
  </testcase>
  <testcase name="Example 70 (ex68-jsonld)" classname="W3CActivityStreamsVocabularyExamples()" time="0.009"/>
  <testcase name="Example 71 (ex69-jsonld)" classname="W3CActivityStreamsVocabularyExamples()" time="0.012"/>
  <testcase name="Example 72 (ex70-jsonld)" classname="W3CActivityStreamsVocabularyExamples()" time="0.007"/>
  <testcase name="Example 73 (ex171-jsonld)" classname="W3CActivityStreamsVocabularyExamples()" time="0.006"/>
  <testcase name="Example 74 (ex71-jsonld)" classname="W3CActivityStreamsVocabularyExamples()" time="0.005">
    <failure type="java.lang.AssertionError"><![CDATA[java.lang.AssertionError
]]></failure>
    <system-out><![CDATA[10:22:05.796 [main] INFO  social.pantheon.activitystreams4j.W3CTests - Testing "Example 74" (https://www.w3.org/TR/activitystreams-vocabulary/#ex71-jsonld)
{
  "@context" : "https://www.w3.org/ns/activitystreams",
  "summary" : "Sally's blog posts",
  "type" : "Collection",
  "totalItems" : 3,
  "current" : "http://example.org/collection",
  "items" : [ "http://example.org/posts/1", "http://example.org/posts/2", "http://example.org/posts/3" ]
}
]]></system-out>
  </testcase>
  <testcase name="Example 75 (ex72-jsonld)" classname="W3CActivityStreamsVocabularyExamples()" time="0.006">
    <failure type="java.lang.AssertionError"><![CDATA[java.lang.AssertionError
]]></failure>
    <system-out><![CDATA[10:22:05.802 [main] INFO  social.pantheon.activitystreams4j.W3CTests - Testing "Example 75" (https://www.w3.org/TR/activitystreams-vocabulary/#ex72-jsonld)
{
  "@context" : "https://www.w3.org/ns/activitystreams",
  "summary" : "Sally's blog posts",
  "type" : "Collection",
  "totalItems" : 3,
  "current" : {
    "type" : "Link",
    "summary" : "Most Recent Items",
    "href" : "http://example.org/collection"
  },
  "items" : [ "http://example.org/posts/1", "http://example.org/posts/2", "http://example.org/posts/3" ]
}
]]></system-out>
  </testcase>
  <testcase name="Example 76 (ex73-jsonld)" classname="W3CActivityStreamsVocabularyExamples()" time="0.007">
    <failure type="java.lang.AssertionError"><![CDATA[java.lang.AssertionError
]]></failure>
    <system-out><![CDATA[10:22:05.808 [main] INFO  social.pantheon.activitystreams4j.W3CTests - Testing "Example 76" (https://www.w3.org/TR/activitystreams-vocabulary/#ex73-jsonld)
{
  "@context" : "https://www.w3.org/ns/activitystreams",
  "summary" : "Sally's blog posts",
  "type" : "Collection",
  "totalItems" : 3,
  "first" : "http://example.org/collection?page=0"
}
]]></system-out>
  </testcase>
  <testcase name="Example 77 (ex74-jsonld)" classname="W3CActivityStreamsVocabularyExamples()" time="0.01">
    <failure type="java.lang.AssertionError"><![CDATA[java.lang.AssertionError
]]></failure>
    <system-out><![CDATA[10:22:05.816 [main] INFO  social.pantheon.activitystreams4j.W3CTests - Testing "Example 77" (https://www.w3.org/TR/activitystreams-vocabulary/#ex74-jsonld)
{
  "@context" : "https://www.w3.org/ns/activitystreams",
  "summary" : "Sally's blog posts",
  "type" : "Collection",
  "totalItems" : 3,
  "first" : {
    "type" : "Link",
    "summary" : "First Page",
    "href" : "http://example.org/collection?page=0"
  }
}
]]></system-out>
  </testcase>
  <testcase name="Example 78 (ex75-jsonld)" classname="W3CActivityStreamsVocabularyExamples()" time="0.007">
    <failure type="java.lang.AssertionError"><![CDATA[java.lang.AssertionError
]]></failure>
    <system-out><![CDATA[10:22:05.828 [main] INFO  social.pantheon.activitystreams4j.W3CTests - Testing "Example 78" (https://www.w3.org/TR/activitystreams-vocabulary/#ex75-jsonld)
{
  "@context" : "https://www.w3.org/ns/activitystreams",
  "summary" : "A simple note",
  "type" : "Note",
  "content" : "This is all there is.",
  "generator" : {
    "type" : "Application",
    "name" : "Exampletron 3000"
  }
}
]]></system-out>
  </testcase>
  <testcase name="Example 79 (ex77-jsonld)" classname="W3CActivityStreamsVocabularyExamples()" time="0.007">
    <error type="cz.cvut.kbss.jsonld.exception.UnknownPropertyException"><![CDATA[cz.cvut.kbss.jsonld.exception.UnknownPropertyException: No field matching property https://www.w3.org/ns/activitystreams#height was found in class social.pantheon.activitystreams4j.extended.object.ImageDTO or its ancestors.
]]></error>
    <system-out><![CDATA[10:22:05.836 [main] INFO  social.pantheon.activitystreams4j.W3CTests - Testing "Example 79" (https://www.w3.org/TR/activitystreams-vocabulary/#ex77-jsonld)
{
  "@context" : "https://www.w3.org/ns/activitystreams",
  "summary" : "A simple note",
  "type" : "Note",
  "content" : "This is all there is.",
  "icon" : {
    "type" : "Image",
    "name" : "Note icon",
    "url" : "http://example.org/note.png",
    "width" : 16,
    "height" : 16
  }
}
]]></system-out>
  </testcase>
  <testcase name="Example 80 (ex78-jsonld)" classname="W3CActivityStreamsVocabularyExamples()" time="0.009">
    <failure type="java.lang.AssertionError"><![CDATA[java.lang.AssertionError
]]></failure>
    <system-out><![CDATA[10:22:05.843 [main] INFO  social.pantheon.activitystreams4j.W3CTests - Testing "Example 80" (https://www.w3.org/TR/activitystreams-vocabulary/#ex78-jsonld)
{
  "@context" : "https://www.w3.org/ns/activitystreams",
  "summary" : "A simple note",
  "type" : "Note",
  "content" : "A simple note",
  "icon" : [ {
    "type" : "Image",
    "summary" : "Note (16x16)",
    "url" : {
      "type" : "Link",
      "href" : "http://example.org/note1.png",
      "width" : 16,
      "height" : 16
    }
  }, {
    "type" : "Image",
    "summary" : "Note (32x32)",
    "url" : {
      "type" : "Link",
      "href" : "http://example.org/note2.png",
      "width" : 32,
      "height" : 32
    }
  } ]
}
]]></system-out>
  </testcase>
  <testcase name="Example 81 (ex80-jsonld)" classname="W3CActivityStreamsVocabularyExamples()" time="0.006"/>
  <testcase name="Example 82 (ex81-jsonld)" classname="W3CActivityStreamsVocabularyExamples()" time="0.007"/>
  <testcase name="Example 83 (ex83-jsonld)" classname="W3CActivityStreamsVocabularyExamples()" time="0.005">
    <failure type="java.lang.AssertionError"><![CDATA[java.lang.AssertionError
]]></failure>
    <system-out><![CDATA[10:22:05.867 [main] INFO  social.pantheon.activitystreams4j.W3CTests - Testing "Example 83" (https://www.w3.org/TR/activitystreams-vocabulary/#ex83-jsonld)
{
  "@context" : "https://www.w3.org/ns/activitystreams",
  "summary" : "A simple note",
  "type" : "Note",
  "content" : "This is all there is.",
  "inReplyTo" : {
    "summary" : "Previous note",
    "type" : "Note",
    "content" : "What else is there?"
  }
}
]]></system-out>
  </testcase>
  <testcase name="Example 84 (ex84-jsonld)" classname="W3CActivityStreamsVocabularyExamples()" time="0.01"/>
  <testcase name="Example 85 (ex101-jsonld)" classname="W3CActivityStreamsVocabularyExamples()" time="0.017"/>
  <testcase name="Example 86 (ex87-jsonld)" classname="W3CActivityStreamsVocabularyExamples()" time="0.024">
    <failure type="java.lang.AssertionError"><![CDATA[java.lang.AssertionError
]]></failure>
    <system-out><![CDATA[10:22:05.901 [main] INFO  social.pantheon.activitystreams4j.W3CTests - Testing "Example 86" (https://www.w3.org/TR/activitystreams-vocabulary/#ex87-jsonld)
{
  "@context" : "https://www.w3.org/ns/activitystreams",
  "summary" : "A collection",
  "type" : "Collection",
  "totalItems" : 3,
  "last" : "http://example.org/collection?page=1"
}
]]></system-out>
  </testcase>
  <testcase name="Example 87 (ex88-jsonld)" classname="W3CActivityStreamsVocabularyExamples()" time="0.013">
    <failure type="java.lang.AssertionError"><![CDATA[java.lang.AssertionError
]]></failure>
    <system-out><![CDATA[10:22:05.926 [main] INFO  social.pantheon.activitystreams4j.W3CTests - Testing "Example 87" (https://www.w3.org/TR/activitystreams-vocabulary/#ex88-jsonld)
{
  "@context" : "https://www.w3.org/ns/activitystreams",
  "summary" : "A collection",
  "type" : "Collection",
  "totalItems" : 5,
  "last" : {
    "type" : "Link",
    "summary" : "Last Page",
    "href" : "http://example.org/collection?page=1"
  }
}
]]></system-out>
  </testcase>
  <testcase name="Example 88 (ex89-jsonld)" classname="W3CActivityStreamsVocabularyExamples()" time="0.011">
    <failure type="java.lang.AssertionError"><![CDATA[java.lang.AssertionError
]]></failure>
    <system-out><![CDATA[10:22:05.942 [main] INFO  social.pantheon.activitystreams4j.W3CTests - Testing "Example 88" (https://www.w3.org/TR/activitystreams-vocabulary/#ex89-jsonld)
{
  "@context" : "https://www.w3.org/ns/activitystreams",
  "type" : "Person",
  "name" : "Sally",
  "location" : {
    "name" : "Over the Arabian Sea, east of Socotra Island Nature Sanctuary",
    "type" : "Place",
    "longitude" : 12.34,
    "latitude" : 56.78,
    "altitude" : 90,
    "units" : "m"
  }
}
]]></system-out>
  </testcase>
  <testcase name="Example 89 (ex91-jsonld)" classname="W3CActivityStreamsVocabularyExamples()" time="0.009">
    <failure type="java.lang.AssertionError"><![CDATA[java.lang.AssertionError
]]></failure>
    <system-out><![CDATA[10:22:05.955 [main] INFO  social.pantheon.activitystreams4j.W3CTests - Testing "Example 89" (https://www.w3.org/TR/activitystreams-vocabulary/#ex91-jsonld)
{
  "@context" : "https://www.w3.org/ns/activitystreams",
  "summary" : "Sally's notes",
  "type" : "Collection",
  "totalItems" : 2,
  "items" : [ {
    "type" : "Note",
    "name" : "Reminder for Going-Away Party"
  }, {
    "type" : "Note",
    "name" : "Meeting 2016-11-17"
  } ]
}
]]></system-out>
  </testcase>
  <testcase name="Example 90 (ex92-jsonld)" classname="W3CActivityStreamsVocabularyExamples()" time="0.008">
    <failure type="java.lang.AssertionError"><![CDATA[java.lang.AssertionError
]]></failure>
    <system-out><![CDATA[10:22:05.976 [main] INFO  social.pantheon.activitystreams4j.W3CTests - Testing "Example 90" (https://www.w3.org/TR/activitystreams-vocabulary/#ex92-jsonld)
{
  "@context" : "https://www.w3.org/ns/activitystreams",
  "summary" : "Sally's notes",
  "type" : "OrderedCollection",
  "totalItems" : 2,
  "orderedItems" : [ {
    "type" : "Note",
    "name" : "Meeting 2016-11-17"
  }, {
    "type" : "Note",
    "name" : "Reminder for Going-Away Party"
  } ]
}
]]></system-out>
  </testcase>
  <testcase name="Example 91 (ex93-jsonld)" classname="W3CActivityStreamsVocabularyExamples()" time="0.022"/>
  <testcase name="Example 92 (ex94-jsonld)" classname="W3CActivityStreamsVocabularyExamples()" time="0.007"/>
  <testcase name="Example 93 (ex94b-jsonld)" classname="W3CActivityStreamsVocabularyExamples()" time="0.007">
    <failure type="java.lang.AssertionError"><![CDATA[java.lang.AssertionError
]]></failure>
    <system-out><![CDATA[10:22:06.015 [main] INFO  social.pantheon.activitystreams4j.W3CTests - Testing "Example 93" (https://www.w3.org/TR/activitystreams-vocabulary/#ex94b-jsonld)
{
  "@context" : "https://www.w3.org/ns/activitystreams",
  "type" : "Question",
  "name" : "What is the answer?",
  "closed" : "2016-05-10T00:00:00Z"
}
]]></system-out>
  </testcase>
  <testcase name="Example 94 (ex166-jsonld)" classname="W3CActivityStreamsVocabularyExamples()" time="0.01"/>
  <testcase name="Example 95 (ex96-jsonld)" classname="W3CActivityStreamsVocabularyExamples()" time="0.007"/>
  <testcase name="Example 96 (ex97-jsonld)" classname="W3CActivityStreamsVocabularyExamples()" time="0.007">
    <failure type="java.lang.AssertionError"><![CDATA[java.lang.AssertionError
]]></failure>
    <system-out><![CDATA[10:22:06.039 [main] INFO  social.pantheon.activitystreams4j.W3CTests - Testing "Example 96" (https://www.w3.org/TR/activitystreams-vocabulary/#ex97-jsonld)
{
  "@context" : "https://www.w3.org/ns/activitystreams",
  "summary" : "Page 2 of Sally's blog posts",
  "type" : "CollectionPage",
  "next" : {
    "type" : "Link",
    "name" : "Next Page",
    "href" : "http://example.org/collection?page=2"
  },
  "items" : [ "http://example.org/posts/1", "http://example.org/posts/2", "http://example.org/posts/3" ]
}
]]></system-out>
  </testcase>
  <testcase name="Example 97 (ex98-jsonld)" classname="W3CActivityStreamsVocabularyExamples()" time="0.007"/>
  <testcase name="Example 98 (ex99-jsonld)" classname="W3CActivityStreamsVocabularyExamples()" time="0.008"/>
  <testcase name="Example 99 (ex100-jsonld)" classname="W3CActivityStreamsVocabularyExamples()" time="0.023"/>
  <testcase name="Example 100 (ex104-jsonld)" classname="W3CActivityStreamsVocabularyExamples()" time="0.01"/>
  <testcase name="Example 101 (ex105-jsonld)" classname="W3CActivityStreamsVocabularyExamples()" time="0.008">
    <failure type="java.lang.AssertionError"><![CDATA[java.lang.AssertionError
]]></failure>
    <system-out><![CDATA[10:22:06.097 [main] INFO  social.pantheon.activitystreams4j.W3CTests - Testing "Example 101" (https://www.w3.org/TR/activitystreams-vocabulary/#ex105-jsonld)
{
  "@context" : "https://www.w3.org/ns/activitystreams",
  "summary" : "Page 1 of Sally's blog posts",
  "type" : "CollectionPage",
  "prev" : {
    "type" : "Link",
    "name" : "Previous Page",
    "href" : "http://example.org/collection?page=1"
  },
  "items" : [ "http://example.org/posts/1", "http://example.org/posts/2", "http://example.org/posts/3" ]
}
]]></system-out>
  </testcase>
  <testcase name="Example 102 (ex106-jsonld)" classname="W3CActivityStreamsVocabularyExamples()" time="0.009">
    <failure type="java.lang.AssertionError"><![CDATA[java.lang.AssertionError
]]></failure>
    <system-out><![CDATA[10:22:06.107 [main] INFO  social.pantheon.activitystreams4j.W3CTests - Testing "Example 102" (https://www.w3.org/TR/activitystreams-vocabulary/#ex106-jsonld)
{
  "@context" : "https://www.w3.org/ns/activitystreams",
  "type" : "Video",
  "name" : "Cool New Movie",
  "duration" : "PT2H30M",
  "preview" : {
    "type" : "Video",
    "name" : "Trailer",
    "duration" : "PT1M",
    "url" : {
      "href" : "http://example.org/trailer.mkv",
      "mediaType" : "video/mkv"
    }
  }
}
]]></system-out>
  </testcase>
  <testcase name="Example 103 (ex108-jsonld)" classname="W3CActivityStreamsVocabularyExamples()" time="0.007">
    <error type="cz.cvut.kbss.jsonld.exception.TargetTypeException"><![CDATA[cz.cvut.kbss.jsonld.exception.TargetTypeException: Neither class java.lang.Object nor any of its subclasses matches the types [http://www.types.example/flightstatus].
]]></error>
    <system-out><![CDATA[10:22:06.117 [main] INFO  social.pantheon.activitystreams4j.W3CTests - Testing "Example 103" (https://www.w3.org/TR/activitystreams-vocabulary/#ex108-jsonld)
{
  "@context" : "https://www.w3.org/ns/activitystreams",
  "summary" : "Sally checked that her flight was on time",
  "type" : [ "Activity", "http://www.verbs.example/Check" ],
  "actor" : "http://sally.example.org",
  "object" : "http://example.org/flights/1",
  "result" : {
    "type" : "http://www.types.example/flightstatus",
    "name" : "On Time"
  }
}
]]></system-out>
  </testcase>
  <testcase name="Example 104 (ex112-jsonld)" classname="W3CActivityStreamsVocabularyExamples()" time="0.009">
    <failure type="java.lang.AssertionError"><![CDATA[java.lang.AssertionError
]]></failure>
    <system-out><![CDATA[10:22:06.126 [main] INFO  social.pantheon.activitystreams4j.W3CTests - Testing "Example 104" (https://www.w3.org/TR/activitystreams-vocabulary/#ex112-jsonld)
{
  "@context" : "https://www.w3.org/ns/activitystreams",
  "summary" : "A simple note",
  "type" : "Note",
  "id" : "http://www.test.example/notes/1",
  "content" : "I am fine.",
  "replies" : {
    "type" : "Collection",
    "totalItems" : 1,
    "items" : [ {
      "summary" : "A response to the note",
      "type" : "Note",
      "content" : "I am glad to hear it.",
      "inReplyTo" : "http://www.test.example/notes/1"
    } ]
  }
}
]]></system-out>
  </testcase>
  <testcase name="Example 105 (ex118-jsonld)" classname="W3CActivityStreamsVocabularyExamples()" time="0.007"/>
  <testcase name="Example 106 (ex120-jsonld)" classname="W3CActivityStreamsVocabularyExamples()" time="0.008"/>
  <testcase name="Example 107 (ex121-jsonld)" classname="W3CActivityStreamsVocabularyExamples()" time="0.011"/>
  <testcase name="Example 108 (ex123-jsonld)" classname="W3CActivityStreamsVocabularyExamples()" time="0.007"/>
  <testcase name="Example 109 (ex124-jsonld)" classname="W3CActivityStreamsVocabularyExamples()" time="0.01"/>
  <testcase name="Example 110 (ex125-jsonld)" classname="W3CActivityStreamsVocabularyExamples()" time="0.01"/>
  <testcase name="Example 111 (ex126-jsonld)" classname="W3CActivityStreamsVocabularyExamples()" time="0.012"/>
  <testcase name="Example 112 (ex127-jsonld)" classname="W3CActivityStreamsVocabularyExamples()" time="0.015">
    <failure type="java.lang.AssertionError"><![CDATA[java.lang.AssertionError
]]></failure>
    <system-out><![CDATA[10:22:06.208 [main] INFO  social.pantheon.activitystreams4j.W3CTests - Testing "Example 112" (https://www.w3.org/TR/activitystreams-vocabulary/#ex127-jsonld)
{
  "@context" : "https://www.w3.org/ns/activitystreams",
  "name" : "Liu Gu Lu Cun, Pingdu, Qingdao, Shandong, China",
  "type" : "Place",
  "latitude" : 36.75,
  "longitude" : 119.7667,
  "accuracy" : 94.5
}
]]></system-out>
  </testcase>
  <testcase name="Example 113 (ex129-jsonld)" classname="W3CActivityStreamsVocabularyExamples()" time="0.031">
    <failure type="java.lang.AssertionError"><![CDATA[java.lang.AssertionError
]]></failure>
    <system-out><![CDATA[10:22:06.223 [main] INFO  social.pantheon.activitystreams4j.W3CTests - Testing "Example 113" (https://www.w3.org/TR/activitystreams-vocabulary/#ex129-jsonld)
{
  "@context" : "https://www.w3.org/ns/activitystreams",
  "type" : "Place",
  "name" : "Fresno Area",
  "altitude" : 15.0,
  "latitude" : 36.75,
  "longitude" : 119.7667,
  "units" : "miles"
}
]]></system-out>
  </testcase>
  <testcase name="Example 114 (ex130-jsonld)" classname="W3CActivityStreamsVocabularyExamples()" time="0.019"/>
  <testcase name="Example 115 (ex131-jsonld)" classname="W3CActivityStreamsVocabularyExamples()" time="0.009">
    <error type="cz.cvut.kbss.jsonld.exception.JsonLdDeserializationException"><![CDATA[cz.cvut.kbss.jsonld.exception.JsonLdDeserializationException: Encountered multiple values of property https://www.w3.org/ns/activitystreams#content, which is mapped to a singular attribute java.lang.String social.pantheon.activitystreams4j.core.ObjectDTO.content
]]></error>
    <system-out><![CDATA[10:22:06.275 [main] INFO  social.pantheon.activitystreams4j.W3CTests - Testing "Example 115" (https://www.w3.org/TR/activitystreams-vocabulary/#ex131-jsonld)
{
  "@context" : "https://www.w3.org/ns/activitystreams",
  "summary" : "A simple note",
  "type" : "Note",
  "contentMap" : {
    "en" : "A <em>simple</em> note",
    "es" : "Una nota <em>sencilla</em>",
    "zh-Hans" : "??<em>???</em>??"
  }
}
]]></system-out>
  </testcase>
  <testcase name="Example 116 (ex130b-jsonld)" classname="W3CActivityStreamsVocabularyExamples()" time="0.006"/>
  <testcase name="Example 117 (ex132-jsonld)" classname="W3CActivityStreamsVocabularyExamples()" time="0.006"/>
  <testcase name="Example 118 (ex133-jsonld)" classname="W3CActivityStreamsVocabularyExamples()" time="0.01">
    <error type="cz.cvut.kbss.jsonld.exception.JsonLdDeserializationException"><![CDATA[cz.cvut.kbss.jsonld.exception.JsonLdDeserializationException: Encountered multiple values of property https://www.w3.org/ns/activitystreams#name, which is mapped to a singular attribute java.lang.String social.pantheon.activitystreams4j.core.ObjectDTO.name
]]></error>
    <system-out><![CDATA[10:22:06.305 [main] INFO  social.pantheon.activitystreams4j.W3CTests - Testing "Example 118" (https://www.w3.org/TR/activitystreams-vocabulary/#ex133-jsonld)
{
  "@context" : "https://www.w3.org/ns/activitystreams",
  "type" : "Note",
  "nameMap" : {
    "en" : "A simple note",
    "es" : "Una nota sencilla",
    "zh-Hans" : "???????"
  }
}
]]></system-out>
  </testcase>
  <testcase name="Example 119 (ex134-jsonld)" classname="W3CActivityStreamsVocabularyExamples()" time="0.006">
    <failure type="java.lang.AssertionError"><![CDATA[java.lang.AssertionError
]]></failure>
    <system-out><![CDATA[10:22:06.314 [main] INFO  social.pantheon.activitystreams4j.W3CTests - Testing "Example 119" (https://www.w3.org/TR/activitystreams-vocabulary/#ex134-jsonld)
{
  "@context" : "https://www.w3.org/ns/activitystreams",
  "type" : "Video",
  "name" : "Birds Flying",
  "url" : "http://example.org/video.mkv",
  "duration" : "PT2H"
}
]]></system-out>
  </testcase>
  <testcase name="Example 120 (ex136-jsonld)" classname="W3CActivityStreamsVocabularyExamples()" time="0.006">
    <failure type="java.lang.AssertionError"><![CDATA[java.lang.AssertionError
]]></failure>
    <system-out><![CDATA[10:22:06.321 [main] INFO  social.pantheon.activitystreams4j.W3CTests - Testing "Example 120" (https://www.w3.org/TR/activitystreams-vocabulary/#ex136-jsonld)
{
  "@context" : "https://www.w3.org/ns/activitystreams",
  "type" : "Link",
  "href" : "http://example.org/image.png",
  "height" : 100,
  "width" : 100
}
]]></system-out>
  </testcase>
  <testcase name="Example 121 (ex137-jsonld)" classname="W3CActivityStreamsVocabularyExamples()" time="0.008"/>
  <testcase name="Example 122 (ex138-jsonld)" classname="W3CActivityStreamsVocabularyExamples()" time="0.009"/>
  <testcase name="Example 123 (ex139-jsonld)" classname="W3CActivityStreamsVocabularyExamples()" time="0.018"/>
  <testcase name="Example 124 (ex140-jsonld)" classname="W3CActivityStreamsVocabularyExamples()" time="0.006">
    <failure type="java.lang.AssertionError"><![CDATA[java.lang.AssertionError
]]></failure>
    <system-out><![CDATA[10:22:06.367 [main] INFO  social.pantheon.activitystreams4j.W3CTests - Testing "Example 124" (https://www.w3.org/TR/activitystreams-vocabulary/#ex140-jsonld)
{
  "@context" : "https://www.w3.org/ns/activitystreams",
  "type" : "Place",
  "name" : "Fresno Area",
  "latitude" : 36.75,
  "longitude" : 119.7667,
  "radius" : 15,
  "units" : "miles"
}
]]></system-out>
  </testcase>
  <testcase name="Example 125 (ex141-jsonld)" classname="W3CActivityStreamsVocabularyExamples()" time="0.009">
    <failure type="java.lang.AssertionError"><![CDATA[java.lang.AssertionError
]]></failure>
    <system-out><![CDATA[10:22:06.374 [main] INFO  social.pantheon.activitystreams4j.W3CTests - Testing "Example 125" (https://www.w3.org/TR/activitystreams-vocabulary/#ex141-jsonld)
{
  "@context" : "https://www.w3.org/ns/activitystreams",
  "type" : "Place",
  "name" : "Fresno Area",
  "latitude" : 36.75,
  "longitude" : 119.7667,
  "radius" : 15,
  "units" : "miles"
}
]]></system-out>
  </testcase>
  <testcase name="Example 126 (ex142-jsonld)" classname="W3CActivityStreamsVocabularyExamples()" time="0.006"/>
  <testcase name="Example 127 (ex144-jsonld)" classname="W3CActivityStreamsVocabularyExamples()" time="0.016">
    <failure type="java.lang.AssertionError"><![CDATA[java.lang.AssertionError
]]></failure>
    <system-out><![CDATA[10:22:06.392 [main] INFO  social.pantheon.activitystreams4j.W3CTests - Testing "Example 127" (https://www.w3.org/TR/activitystreams-vocabulary/#ex144-jsonld)
{
  "@context" : "https://www.w3.org/ns/activitystreams",
  "type" : "Event",
  "name" : "Going-Away Party for Jim",
  "startTime" : "2014-12-31T23:00:00-08:00",
  "endTime" : "2015-01-01T06:00:00-08:00"
}
]]></system-out>
  </testcase>
  <testcase name="Example 128 (ex145-jsonld)" classname="W3CActivityStreamsVocabularyExamples()" time="0.008">
    <failure type="java.lang.AssertionError"><![CDATA[java.lang.AssertionError
]]></failure>
    <system-out><![CDATA[10:22:06.414 [main] INFO  social.pantheon.activitystreams4j.W3CTests - Testing "Example 128" (https://www.w3.org/TR/activitystreams-vocabulary/#ex145-jsonld)
{
  "@context" : "https://www.w3.org/ns/activitystreams",
  "summary" : "A simple note",
  "type" : "Note",
  "content" : "Fish swim.",
  "published" : "2014-12-12T12:12:12Z"
}
]]></system-out>
  </testcase>
  <testcase name="Example 129 (ex146-jsonld)" classname="W3CActivityStreamsVocabularyExamples()" time="0.008">
    <failure type="java.lang.AssertionError"><![CDATA[java.lang.AssertionError
]]></failure>
    <system-out><![CDATA[10:22:06.422 [main] INFO  social.pantheon.activitystreams4j.W3CTests - Testing "Example 129" (https://www.w3.org/TR/activitystreams-vocabulary/#ex146-jsonld)
{
  "@context" : "https://www.w3.org/ns/activitystreams",
  "type" : "Event",
  "name" : "Going-Away Party for Jim",
  "startTime" : "2014-12-31T23:00:00-08:00",
  "endTime" : "2015-01-01T06:00:00-08:00"
}
]]></system-out>
  </testcase>
  <testcase name="Example 130 (ex147-jsonld)" classname="W3CActivityStreamsVocabularyExamples()" time="0.006">
    <failure type="java.lang.AssertionError"><![CDATA[java.lang.AssertionError
]]></failure>
    <system-out><![CDATA[10:22:06.432 [main] INFO  social.pantheon.activitystreams4j.W3CTests - Testing "Example 130" (https://www.w3.org/TR/activitystreams-vocabulary/#ex147-jsonld)
{
  "@context" : "https://www.w3.org/ns/activitystreams",
  "type" : "Place",
  "name" : "Fresno Area",
  "latitude" : 36.75,
  "longitude" : 119.7667,
  "radius" : 15,
  "units" : "miles"
}
]]></system-out>
  </testcase>
  <testcase name="Example 131 (ex149-jsonld)" classname="W3CActivityStreamsVocabularyExamples()" time="0.009"/>
  <testcase name="Example 132 (ex150-jsonld)" classname="W3CActivityStreamsVocabularyExamples()" time="0.039">
    <failure type="java.lang.AssertionError"><![CDATA[java.lang.AssertionError
]]></failure>
    <system-out><![CDATA[10:22:06.448 [main] INFO  social.pantheon.activitystreams4j.W3CTests - Testing "Example 132" (https://www.w3.org/TR/activitystreams-vocabulary/#ex150-jsonld)
{
  "@context" : "https://www.w3.org/ns/activitystreams",
  "summary" : "Page 1 of Sally's notes",
  "type" : "OrderedCollectionPage",
  "startIndex" : 0,
  "orderedItems" : [ {
    "type" : "Note",
    "name" : "Density of Water"
  }, {
    "type" : "Note",
    "name" : "Air Mattress Idea"
  } ]
}
]]></system-out>
  </testcase>
  <testcase name="Example 133 (ex152-jsonld)" classname="W3CActivityStreamsVocabularyExamples()" time="0.019"/>
  <testcase name="Example 134 (ex153-jsonld)" classname="W3CActivityStreamsVocabularyExamples()" time="0.048">
    <error type="cz.cvut.kbss.jsonld.exception.JsonLdDeserializationException"><![CDATA[cz.cvut.kbss.jsonld.exception.JsonLdDeserializationException: Encountered multiple values of property https://www.w3.org/ns/activitystreams#summary, which is mapped to a singular attribute java.lang.String social.pantheon.activitystreams4j.core.ObjectDTO.summary
]]></error>
    <system-out><![CDATA[10:22:06.510 [main] INFO  social.pantheon.activitystreams4j.W3CTests - Testing "Example 134" (https://www.w3.org/TR/activitystreams-vocabulary/#ex153-jsonld)
{
  "@context" : "https://www.w3.org/ns/activitystreams",
  "name" : "Cane Sugar Processing",
  "type" : "Note",
  "summaryMap" : {
    "en" : "A simple <em>note</em>",
    "es" : "Una <em>nota</em> sencilla",
    "zh-Hans" : "??<em>???</em>??"
  }
}
]]></system-out>
  </testcase>
  <testcase name="Example 135 (ex156-jsonld)" classname="W3CActivityStreamsVocabularyExamples()" time="0.029">
    <failure type="java.lang.AssertionError"><![CDATA[java.lang.AssertionError
]]></failure>
    <system-out><![CDATA[10:22:06.563 [main] INFO  social.pantheon.activitystreams4j.W3CTests - Testing "Example 135" (https://www.w3.org/TR/activitystreams-vocabulary/#ex156-jsonld)
{
  "@context" : "https://www.w3.org/ns/activitystreams",
  "summary" : "Sally's notes",
  "type" : "Collection",
  "totalItems" : 2,
  "items" : [ {
    "type" : "Note",
    "name" : "Which Staircase Should I Use"
  }, {
    "type" : "Note",
    "name" : "Something to Remember"
  } ]
}
]]></system-out>
  </testcase>
  <testcase name="Example 136 (ex157-jsonld)" classname="W3CActivityStreamsVocabularyExamples()" time="0.032">
    <failure type="java.lang.AssertionError"><![CDATA[java.lang.AssertionError
]]></failure>
    <system-out><![CDATA[10:22:06.601 [main] INFO  social.pantheon.activitystreams4j.W3CTests - Testing "Example 136" (https://www.w3.org/TR/activitystreams-vocabulary/#ex157-jsonld)
{
  "@context" : "https://www.w3.org/ns/activitystreams",
  "type" : "Place",
  "name" : "Fresno Area",
  "latitude" : 36.75,
  "longitude" : 119.7667,
  "radius" : 15,
  "units" : "miles"
}
]]></system-out>
  </testcase>
  <testcase name="Example 137 (ex158-jsonld)" classname="W3CActivityStreamsVocabularyExamples()" time="0.034">
    <failure type="java.lang.AssertionError"><![CDATA[java.lang.AssertionError
]]></failure>
    <system-out><![CDATA[10:22:06.634 [main] INFO  social.pantheon.activitystreams4j.W3CTests - Testing "Example 137" (https://www.w3.org/TR/activitystreams-vocabulary/#ex158-jsonld)
{
  "@context" : "https://www.w3.org/ns/activitystreams",
  "name" : "Cranberry Sauce Idea",
  "type" : "Note",
  "content" : "Mush it up so it does not have the same shape as the can.",
  "updated" : "2014-12-12T12:12:12Z"
}
]]></system-out>
  </testcase>
  <testcase name="Example 138 (ex159-jsonld)" classname="W3CActivityStreamsVocabularyExamples()" time="0.02">
    <failure type="java.lang.AssertionError"><![CDATA[java.lang.AssertionError
]]></failure>
    <system-out><![CDATA[10:22:06.675 [main] INFO  social.pantheon.activitystreams4j.W3CTests - Testing "Example 138" (https://www.w3.org/TR/activitystreams-vocabulary/#ex159-jsonld)
{
  "@context" : "https://www.w3.org/ns/activitystreams",
  "type" : "Link",
  "href" : "http://example.org/image.png",
  "height" : 100,
  "width" : 100
}
]]></system-out>
  </testcase>
  <testcase name="Example 139 (ex22a-jsonld)" classname="W3CActivityStreamsVocabularyExamples()" time="0.016">
    <failure type="java.lang.AssertionError"><![CDATA[java.lang.AssertionError
]]></failure>
    <system-out><![CDATA[10:22:06.693 [main] INFO  social.pantheon.activitystreams4j.W3CTests - Testing "Example 139" (https://www.w3.org/TR/activitystreams-vocabulary/#ex22a-jsonld)
{
  "@context" : "https://www.w3.org/ns/activitystreams",
  "summary" : "Sally is an acquaintance of John's",
  "type" : "Relationship",
  "subject" : {
    "type" : "Person",
    "name" : "Sally"
  },
  "relationship" : "http://purl.org/vocab/relationship/acquaintanceOf",
  "object" : {
    "type" : "Person",
    "name" : "John"
  }
}
]]></system-out>
  </testcase>
  <testcase name="Example 140 (ex22c-jsonld)" classname="W3CActivityStreamsVocabularyExamples()" time="0.013">
    <failure type="java.lang.AssertionError"><![CDATA[java.lang.AssertionError
]]></failure>
    <system-out><![CDATA[10:22:06.714 [main] INFO  social.pantheon.activitystreams4j.W3CTests - Testing "Example 140" (https://www.w3.org/TR/activitystreams-vocabulary/#ex22c-jsonld)
{
  "@context" : "https://www.w3.org/ns/activitystreams",
  "summary" : "Sally is an acquaintance of John's",
  "type" : "Relationship",
  "subject" : {
    "type" : "Person",
    "name" : "Sally"
  },
  "relationship" : "http://purl.org/vocab/relationship/acquaintanceOf",
  "object" : {
    "type" : "Person",
    "name" : "John"
  }
}
]]></system-out>
  </testcase>
  <testcase name="Example 141 (ex185-jsonld)" classname="W3CActivityStreamsVocabularyExamples()" time="0.007">
    <failure type="java.lang.AssertionError"><![CDATA[java.lang.AssertionError
]]></failure>
    <system-out><![CDATA[10:22:06.724 [main] INFO  social.pantheon.activitystreams4j.W3CTests - Testing "Example 141" (https://www.w3.org/TR/activitystreams-vocabulary/#ex185-jsonld)
{
  "@context" : "https://www.w3.org/ns/activitystreams",
  "summary" : "Sally's profile",
  "type" : "Profile",
  "describes" : {
    "type" : "Person",
    "name" : "Sally"
  },
  "url" : "http://sally.example.org"
}
]]></system-out>
  </testcase>
  <testcase name="Example 142 (ex185b-jsonld)" classname="W3CActivityStreamsVocabularyExamples()" time="0.007"/>
  <testcase name="Example 143 (ex185c-jsonld)" classname="W3CActivityStreamsVocabularyExamples()" time="0.007">
    <failure type="java.lang.AssertionError"><![CDATA[java.lang.AssertionError
]]></failure>
    <system-out><![CDATA[10:22:06.740 [main] INFO  social.pantheon.activitystreams4j.W3CTests - Testing "Example 143" (https://www.w3.org/TR/activitystreams-vocabulary/#ex185c-jsonld)
{
  "@context" : "https://www.w3.org/ns/activitystreams",
  "summary" : "This image has been deleted",
  "type" : "Tombstone",
  "deleted" : "2016-05-03T00:00:00Z"
}
]]></system-out>
  </testcase>
  <testcase name="Example 144 (ex194-jsonld)" classname="W3CActivityStreamsVocabularyExamples()" time="0.007">
    <failure type="java.lang.AssertionError"><![CDATA[java.lang.AssertionError
]]></failure>
    <system-out><![CDATA[10:22:06.750 [main] INFO  social.pantheon.activitystreams4j.W3CTests - Testing "Example 144" (https://www.w3.org/TR/activitystreams-vocabulary/#ex194-jsonld)
{
  "@context" : "https://www.w3.org/ns/activitystreams",
  "summary" : "Activities in Project XYZ",
  "type" : "Collection",
  "items" : [ {
    "summary" : "Sally created a note",
    "type" : "Create",
    "id" : "http://activities.example.com/1",
    "actor" : "http://sally.example.org",
    "object" : {
      "summary" : "A note",
      "type" : "Note",
      "id" : "http://notes.example.com/1",
      "content" : "A note"
    },
    "context" : {
      "type" : "http://example.org/Project",
      "name" : "Project XYZ"
    },
    "audience" : {
      "type" : "Group",
      "name" : "Project XYZ Working Group"
    },
    "to" : "http://john.example.org"
  }, {
    "summary" : "John liked Sally's note",
    "type" : "Like",
    "id" : "http://activities.example.com/1",
    "actor" : "http://john.example.org",
    "object" : "http://notes.example.com/1",
    "context" : {
      "type" : "http://example.org/Project",
      "name" : "Project XYZ"
    },
    "audience" : {
      "type" : "Group",
      "name" : "Project XYZ Working Group"
    },
    "to" : "http://sally.example.org"
  } ]
}
]]></system-out>
  </testcase>
  <testcase name="Example 145 (ex180-jsonld)" classname="W3CActivityStreamsVocabularyExamples()" time="0.011">
    <failure type="java.lang.AssertionError"><![CDATA[java.lang.AssertionError
]]></failure>
    <system-out><![CDATA[10:22:06.758 [main] INFO  social.pantheon.activitystreams4j.W3CTests - Testing "Example 145" (https://www.w3.org/TR/activitystreams-vocabulary/#ex180-jsonld)
{
  "@context" : "https://www.w3.org/ns/activitystreams",
  "summary" : "Sally's friends list",
  "type" : "Collection",
  "items" : [ {
    "summary" : "Sally is influenced by Joe",
    "type" : "Relationship",
    "subject" : {
      "type" : "Person",
      "name" : "Sally"
    },
    "relationship" : "http://purl.org/vocab/relationship/influencedBy",
    "object" : {
      "type" : "Person",
      "name" : "Joe"
    }
  }, {
    "summary" : "Sally is a friend of Jane",
    "type" : "Relationship",
    "subject" : {
      "type" : "Person",
      "name" : "Sally"
    },
    "relationship" : "http://purl.org/vocab/relationship/friendOf",
    "object" : {
      "type" : "Person",
      "name" : "Jane"
    }
  } ]
}
]]></system-out>
  </testcase>
  <testcase name="Example 146 (ex181-jsonldb)" classname="W3CActivityStreamsVocabularyExamples()" time="0.005">
    <failure type="java.lang.AssertionError"><![CDATA[java.lang.AssertionError
]]></failure>
    <system-out><![CDATA[10:22:06.770 [main] INFO  social.pantheon.activitystreams4j.W3CTests - Testing "Example 146" (https://www.w3.org/TR/activitystreams-vocabulary/#ex181-jsonldb)
{
  "@context" : "https://www.w3.org/ns/activitystreams",
  "summary" : "Sally became a friend of Matt",
  "type" : "Create",
  "actor" : "http://sally.example.org",
  "object" : {
    "type" : "Relationship",
    "subject" : "http://sally.example.org",
    "relationship" : "http://purl.org/vocab/relationship/friendOf",
    "object" : "http://matt.example.org",
    "startTime" : "2015-04-21T12:34:56"
  }
}
]]></system-out>
  </testcase>
  <testcase name="Example 147 (ex187-jsonld)" classname="W3CActivityStreamsVocabularyExamples()" time="0.006"/>
  <testcase name="Example 148 (ex188-jsonld)" classname="W3CActivityStreamsVocabularyExamples()" time="0.009"/>
  <testcase name="Example 149 (ex182-jsonldb)" classname="W3CActivityStreamsVocabularyExamples()" time="0.006"/>
  <testcase name="Example 150 (ex183-jsonld)" classname="W3CActivityStreamsVocabularyExamples()" time="0.004">
    <failure type="java.lang.AssertionError"><![CDATA[java.lang.AssertionError
]]></failure>
    <system-out><![CDATA[10:22:06.798 [main] INFO  social.pantheon.activitystreams4j.W3CTests - Testing "Example 150" (https://www.w3.org/TR/activitystreams-vocabulary/#ex183-jsonld)
{
  "@context" : "https://www.w3.org/ns/activitystreams",
  "type" : "Place",
  "name" : "San Francisco, CA",
  "longitude" : 122.4167,
  "latitude" : 37.7833
}
]]></system-out>
  </testcase>
  <testcase name="Example 151 (ex189-jsonld)" classname="W3CActivityStreamsVocabularyExamples()" time="0.004"/>
  <testcase name="Example 152 (ex190-jsonld)" classname="W3CActivityStreamsVocabularyExamples()" time="0.008">
    <error type="cz.cvut.kbss.jsonld.exception.TargetTypeException"><![CDATA[cz.cvut.kbss.jsonld.exception.TargetTypeException: Neither class java.lang.Object nor any of its subclasses matches the types [].
]]></error>
    <system-out><![CDATA[10:22:06.808 [main] INFO  social.pantheon.activitystreams4j.W3CTests - Testing "Example 152" (https://www.w3.org/TR/activitystreams-vocabulary/#ex190-jsonld)
{
  "@context" : "https://www.w3.org/ns/activitystreams",
  "id" : "http://polls.example.org/question/1",
  "name" : "A question about robots",
  "type" : "Question",
  "content" : "I'd like to build a robot to feed my cat. Which platform is best?",
  "oneOf" : [ {
    "name" : "arduino"
  }, {
    "name" : "raspberry pi"
  } ]
}
]]></system-out>
  </testcase>
  <testcase name="Example 153 (ex191-jsonld)" classname="W3CActivityStreamsVocabularyExamples()" time="0.005">
    <error type="cz.cvut.kbss.jsonld.exception.TargetTypeException"><![CDATA[cz.cvut.kbss.jsonld.exception.TargetTypeException: Neither class social.pantheon.activitystreams4j.core.ObjectDTO nor any of its subclasses matches the types [].
]]></error>
    <system-out><![CDATA[10:22:06.817 [main] INFO  social.pantheon.activitystreams4j.W3CTests - Testing "Example 153" (https://www.w3.org/TR/activitystreams-vocabulary/#ex191-jsonld)
{
  "@context" : "https://www.w3.org/ns/activitystreams",
  "attributedTo" : "http://sally.example.org",
  "inReplyTo" : "http://polls.example.org/question/1",
  "name" : "arduino"
}
]]></system-out>
  </testcase>
  <testcase name="Example 154 (ex192-jsonld)" classname="W3CActivityStreamsVocabularyExamples()" time="0.007">
    <error type="cz.cvut.kbss.jsonld.exception.TargetTypeException"><![CDATA[cz.cvut.kbss.jsonld.exception.TargetTypeException: Neither class java.lang.Object nor any of its subclasses matches the types [].
]]></error>
    <system-out><![CDATA[10:22:06.822 [main] INFO  social.pantheon.activitystreams4j.W3CTests - Testing "Example 154" (https://www.w3.org/TR/activitystreams-vocabulary/#ex192-jsonld)
{
  "@context" : "https://www.w3.org/ns/activitystreams",
  "name" : "A question about robots",
  "id" : "http://polls.example.org/question/1",
  "type" : "Question",
  "content" : "I'd like to build a robot to feed my cat. Which platform is best?",
  "oneOf" : [ {
    "name" : "arduino"
  }, {
    "name" : "raspberry pi"
  } ],
  "replies" : {
    "type" : "Collection",
    "totalItems" : 3,
    "items" : [ {
      "attributedTo" : "http://sally.example.org",
      "inReplyTo" : "http://polls.example.org/question/1",
      "name" : "arduino"
    }, {
      "attributedTo" : "http://joe.example.org",
      "inReplyTo" : "http://polls.example.org/question/1",
      "name" : "arduino"
    }, {
      "attributedTo" : "http://john.example.org",
      "inReplyTo" : "http://polls.example.org/question/1",
      "name" : "raspberry pi"
    } ]
  },
  "result" : {
    "type" : "Note",
    "content" : "Users are favoriting &quot;arduino&quot; by a 33% margin."
  }
}
]]></system-out>
  </testcase>
  <testcase name="Example 155 (ex193-jsonld)" classname="W3CActivityStreamsVocabularyExamples()" time="0.005">
    <failure type="java.lang.AssertionError"><![CDATA[java.lang.AssertionError
]]></failure>
    <system-out><![CDATA[10:22:06.830 [main] INFO  social.pantheon.activitystreams4j.W3CTests - Testing "Example 155" (https://www.w3.org/TR/activitystreams-vocabulary/#ex193-jsonld)
{
  "@context" : "https://www.w3.org/ns/activitystreams",
  "summary" : "History of John's note",
  "type" : "Collection",
  "items" : [ {
    "summary" : "Sally liked John's note",
    "type" : "Like",
    "actor" : "http://sally.example.org",
    "id" : "http://activities.example.com/1",
    "published" : "2015-11-12T12:34:56Z",
    "object" : {
      "summary" : "John's note",
      "type" : "Note",
      "id" : "http://notes.example.com/1",
      "attributedTo" : "http://john.example.org",
      "content" : "My note"
    }
  }, {
    "summary" : "Sally disliked John's note",
    "type" : "Dislike",
    "actor" : "http://sally.example.org",
    "id" : "http://activities.example.com/2",
    "published" : "2015-12-11T21:43:56Z",
    "object" : {
      "summary" : "John's note",
      "type" : "Note",
      "id" : "http://notes.example.com/1",
      "attributedTo" : "http://john.example.org",
      "content" : "My note"
    }
  } ]
}
]]></system-out>
  </testcase>
  <testcase name="Example 156 (ex193b-jsonld)" classname="W3CActivityStreamsVocabularyExamples()" time="0.011">
    <failure type="java.lang.AssertionError"><![CDATA[java.lang.AssertionError
]]></failure>
    <system-out><![CDATA[10:22:06.837 [main] INFO  social.pantheon.activitystreams4j.W3CTests - Testing "Example 156" (https://www.w3.org/TR/activitystreams-vocabulary/#ex193b-jsonld)
{
  "@context" : "https://www.w3.org/ns/activitystreams",
  "summary" : "History of John's note",
  "type" : "Collection",
  "items" : [ {
    "summary" : "Sally liked John's note",
    "type" : "Like",
    "id" : "http://activities.example.com/1",
    "actor" : "http://sally.example.org",
    "published" : "2015-11-12T12:34:56Z",
    "object" : {
      "summary" : "John's note",
      "type" : "Note",
      "id" : "http://notes.example.com/1",
      "attributedTo" : "http://john.example.org",
      "content" : "My note"
    }
  }, {
    "summary" : "Sally no longer likes John's note",
    "type" : "Undo",
    "id" : "http://activities.example.com/2",
    "actor" : "http://sally.example.org",
    "published" : "2015-12-11T21:43:56Z",
    "object" : "http://activities.example.com/1"
  } ]
}
]]></system-out>
  </testcase>
  <testcase name="Example 157 (ex196-jsonld)" classname="W3CActivityStreamsVocabularyExamples()" time="0">
    <error type="com.fasterxml.jackson.core.JsonParseException"><![CDATA[com.fasterxml.jackson.core.JsonParseException:
Illegal unquoted character ((CTRL-CHAR, code 10)): has to be escaped using backslash to be included in string value
 at [Source: (String)"{
  "@context": "https://www.w3.org/ns/activitystreams",
  "name": "A thank-you note",
  "type": "Note",
  "content": "Thank you <a href='http://sally.example.org'>@sally</a>
      for all your hard work!
      <a href='http://example.org/tags/givingthanks'>#givingthanks</a>",
  "to": {
    "name": "Sally",
    "type": "Person",
    "id": "http://sally.example.org"
  },
  "tag": {
    "id": "http://example.org/tags/givingthanks",
    "name": "#givingthanks"
  }
}"; line: 5, column: 71]
]]></error>
  </testcase>
  <testcase name="Example 158 (ex197-jsonld)" classname="W3CActivityStreamsVocabularyExamples()" time="0.006">
    <error type="cz.cvut.kbss.jsonld.exception.TargetTypeException"><![CDATA[cz.cvut.kbss.jsonld.exception.TargetTypeException: Neither class java.lang.Object nor any of its subclasses matches the types [].
]]></error>
    <system-out><![CDATA[10:22:06.851 [main] INFO  social.pantheon.activitystreams4j.W3CTests - Testing "Example 158" (https://www.w3.org/TR/activitystreams-vocabulary/#ex197-jsonld)
{
  "@context" : "https://www.w3.org/ns/activitystreams",
  "name" : "A thank-you note",
  "type" : "Note",
  "content" : "Thank you @sally for all your hard work! #givingthanks",
  "tag" : [ {
    "type" : "Mention",
    "href" : "http://example.org/people/sally",
    "name" : "@sally"
  }, {
    "id" : "http://example.org/tags/givingthanks",
    "name" : "#givingthanks"
  } ]
}
]]></system-out>
  </testcase>
  <testcase name="Example 159 (ex198-jsonld)" classname="W3CActivityStreamsVocabularyExamples()" time="0.016"/>
  <testcase name="Example 1 (ex1-context)" classname="W3CActivityStreamsCoreExamples()" time="0.027"/>
  <testcase name="Example 2 (ex2-context)" classname="W3CActivityStreamsCoreExamples()" time="0.014">
    <error type="cz.cvut.kbss.jsonld.exception.TargetTypeException"><![CDATA[cz.cvut.kbss.jsonld.exception.TargetTypeException: Neither class social.pantheon.activitystreams4j.core.ObjectDTO nor any of its subclasses matches the types [].
]]></error>
    <system-out><![CDATA[10:22:07.516 [main] INFO  social.pantheon.activitystreams4j.W3CTests - Testing "Example 2" (https://www.w3.org/TR/activitystreams-core/#ex2-context)
{
  "@context" : {
    "@vocab" : "https://www.w3.org/ns/activitystreams",
    "ext" : "https://canine-extension.example/terms/",
    "@language" : "en"
  },
  "summary" : "A note",
  "type" : "Note",
  "content" : "My dog has fleas.",
  "ext:nose" : 0,
  "ext:smell" : "terrible"
}
]]></system-out>
  </testcase>
  <testcase name="Example 3 (ex3-context)" classname="W3CActivityStreamsCoreExamples()" time="0.009">
    <error type="cz.cvut.kbss.jsonld.exception.UnknownPropertyException"><![CDATA[cz.cvut.kbss.jsonld.exception.UnknownPropertyException: No field matching property http://www.w3.org/ns/oa#styledBy was found in class social.pantheon.activitystreams4j.extended.object.NoteDTO or its ancestors.
]]></error>
    <system-out><![CDATA[10:22:07.532 [main] INFO  social.pantheon.activitystreams4j.W3CTests - Testing "Example 3" (https://www.w3.org/TR/activitystreams-core/#ex3-context)
{
  "@context" : [ "https://www.w3.org/ns/activitystreams", {
    "css" : "http://www.w3.org/ns/oa#styledBy"
  } ],
  "summary" : "A note",
  "type" : "Note",
  "content" : "My dog has fleas.",
  "css" : "http://www.csszengarden.com/217/217.css?v=8may2013"
}
]]></system-out>
  </testcase>
  <testcase name="Example 4 (ex1-jsonld)" classname="W3CActivityStreamsCoreExamples()" time="0.015"/>
  <testcase name="Example 5 (ex2-jsonld)" classname="W3CActivityStreamsCoreExamples()" time="0.014">
    <failure type="java.lang.AssertionError"><![CDATA[java.lang.AssertionError
]]></failure>
    <system-out><![CDATA[10:22:07.557 [main] INFO  social.pantheon.activitystreams4j.W3CTests - Testing "Example 5" (https://www.w3.org/TR/activitystreams-core/#ex2-jsonld)
{
  "@context" : "https://www.w3.org/ns/activitystreams",
  "summary" : "Martin added an article to his blog",
  "type" : "Add",
  "published" : "2015-02-10T15:04:55Z",
  "actor" : {
    "type" : "Person",
    "id" : "http://www.test.example/martin",
    "name" : "Martin Smith",
    "url" : "http://example.org/martin",
    "image" : {
      "type" : "Link",
      "href" : "http://example.org/martin/image.jpg",
      "mediaType" : "image/jpeg"
    }
  },
  "object" : {
    "id" : "http://www.test.example/blog/abc123/xyz",
    "type" : "Article",
    "url" : "http://example.org/blog/2011/02/entry",
    "name" : "Why I love Activity Streams"
  },
  "target" : {
    "id" : "http://example.org/blog/",
    "type" : "OrderedCollection",
    "name" : "Martin's Blog"
  }
}
]]></system-out>
  </testcase>
  <testcase name="Example 6 (ex3-jsonld)" classname="W3CActivityStreamsCoreExamples()" time="0.01">
    <failure type="java.lang.AssertionError"><![CDATA[java.lang.AssertionError
]]></failure>
    <system-out><![CDATA[10:22:07.572 [main] INFO  social.pantheon.activitystreams4j.W3CTests - Testing "Example 6" (https://www.w3.org/TR/activitystreams-core/#ex3-jsonld)
{
  "@context" : "https://www.w3.org/ns/activitystreams",
  "summary" : "Martin's recent activities",
  "type" : "Collection",
  "totalItems" : 1,
  "items" : [ {
    "type" : "Add",
    "published" : "2011-02-10T15:04:55Z",
    "generator" : "http://example.org/activities-app",
    "nameMap" : {
      "en" : "Martin added a new image to his album.",
      "ga" : "Martin phost le fisean nua a albam."
    },
    "actor" : {
      "type" : "Person",
      "id" : "http://www.test.example/martin",
      "name" : "Martin Smith",
      "url" : "http://example.org/martin",
      "image" : {
        "type" : "Link",
        "href" : "http://example.org/martin/image",
        "mediaType" : "image/jpeg",
        "width" : 250,
        "height" : 250
      }
    },
    "object" : {
      "name" : "My fluffy cat",
      "type" : "Image",
      "id" : "http://example.org/album/máiréad.jpg",
      "preview" : {
        "type" : "Link",
        "href" : "http://example.org/album/máiréad.jpg",
        "mediaType" : "image/jpeg"
      },
      "url" : [ {
        "type" : "Link",
        "href" : "http://example.org/album/máiréad.jpg",
        "mediaType" : "image/jpeg"
      }, {
        "type" : "Link",
        "href" : "http://example.org/album/máiréad.png",
        "mediaType" : "image/png"
      } ]
    },
    "target" : {
      "type" : "Collection",
      "id" : "http://example.org/album/",
      "nameMap" : {
        "en" : "Martin's Photo Album",
        "ga" : "Grianghraif Mairtin"
      },
      "image" : {
        "type" : "Link",
        "href" : "http://example.org/album/thumbnail.jpg",
        "mediaType" : "image/jpeg"
      }
    }
  } ]
}
]]></system-out>
  </testcase>
  <testcase name="Example 7 (ex4-jsonld)" classname="W3CActivityStreamsCoreExamples()" time="0.007">
    <failure type="java.lang.AssertionError"><![CDATA[java.lang.AssertionError
]]></failure>
    <system-out><![CDATA[10:22:07.583 [main] INFO  social.pantheon.activitystreams4j.W3CTests - Testing "Example 7" (https://www.w3.org/TR/activitystreams-core/#ex4-jsonld)
{
  "@context" : "https://www.w3.org/ns/activitystreams",
  "id" : "http://example.org/foo",
  "type" : "Note",
  "name" : "My favourite stew recipe",
  "attributedTo" : {
    "id" : "http://joe.website.example/",
    "type" : "Person",
    "name" : "Joe Smith"
  },
  "published" : "2014-08-21T12:34:56Z"
}
]]></system-out>
  </testcase>
  <testcase name="Example 8 (ex6-jsonld)" classname="W3CActivityStreamsCoreExamples()" time="0.01">
    <error type="cz.cvut.kbss.jsonld.exception.UnknownPropertyException"><![CDATA[cz.cvut.kbss.jsonld.exception.UnknownPropertyException: No field matching property http://purl.org/goodrelations/v1#category was found in class social.pantheon.activitystreams4j.extended.object.PlaceDTO or its ancestors.
]]></error>
    <system-out><![CDATA[10:22:07.591 [main] INFO  social.pantheon.activitystreams4j.W3CTests - Testing "Example 8" (https://www.w3.org/TR/activitystreams-core/#ex6-jsonld)
{
  "@context" : [ "https://www.w3.org/ns/activitystreams", {
    "gr" : "http://purl.org/goodrelations/v1#"
  } ],
  "type" : [ "Place", "gr:Location" ],
  "name" : "Sally's Restaurant",
  "longitude" : 12.34,
  "latitude" : 56.78,
  "gr:category" : "restaurants/french_restaurants"
}
]]></system-out>
  </testcase>
  <testcase name="Example 9 (ex11e-jsonld)" classname="W3CActivityStreamsCoreExamples()" time="0.007"/>
  <testcase name="Example 10 (ex11f-jsonld)" classname="W3CActivityStreamsCoreExamples()" time="0.006"/>
  <testcase name="Example 11 (ex12-jsonld)" classname="W3CActivityStreamsCoreExamples()" time="0.01"/>
  <testcase name="Example 12 (ex13-jsonld)" classname="W3CActivityStreamsCoreExamples()" time="0.013"/>
  <testcase name="Example 13 (ex14-jsonld)" classname="W3CActivityStreamsCoreExamples()" time="0.019"/>
  <testcase name="Example 14 (ex15-jsonld)" classname="W3CActivityStreamsCoreExamples()" time="0.013"/>
  <testcase name="Example 15 (ex17-jsonld)" classname="W3CActivityStreamsCoreExamples()" time="0.02">
    <error type="cz.cvut.kbss.jsonld.exception.UnknownPropertyException"><![CDATA[cz.cvut.kbss.jsonld.exception.UnknownPropertyException: No field matching property http://www.w3.org/2006/vcard/ns#family-name was found in class social.pantheon.activitystreams4j.extended.actor.PersonDTO or its ancestors.
]]></error>
    <system-out><![CDATA[10:22:07.678 [main] INFO  social.pantheon.activitystreams4j.W3CTests - Testing "Example 15" (https://www.w3.org/TR/activitystreams-core/#ex17-jsonld)
{
  "@context" : [ "https://www.w3.org/ns/activitystreams", {
    "vcard" : "http://www.w3.org/2006/vcard/ns#"
  } ],
  "summary" : "Sally created a note",
  "type" : "Create",
  "actor" : {
    "type" : [ "Person", "vcard:Individual" ],
    "id" : "http://sally.example.org",
    "name" : "Sally Smith",
    "vcard:given-name" : "Sally",
    "vcard:family-name" : "Smith"
  },
  "object" : {
    "type" : "Note",
    "content" : "This is a simple note"
  }
}
]]></system-out>
  </testcase>
  <testcase name="Example 16 (ex19-jsonld)" classname="W3CActivityStreamsCoreExamples()" time="0.013">
    <failure type="java.lang.AssertionError"><![CDATA[java.lang.AssertionError
]]></failure>
    <system-out><![CDATA[10:22:07.700 [main] INFO  social.pantheon.activitystreams4j.W3CTests - Testing "Example 16" (https://www.w3.org/TR/activitystreams-core/#ex19-jsonld)
{
  "@context" : "https://www.w3.org/ns/activitystreams",
  "summary" : "Joe liked a note",
  "type" : "Like",
  "id" : "http://www.test.example/activity/1",
  "actor" : "http://example.org/profiles/joe",
  "object" : "http://example.com/notes/1",
  "published" : "2014-09-30T12:34:56Z"
}
]]></system-out>
  </testcase>
  <testcase name="Example 17 (ex20-jsonld)" classname="W3CActivityStreamsCoreExamples()" time="0.013">
    <failure type="java.lang.AssertionError"><![CDATA[java.lang.AssertionError
]]></failure>
    <system-out><![CDATA[10:22:07.718 [main] INFO  social.pantheon.activitystreams4j.W3CTests - Testing "Example 17" (https://www.w3.org/TR/activitystreams-core/#ex20-jsonld)
{
  "@context" : "https://www.w3.org/ns/activitystreams",
  "summary" : "Joe liked a note",
  "type" : [ "Like", "http://schema.org/LikeAction" ],
  "id" : "http://www.test.example/activity/1",
  "actor" : "http://example.org/profiles/joe",
  "object" : "http://example.com/notes/1",
  "published" : "2014-09-30T12:34:56Z"
}
]]></system-out>
  </testcase>
  <testcase name="Example 18 (ex21-jsonld)" classname="W3CActivityStreamsCoreExamples()" time="0.007">
    <failure type="java.lang.AssertionError"><![CDATA[java.lang.AssertionError
]]></failure>
    <system-out><![CDATA[10:22:07.733 [main] INFO  social.pantheon.activitystreams4j.W3CTests - Testing "Example 18" (https://www.w3.org/TR/activitystreams-core/#ex21-jsonld)
{
  "@context" : "https://www.w3.org/ns/activitystreams",
  "summary" : "Object history",
  "type" : "Collection",
  "totalItems" : 2,
  "items" : [ {
    "type" : "Create",
    "actor" : "http://www.test.example/sally",
    "object" : "http://example.org/foo"
  }, {
    "type" : "Like",
    "actor" : "http://www.test.example/joe",
    "object" : "http://example.org/foo"
  } ]
}
]]></system-out>
  </testcase>
  <testcase name="Example 19 (ex22-jsonld)" classname="W3CActivityStreamsCoreExamples()" time="0.012">
    <failure type="java.lang.AssertionError"><![CDATA[java.lang.AssertionError
]]></failure>
    <system-out><![CDATA[10:22:07.741 [main] INFO  social.pantheon.activitystreams4j.W3CTests - Testing "Example 19" (https://www.w3.org/TR/activitystreams-core/#ex22-jsonld)
{
  "@context" : "https://www.w3.org/ns/activitystreams",
  "summary" : "Object history",
  "type" : "OrderedCollection",
  "totalItems" : 2,
  "orderedItems" : [ {
    "type" : "Create",
    "actor" : "http://www.test.example/sally",
    "object" : "http://example.org/foo"
  }, {
    "type" : "Like",
    "actor" : "http://www.test.example/joe",
    "object" : "http://example.org/foo"
  } ]
}
]]></system-out>
  </testcase>
  <testcase name="Example 20 (ex21b-jsonld)" classname="W3CActivityStreamsCoreExamples()" time="0.008">
    <failure type="java.lang.AssertionError"><![CDATA[java.lang.AssertionError
]]></failure>
    <system-out><![CDATA[10:22:07.753 [main] INFO  social.pantheon.activitystreams4j.W3CTests - Testing "Example 20" (https://www.w3.org/TR/activitystreams-core/#ex21b-jsonld)
{
  "@context" : "https://www.w3.org/ns/activitystreams",
  "summary" : "Sally's recent activities",
  "type" : "Collection",
  "id" : "http://example.org/foo",
  "totalItems" : 10,
  "first" : {
    "type" : "CollectionPage",
    "id" : "http://example.org/foo?page=1",
    "partOf" : "http://example.org/foo",
    "next" : "http://example.org/foo?page=2",
    "items" : [ {
      "type" : "Create",
      "actor" : "http://www.test.example/sally",
      "object" : "http://example.org/foo"
    } ]
  }
}
]]></system-out>
  </testcase>
  <testcase name="Example 21 (ex7-jsonld)" classname="W3CActivityStreamsCoreExamples()" time="0.008"/>
  <testcase name="Example 22 (ex8-jsonld)" classname="W3CActivityStreamsCoreExamples()" time="0.009">
    <error type="cz.cvut.kbss.jsonld.exception.JsonLdDeserializationException"><![CDATA[cz.cvut.kbss.jsonld.exception.JsonLdDeserializationException: Encountered multiple values of property https://www.w3.org/ns/activitystreams#name, which is mapped to a singular attribute java.lang.String social.pantheon.activitystreams4j.core.ObjectDTO.name
]]></error>
    <system-out><![CDATA[10:22:07.772 [main] INFO  social.pantheon.activitystreams4j.W3CTests - Testing "Example 22" (https://www.w3.org/TR/activitystreams-core/#ex8-jsonld)
{
  "@context" : "https://www.w3.org/ns/activitystreams",
  "type" : "Object",
  "nameMap" : {
    "en" : "This is the title",
    "fr" : "C'est le titre",
    "es" : "Este es el título"
  }
}
]]></system-out>
  </testcase>
  <testcase name="Example 23 (ex11b-jsonld)" classname="W3CActivityStreamsCoreExamples()" time="0.008">
    <error type="cz.cvut.kbss.jsonld.exception.UnknownPropertyException"><![CDATA[cz.cvut.kbss.jsonld.exception.UnknownPropertyException: No field matching property @value was found in null or its ancestors.
]]></error>
    <system-out><![CDATA[10:22:07.783 [main] INFO  social.pantheon.activitystreams4j.W3CTests - Testing "Example 23" (https://www.w3.org/TR/activitystreams-core/#ex11b-jsonld)
{
  "@context" : "https://www.w3.org/ns/activitystreams",
  "type" : "Object",
  "nameMap" : {
    "und" : "This is the title"
  }
}
]]></system-out>
  </testcase>
  <testcase name="Example 24 (ex11c-jsonld)" classname="W3CActivityStreamsCoreExamples()" time="0.009">
    <error type="cz.cvut.kbss.jsonld.exception.UnknownPropertyException"><![CDATA[cz.cvut.kbss.jsonld.exception.UnknownPropertyException: No field matching property @value was found in null or its ancestors.
]]></error>
    <system-out><![CDATA[10:22:07.792 [main] INFO  social.pantheon.activitystreams4j.W3CTests - Testing "Example 24" (https://www.w3.org/TR/activitystreams-core/#ex11c-jsonld)
{
  "@context" : [ "https://www.w3.org/ns/activitystreams", {
    "@language" : "en"
  } ],
  "type" : "Object",
  "name" : "This is the title"
}
]]></system-out>
  </testcase>
  <testcase name="Example 25 (fig-geojson-point-coordinates)" classname="W3CActivityStreamsCoreExamples()" time="0.005">
    <failure type="java.lang.AssertionError"><![CDATA[java.lang.AssertionError
]]></failure>
    <system-out><![CDATA[10:22:07.802 [main] INFO  social.pantheon.activitystreams4j.W3CTests - Testing "Example 25" (https://www.w3.org/TR/activitystreams-core/#fig-geojson-point-coordinates)
{
  "type" : "Point",
  "coordinates" : [ 36.74, -119.77 ]
}
]]></system-out>
  </testcase>
  <testcase name="Example 26 (ex23-jsonld)" classname="W3CActivityStreamsCoreExamples()" time="0.007">
    <failure type="java.lang.AssertionError"><![CDATA[java.lang.AssertionError
]]></failure>
    <system-out><![CDATA[10:22:07.809 [main] INFO  social.pantheon.activitystreams4j.W3CTests - Testing "Example 26" (https://www.w3.org/TR/activitystreams-core/#ex23-jsonld)
{
  "@context" : "https://www.w3.org/ns/activitystreams",
  "name" : "Fresno, California",
  "type" : "Place",
  "latitude" : 36.74,
  "longitude" : -119.77
}
]]></system-out>
  </testcase>
  <testcase name="Example 27 (fig-geojson-polygon-coordinates)" classname="W3CActivityStreamsCoreExamples()" time="0.005">
    <failure type="java.lang.AssertionError"><![CDATA[java.lang.AssertionError
]]></failure>
    <system-out><![CDATA[10:22:07.816 [main] INFO  social.pantheon.activitystreams4j.W3CTests - Testing "Example 27" (https://www.w3.org/TR/activitystreams-core/#fig-geojson-polygon-coordinates)
{
  "type" : "Polygon",
  "coordinates" : [ [ [ 100.0, 0.0 ], [ 101.0, 0.0 ], [ 101.0, 1.0 ], [ 100.0, 1.0 ], [ 100.0, 0.0 ] ] ]
}
]]></system-out>
  </testcase>
  <testcase name="Example 28 (ex24-jsonld)" classname="W3CActivityStreamsCoreExamples()" time="0.009">
    <error type="cz.cvut.kbss.jsonld.exception.TargetTypeException"><![CDATA[cz.cvut.kbss.jsonld.exception.TargetTypeException: Neither class social.pantheon.activitystreams4j.core.ObjectDTO nor any of its subclasses matches the types [http://www.opengis.net/ont/geosparqlGeometry].
]]></error>
    <system-out><![CDATA[10:22:07.824 [main] INFO  social.pantheon.activitystreams4j.W3CTests - Testing "Example 28" (https://www.w3.org/TR/activitystreams-core/#ex24-jsonld)
{
  "@context" : [ "https://www.w3.org/ns/activitystreams", {
    "gsp" : "http://www.opengis.net/ont/geosparql"
  } ],
  "summary" : "A polygon",
  "type" : "gsp:Geometry",
  "gsp:asWKT" : "Polygon((100.0, 0.0, 101.0, 0.0, 101.0, 1.0, 100.0, 1.0, 100.0, 0.0))"
}
]]></system-out>
  </testcase>
  <testcase name="Example 29 (fig-a-json-ld-compact-uri-definition)" classname="W3CActivityStreamsCoreExamples()" time="0.001">
    <error type="cz.cvut.kbss.jsonld.exception.JsonLdDeserializationException"><![CDATA[cz.cvut.kbss.jsonld.exception.JsonLdDeserializationException: Unable to expand the input JSON.
Caused by: com.github.jsonldjava.core.JsonLdError: invalid type mapping: id
Caused by: com.github.jsonldjava.core.JsonLdError: invalid IRI mapping: not an absolute IRI: id
]]></error>
    <system-out><![CDATA[10:22:07.833 [main] INFO  social.pantheon.activitystreams4j.W3CTests - Testing "Example 29" (https://www.w3.org/TR/activitystreams-core/#fig-a-json-ld-compact-uri-definition)
{
  "@context" : {
    "ex" : "http://example.org/",
    "term" : {
      "@type" : "id",
      "@id" : "ex:term"
    }
  },
  "term" : "ex:Foo"
}
]]></system-out>
  </testcase>
  <testcase name="Example 30 (fig-a-simple-extended-object)" classname="W3CActivityStreamsCoreExamples()" time="0.006">
    <error type="cz.cvut.kbss.jsonld.exception.UnknownPropertyException"><![CDATA[cz.cvut.kbss.jsonld.exception.UnknownPropertyException: No field matching property _:bar was found in class social.pantheon.activitystreams4j.extended.object.NoteDTO or its ancestors.
]]></error>
    <system-out><![CDATA[10:22:07.835 [main] INFO  social.pantheon.activitystreams4j.W3CTests - Testing "Example 30" (https://www.w3.org/TR/activitystreams-core/#fig-a-simple-extended-object)
{
  "@context" : [ "https://www.w3.org/ns/activitystreams", {
    "foo" : "http://example.org/foo"
  } ],
  "type" : "Note",
  "content" : "This is a simple note",
  "foo" : 123,
  "bar" : 321
}
]]></system-out>
  </testcase>
  <testcase name="Example 31 (fig-the-reserialized-compacted-form)" classname="W3CActivityStreamsCoreExamples()" time="0.009">
    <error type="cz.cvut.kbss.jsonld.exception.UnknownPropertyException"><![CDATA[cz.cvut.kbss.jsonld.exception.UnknownPropertyException: No field matching property _:bar was found in class social.pantheon.activitystreams4j.extended.object.NoteDTO or its ancestors.
]]></error>
    <system-out><![CDATA[10:22:07.842 [main] INFO  social.pantheon.activitystreams4j.W3CTests - Testing "Example 31" (https://www.w3.org/TR/activitystreams-core/#fig-the-reserialized-compacted-form)
{
  "@context" : "https://www.w3.org/ns/activitystreams",
  "type" : "Note",
  "content" : "This is a simple note",
  "http://example.org/foo" : 123,
  "bar" : 321
}
]]></system-out>
  </testcase>
  <testcase name="Example 32 (ex27-jsonld)" classname="W3CActivityStreamsCoreExamples()" time="0.006">
    <error type="cz.cvut.kbss.jsonld.exception.TargetTypeException"><![CDATA[cz.cvut.kbss.jsonld.exception.TargetTypeException: Neither class java.lang.Object nor any of its subclasses matches the types [].
]]></error>
    <system-out><![CDATA[10:22:07.852 [main] INFO  social.pantheon.activitystreams4j.W3CTests - Testing "Example 32" (https://www.w3.org/TR/activitystreams-core/#ex27-jsonld)
{
  "@context" : [ "https://www.w3.org/ns/activitystreams", {
    "oa" : "http://www.w3.org/ns/oa#",
    "prov" : "http://www.w3.org/ns/prov#",
    "dcterms" : "http://purl.org/dc/terms/",
    "dcterms:created" : {
      "@id" : "dcterms:created",
      "@type" : "xsd:dateTime"
    }
  } ],
  "summary" : "Editing history of a note",
  "type" : "Collection",
  "items" : [ {
    "id" : "http://example.org/activity/20150101000000",
    "type" : [ "Create", "prov:Activity" ],
    "actor" : {
      "id" : "http://example.org/#eric",
      "name" : "Eric"
    },
    "summary" : "Eric wrote a note.",
    "object" : {
      "id" : "http://example.org/entry/20150101000000",
      "type" : [ "Note", "prov:Entity" ],
      "attributedTo" : "http://example.org/#eric",
      "content" : "Remember... all I'm offering is the trooth. Nothing more."
    },
    "published" : "2015-01-01T00:00:00Z"
  }, {
    "id" : "http://example.org/activity/20150101000059",
    "type" : [ "Update", "prov:Activity", "oa:Annotation" ],
    "summary" : "Eric edited a note.",
    "dcterms:created" : "2015-01-01T00:00:59Z",
    "dcterms:creator" : {
      "@id" : "http://example.org/#eric"
    },
    "oa:hasBody" : {
      "id" : "http://example.org/entry/20150101000059",
      "type" : [ "Note", "prov:Entity" ],
      "content" : "Remember... all I'm offering is the truth. Nothing more.",
      "prov:wasAttributedTo" : {
        "@id" : "http://example.org/#eric"
      },
      "prov:wasRevisionOf" : {
        "@id" : "http://example.org/entry/20150101000000"
      }
    },
    "oa:hasTarget" : {
      "@id" : "http://example.org/entry/20150101000000"
    },
    "oa:motivatedBy" : {
      "@id" : "oa:editing"
    },
    "prov:generated" : {
      "@id" : "http://example.org/entry/20150101000059"
    },
    "prov:wasInformedBy" : {
      "@id" : "http://example.org/activity/20150101000000"
    }
  }, {
    "id" : "http://example.org/activity/20150101010101",
    "type" : [ "Delete", "prov:Activity" ],
    "actor" : "http://example.org/#eric",
    "summary" : "Eric deleted a note.",
    "object" : "http://example.org/entry/20150101000059",
    "published" : "2015-01-01T01:01:01Z"
  } ]
}
]]></system-out>
  </testcase>
  <testcase name="Example 1 (Overview)" classname="W3CActivityPubExamples()" time="0.107">
    <error type="cz.cvut.kbss.jsonld.exception.UnknownPropertyException"><![CDATA[cz.cvut.kbss.jsonld.exception.UnknownPropertyException: No field matching property https://www.w3.org/ns/activitystreams#followers was found in class social.pantheon.activitystreams4j.extended.actor.PersonDTO or its ancestors.
]]></error>
    <system-out><![CDATA[10:22:08.167 [main] INFO  social.pantheon.activitystreams4j.W3CTests - Testing "Example 1" (https://www.w3.org/TR/activitypub/#Overview)
{
  "@context" : "https://www.w3.org/ns/activitystreams",
  "type" : "Person",
  "id" : "https://social.example/alyssa/",
  "name" : "Alyssa P. Hacker",
  "preferredUsername" : "alyssa",
  "summary" : "Lisp enthusiast hailing from MIT",
  "inbox" : "https://social.example/alyssa/inbox/",
  "outbox" : "https://social.example/alyssa/outbox/",
  "followers" : "https://social.example/alyssa/followers/",
  "following" : "https://social.example/alyssa/following/",
  "liked" : "https://social.example/alyssa/liked/"
}
]]></system-out>
  </testcase>
  <testcase name="Example 2 (Overview)" classname="W3CActivityPubExamples()" time="0.011"/>
  <testcase name="Example 3 (Overview)" classname="W3CActivityPubExamples()" time="0.009"/>
  <testcase name="Example 4 (Overview)" classname="W3CActivityPubExamples()" time="0">
    <error type="com.fasterxml.jackson.core.JsonParseException"><![CDATA[com.fasterxml.jackson.core.JsonParseException:
Illegal unquoted character ((CTRL-CHAR, code 10)): has to be escaped using backslash to be included in string value
 at [Source: (String)"{"@context": "https://www.w3.org/ns/activitystreams",
 "type": "Create",
 "id": "https://chatty.example/ben/p/51086",
 "to": ["https://social.example/alyssa/"],
 "actor": "https://chatty.example/ben/",
 "object": {"type": "Note",
            "id": "https://chatty.example/ben/p/51085",
            "attributedTo": "https://chatty.example/ben/",
            "to": ["https://social.example/alyssa/"],
            "inReplyTo": "https://social.example/alyssa/posts/49e2d03d-b53a-4c4c-a95c-94a6abf45a19",
"[truncated 237 chars]; line: 11, column: 85]
]]></error>
  </testcase>
  <testcase name="Example 5 (Overview)" classname="W3CActivityPubExamples()" time="0.006"/>
  <testcase name="Example 6 (Overview)" classname="W3CActivityPubExamples()" time="0.007">
    <error type="cz.cvut.kbss.jsonld.exception.JsonLdDeserializationException"><![CDATA[cz.cvut.kbss.jsonld.exception.JsonLdDeserializationException: Encountered multiple values of property https://www.w3.org/ns/activitystreams#to, which is mapped to a singular attribute java.lang.Object social.pantheon.activitystreams4j.core.ObjectDTO.to
]]></error>
    <system-out><![CDATA[10:22:08.301 [main] INFO  social.pantheon.activitystreams4j.W3CTests - Testing "Example 6" (https://www.w3.org/TR/activitypub/#Overview)
{
  "@context" : "https://www.w3.org/ns/activitystreams",
  "type" : "Create",
  "id" : "https://social.example/alyssa/posts/9282e9cc-14d0-42b3-a758-d6aeca6c876b",
  "to" : [ "https://social.example/alyssa/followers/", "https://www.w3.org/ns/activitystreams#Public" ],
  "actor" : "https://social.example/alyssa/",
  "object" : {
    "type" : "Note",
    "id" : "https://social.example/alyssa/posts/d18c55d4-8a63-4181-9745-4e6cf7938fa1",
    "attributedTo" : "https://social.example/alyssa/",
    "to" : [ "https://social.example/alyssa/followers/", "https://www.w3.org/ns/activitystreams#Public" ],
    "content" : "Lending books to friends is nice.  Getting them back is even nicer! :)"
  }
}
]]></system-out>
  </testcase>
  <testcase name="Example 7 ()" classname="W3CActivityPubExamples()" time="0.01">
    <error type="cz.cvut.kbss.jsonld.exception.UnknownPropertyException"><![CDATA[cz.cvut.kbss.jsonld.exception.UnknownPropertyException: No field matching property @value was found in null or its ancestors.
]]></error>
    <system-out><![CDATA[10:22:08.309 [main] INFO  social.pantheon.activitystreams4j.W3CTests - Testing "Example 7" (https://www.w3.org/TR/activitypub/#)
{
  "@context" : "https://www.w3.org/ns/activitystreams",
  "type" : "Like",
  "actor" : "https://example.net/~mallory",
  "to" : [ "https://hatchat.example/sarah/", "https://example.com/peeps/john/" ],
  "object" : {
    "@context" : {
      "@language" : "en"
    },
    "id" : "https://example.org/~alice/note/23",
    "type" : "Note",
    "attributedTo" : "https://example.org/~alice",
    "content" : "I'm a goat"
  }
}
]]></system-out>
  </testcase>
  <testcase name="Example 8 (source-property)" classname="W3CActivityPubExamples()" time="0.006">
    <error type="cz.cvut.kbss.jsonld.exception.UnknownPropertyException"><![CDATA[cz.cvut.kbss.jsonld.exception.UnknownPropertyException: No field matching property @value was found in null or its ancestors.
]]></error>
    <system-out><![CDATA[10:22:08.320 [main] INFO  social.pantheon.activitystreams4j.W3CTests - Testing "Example 8" (https://www.w3.org/TR/activitypub/#source-property)
{
  "@context" : [ "https://www.w3.org/ns/activitystreams", {
    "@language" : "en"
  } ],
  "type" : "Note",
  "id" : "http://postparty.example/p/2415",
  "content" : "<p>I <em>really</em> like strawberries!</p>",
  "source" : {
    "content" : "I *really* like strawberries!",
    "mediaType" : "text/markdown"
  }
}
]]></system-out>
  </testcase>
  <testcase name="Example 9 (actor-objects)" classname="W3CActivityPubExamples()" time="0.007">
    <error type="cz.cvut.kbss.jsonld.exception.UnknownPropertyException"><![CDATA[cz.cvut.kbss.jsonld.exception.UnknownPropertyException: No field matching property https://www.w3.org/ns/activitystreams#followers was found in class social.pantheon.activitystreams4j.extended.actor.PersonDTO or its ancestors.
]]></error>
    <system-out><![CDATA[10:22:08.328 [main] INFO  social.pantheon.activitystreams4j.W3CTests - Testing "Example 9" (https://www.w3.org/TR/activitypub/#actor-objects)
{
  "@context" : [ "https://www.w3.org/ns/activitystreams", {
    "@language" : "ja"
  } ],
  "type" : "Person",
  "id" : "https://kenzoishii.example.com/",
  "following" : "https://kenzoishii.example.com/following.json",
  "followers" : "https://kenzoishii.example.com/followers.json",
  "liked" : "https://kenzoishii.example.com/liked.json",
  "inbox" : "https://kenzoishii.example.com/inbox.json",
  "outbox" : "https://kenzoishii.example.com/feed.json",
  "preferredUsername" : "kenzoishii",
  "name" : "????",
  "summary" : "??????????",
  "icon" : [ "https://kenzoishii.example.com/image/165987aklre4" ]
}
]]></system-out>
  </testcase>
  <testcase name="Example 10 (public-addressing)" classname="W3CActivityPubExamples()" time="0.006"/>
  <testcase name="Example 11: Submitting an Activity to the Outbox (client-to-server-interactions)" classname="W3CActivityPubExamples()" time="0.005">
    <error type="cz.cvut.kbss.jsonld.exception.UnknownPropertyException"><![CDATA[cz.cvut.kbss.jsonld.exception.UnknownPropertyException: No field matching property @value was found in null or its ancestors.
]]></error>
    <system-out><![CDATA[10:22:08.343 [main] INFO  social.pantheon.activitystreams4j.W3CTests - Testing "Example 11: Submitting an Activity to the Outbox" (https://www.w3.org/TR/activitypub/#client-to-server-interactions)
{
  "@context" : [ "https://www.w3.org/ns/activitystreams", {
    "@language" : "en"
  } ],
  "type" : "Like",
  "actor" : "https://dustycloud.org/chris/",
  "name" : "Chris liked 'Minimal ActivityPub update client'",
  "object" : "https://rhiaro.co.uk/2016/05/minimal-activitypub",
  "to" : [ "https://rhiaro.co.uk/#amy", "https://dustycloud.org/followers", "https://rhiaro.co.uk/followers/" ],
  "cc" : "https://e14n.com/evan"
}
]]></system-out>
  </testcase>
  <testcase name="Example 12: Outbox response to submitted Activity (client-to-server-interactions)" classname="W3CActivityPubExamples()" time="0.001">
    <error type="com.fasterxml.jackson.databind.exc.MismatchedInputException"><![CDATA[com.fasterxml.jackson.databind.exc.MismatchedInputException:
No content to map due to end-of-input
 at [Source: (String)""; line: 1, column: 0]
]]></error>
    <system-out><![CDATA[10:22:08.349 [main] INFO  social.pantheon.activitystreams4j.W3CTests - Testing "Example 12: Outbox response to submitted Activity" (https://www.w3.org/TR/activitypub/#client-to-server-interactions)

]]></system-out>
  </testcase>
  <testcase name="Example 13: An Article (client-addressing)" classname="W3CActivityPubExamples()" time="0.006">
    <error type="cz.cvut.kbss.jsonld.exception.UnknownPropertyException"><![CDATA[cz.cvut.kbss.jsonld.exception.UnknownPropertyException: No field matching property @value was found in null or its ancestors.
]]></error>
    <system-out><![CDATA[10:22:08.350 [main] INFO  social.pantheon.activitystreams4j.W3CTests - Testing "Example 13: An Article" (https://www.w3.org/TR/activitypub/#client-addressing)
{
  "@context" : [ "https://www.w3.org/ns/activitystreams", {
    "@language" : "en-GB"
  } ],
  "id" : "https://rhiaro.co.uk/2016/05/minimal-activitypub",
  "type" : "Article",
  "name" : "Minimal ActivityPub update client",
  "content" : "Today I finished morph, a client for posting ActivityStreams2...",
  "attributedTo" : "https://rhiaro.co.uk/#amy",
  "to" : "https://rhiaro.co.uk/followers/",
  "cc" : "https://e14n.com/evan"
}
]]></system-out>
  </testcase>
  <testcase name="Example 14: A Like of the Article (client-addressing)" classname="W3CActivityPubExamples()" time="0.005">
    <error type="cz.cvut.kbss.jsonld.exception.UnknownPropertyException"><![CDATA[cz.cvut.kbss.jsonld.exception.UnknownPropertyException: No field matching property @value was found in null or its ancestors.
]]></error>
    <system-out><![CDATA[10:22:08.357 [main] INFO  social.pantheon.activitystreams4j.W3CTests - Testing "Example 14: A Like of the Article" (https://www.w3.org/TR/activitypub/#client-addressing)
{
  "@context" : [ "https://www.w3.org/ns/activitystreams", {
    "@language" : "en"
  } ],
  "type" : "Like",
  "actor" : "https://dustycloud.org/chris/",
  "summary" : "Chris liked 'Minimal ActivityPub update client'",
  "object" : "https://rhiaro.co.uk/2016/05/minimal-activitypub",
  "to" : [ "https://rhiaro.co.uk/#amy", "https://dustycloud.org/followers", "https://rhiaro.co.uk/followers/" ],
  "cc" : "https://e14n.com/evan"
}
]]></system-out>
  </testcase>
  <testcase name="Example 15: Object with audience targeting (object-without-create)" classname="W3CActivityPubExamples()" time="0.005">
    <failure type="java.lang.AssertionError"><![CDATA[java.lang.AssertionError
]]></failure>
    <system-out><![CDATA[10:22:08.362 [main] INFO  social.pantheon.activitystreams4j.W3CTests - Testing "Example 15: Object with audience targeting" (https://www.w3.org/TR/activitypub/#object-without-create)
{
  "@context" : "https://www.w3.org/ns/activitystreams",
  "type" : "Note",
  "content" : "This is a note",
  "published" : "2015-02-10T15:04:55Z",
  "to" : [ "https://example.org/~john/" ],
  "cc" : [ "https://example.com/~erik/followers", "https://www.w3.org/ns/activitystreams#Public" ]
}
]]></system-out>
  </testcase>
  <testcase name="Example 16: Create Activity wrapper generated by the server (object-without-create)" classname="W3CActivityPubExamples()" time="0.005">
    <failure type="java.lang.AssertionError"><![CDATA[java.lang.AssertionError
]]></failure>
    <system-out><![CDATA[10:22:08.368 [main] INFO  social.pantheon.activitystreams4j.W3CTests - Testing "Example 16: Create Activity wrapper generated by the server" (https://www.w3.org/TR/activitypub/#object-without-create)
{
  "@context" : "https://www.w3.org/ns/activitystreams",
  "type" : "Create",
  "id" : "https://example.net/~mallory/87374",
  "actor" : "https://example.net/~mallory",
  "object" : {
    "id" : "https://example.com/~mallory/note/72",
    "type" : "Note",
    "attributedTo" : "https://example.net/~mallory",
    "content" : "This is a note",
    "published" : "2015-02-10T15:04:55Z",
    "to" : [ "https://example.org/~john/" ],
    "cc" : [ "https://example.com/~erik/followers", "https://www.w3.org/ns/activitystreams#Public" ]
  },
  "published" : "2015-02-10T15:04:55Z",
  "to" : [ "https://example.org/~john/" ],
  "cc" : [ "https://example.com/~erik/followers", "https://www.w3.org/ns/activitystreams#Public" ]
}
]]></system-out>
  </testcase>
  <testcase name="Example 17 (delete-activity-outbox)" classname="W3CActivityPubExamples()" time="0.005">
    <failure type="java.lang.AssertionError"><![CDATA[java.lang.AssertionError
]]></failure>
    <system-out><![CDATA[10:22:08.374 [main] INFO  social.pantheon.activitystreams4j.W3CTests - Testing "Example 17" (https://www.w3.org/TR/activitypub/#delete-activity-outbox)
{
  "@context" : "https://www.w3.org/ns/activitystreams",
  "id" : "https://example.com/~alice/note/72",
  "type" : "Tombstone",
  "published" : "2015-02-10T15:04:55Z",
  "updated" : "2015-02-10T15:04:55Z",
  "deleted" : "2015-02-10T15:04:55Z"
}
]]></system-out>
  </testcase>
</testsuite>