<?xml version="1.0" encoding="UTF-8"?>
<testsuite xmlns:xsi="http://www.w3.org/2001/XMLSchema-instance" xsi:noNamespaceSchemaLocation="https://maven.apache.org/surefire/maven-surefire-plugin/xsd/surefire-test-report.xsd" name="social.pantheon.activitystreams4j.W3CTests" time="15.933" tests="232" errors="133" skipped="0" failures="41">
  <properties>
[...]
</properties>
  <testcase name="w3cActivityStreamsSuccessTests[1]" classname="social.pantheon.activitystreams4j.W3CTests" time="1.374">
    <error message="Node with IRI http://www.test.example/martin cannot be referenced, because it has not been encountered yet." type="cz.cvut.kbss.jsonld.exception.JsonLdDeserializationException">cz.cvut.kbss.jsonld.exception.JsonLdDeserializationException: Node with IRI http://www.test.example/martin cannot be referenced, because it has not been encountered yet.
	at social.pantheon.activitystreams4j.W3CTests.lambda$w3cActivityStreamsSuccessTests$2(W3CTests.java:45)
</error>
    <system-out><![CDATA[2020-06-13 22:32:38,870 main DEBUG Apache Log4j Core 2.13.3 initializing configuration XmlConfiguration[location=C:\Users\ben\Projects\activitystreams4j\target\test-classes\log4j2.xml]
2020-06-13 22:32:38,879 main DEBUG Installed 1 script engine
2020-06-13 22:32:39,233 main DEBUG Oracle Nashorn version: 14.0.1, language: ECMAScript, threading: Not Thread Safe, compile: true, names: [nashorn, Nashorn, js, JS, JavaScript, javascript, ECMAScript, ecmascript], factory class: jdk.nashorn.api.scripting.NashornScriptEngineFactory
2020-06-13 22:32:39,237 main DEBUG PluginManager 'Core' found 122 plugins
2020-06-13 22:32:39,239 main DEBUG PluginManager 'Level' found 0 plugins
2020-06-13 22:32:39,244 main DEBUG PluginManager 'Lookup' found 16 plugins
2020-06-13 22:32:39,250 main DEBUG Building Plugin[name=layout, class=org.apache.logging.log4j.core.layout.PatternLayout].
2020-06-13 22:32:39,260 main TRACE TypeConverterRegistry initializing.
2020-06-13 22:32:39,261 main DEBUG PluginManager 'TypeConverter' found 26 plugins
2020-06-13 22:32:39,306 main DEBUG PatternLayout$Builder(pattern="%d{HH:mm:ss.SSS} [%t] %-5level %logger{36} - %msg%n", PatternSelector=null, Configuration(C:\Users\ben\Projects\activitystreams4j\target\test-classes\log4j2.xml), Replace=null, charset="null", alwaysWriteExceptions="null", disableAnsi="null", noConsoleNoAnsi="null", header="null", footer="null")
2020-06-13 22:32:39,307 main DEBUG PluginManager 'Converter' found 44 plugins
2020-06-13 22:32:39,309 main DEBUG Building Plugin[name=appender, class=org.apache.logging.log4j.core.appender.ConsoleAppender].
2020-06-13 22:32:39,320 main DEBUG ConsoleAppender$Builder(target="SYSTEM_OUT", follow="null", direct="null", bufferedIo="null", bufferSize="null", immediateFlush="null", ignoreExceptions="null", PatternLayout(%d{HH:mm:ss.SSS} [%t] %-5level %logger{36} - %msg%n), name="Console", Configuration(C:\Users\ben\Projects\activitystreams4j\target\test-classes\log4j2.xml), Filter=null, ={})
2020-06-13 22:32:39,326 main DEBUG Starting OutputStreamManager SYSTEM_OUT.false.false
2020-06-13 22:32:39,327 main DEBUG Building Plugin[name=appenders, class=org.apache.logging.log4j.core.config.AppendersPlugin].
2020-06-13 22:32:39,331 main DEBUG createAppenders(={Console})
2020-06-13 22:32:39,332 main DEBUG Building Plugin[name=AppenderRef, class=org.apache.logging.log4j.core.config.AppenderRef].
2020-06-13 22:32:39,352 main DEBUG createAppenderRef(ref="Console", level="null", Filter=null)
2020-06-13 22:32:39,353 main DEBUG Building Plugin[name=root, class=org.apache.logging.log4j.core.config.LoggerConfig$RootLogger].
2020-06-13 22:32:39,354 main DEBUG createLogger(additivity="null", level="INFO", includeLocation="null", ={Console}, ={}, Configuration(C:\Users\ben\Projects\activitystreams4j\target\test-classes\log4j2.xml), Filter=null)
2020-06-13 22:32:39,360 main DEBUG Building Plugin[name=loggers, class=org.apache.logging.log4j.core.config.LoggersPlugin].
2020-06-13 22:32:39,366 main DEBUG createLoggers(={root})
2020-06-13 22:32:39,368 main DEBUG Configuration XmlConfiguration[location=C:\Users\ben\Projects\activitystreams4j\target\test-classes\log4j2.xml] initialized
2020-06-13 22:32:39,369 main DEBUG Starting configuration XmlConfiguration[location=C:\Users\ben\Projects\activitystreams4j\target\test-classes\log4j2.xml]
2020-06-13 22:32:39,370 main DEBUG Started configuration XmlConfiguration[location=C:\Users\ben\Projects\activitystreams4j\target\test-classes\log4j2.xml] OK.
2020-06-13 22:32:39,382 main TRACE Stopping org.apache.logging.log4j.core.config.DefaultConfiguration@4c371370...
2020-06-13 22:32:39,385 main TRACE DefaultConfiguration notified 1 ReliabilityStrategies that config will be stopped.
2020-06-13 22:32:39,385 main TRACE DefaultConfiguration stopping root LoggerConfig.
2020-06-13 22:32:39,387 main TRACE DefaultConfiguration notifying ReliabilityStrategies that appenders will be stopped.
2020-06-13 22:32:39,396 main TRACE DefaultConfiguration stopping remaining Appenders.
2020-06-13 22:32:39,397 main DEBUG Shutting down OutputStreamManager SYSTEM_OUT.false.false-1
2020-06-13 22:32:39,397 main DEBUG OutputStream closed
2020-06-13 22:32:39,399 main DEBUG Shut down OutputStreamManager SYSTEM_OUT.false.false-1, all resources released: true
2020-06-13 22:32:39,399 main DEBUG Appender DefaultConsole-1 stopped with status true
2020-06-13 22:32:39,399 main TRACE DefaultConfiguration stopped 1 remaining Appenders.
2020-06-13 22:32:39,400 main TRACE DefaultConfiguration cleaning Appenders from 1 LoggerConfigs.
2020-06-13 22:32:39,401 main DEBUG Stopped org.apache.logging.log4j.core.config.DefaultConfiguration@4c371370 OK
2020-06-13 22:32:39,553 main TRACE Reregistering MBeans after reconfigure. Selector=org.apache.logging.log4j.core.selector.ClassLoaderContextSelector@1e0f9063
2020-06-13 22:32:39,554 main TRACE Reregistering context (1/1): 'c387f44' org.apache.logging.log4j.core.LoggerContext@53bd8fca
2020-06-13 22:32:39,556 main TRACE Unregistering but no MBeans found matching 'org.apache.logging.log4j2:type=c387f44'
2020-06-13 22:32:39,558 main TRACE Unregistering but no MBeans found matching 'org.apache.logging.log4j2:type=c387f44,component=StatusLogger'
2020-06-13 22:32:39,559 main TRACE Unregistering but no MBeans found matching 'org.apache.logging.log4j2:type=c387f44,component=ContextSelector'
2020-06-13 22:32:39,561 main TRACE Unregistering but no MBeans found matching 'org.apache.logging.log4j2:type=c387f44,component=Loggers,name=*'
2020-06-13 22:32:39,562 main TRACE Unregistering but no MBeans found matching 'org.apache.logging.log4j2:type=c387f44,component=Appenders,name=*'
2020-06-13 22:32:39,563 main TRACE Unregistering but no MBeans found matching 'org.apache.logging.log4j2:type=c387f44,component=AsyncAppenders,name=*'
2020-06-13 22:32:39,564 main TRACE Unregistering but no MBeans found matching 'org.apache.logging.log4j2:type=c387f44,component=AsyncLoggerRingBuffer'
2020-06-13 22:32:39,565 main TRACE Unregistering but no MBeans found matching 'org.apache.logging.log4j2:type=c387f44,component=Loggers,name=*,subtype=RingBuffer'
2020-06-13 22:32:39,567 main DEBUG Registering MBean org.apache.logging.log4j2:type=c387f44
2020-06-13 22:32:39,574 main DEBUG Registering MBean org.apache.logging.log4j2:type=c387f44,component=StatusLogger
2020-06-13 22:32:39,580 main DEBUG Registering MBean org.apache.logging.log4j2:type=c387f44,component=ContextSelector
2020-06-13 22:32:39,583 main DEBUG Registering MBean org.apache.logging.log4j2:type=c387f44,component=Loggers,name=
2020-06-13 22:32:39,588 main DEBUG Registering MBean org.apache.logging.log4j2:type=c387f44,component=Appenders,name=Console
2020-06-13 22:32:39,592 main TRACE Using default SystemClock for timestamps.
2020-06-13 22:32:39,593 main DEBUG org.apache.logging.log4j.core.util.SystemClock supports precise timestamps.
2020-06-13 22:32:39,597 main TRACE Using DummyNanoClock for nanosecond timestamps.
2020-06-13 22:32:39,597 main DEBUG Reconfiguration complete for context[name=c387f44] at URI C:\Users\ben\Projects\activitystreams4j\target\test-classes\log4j2.xml (org.apache.logging.log4j.core.LoggerContext@53bd8fca) with optional ClassLoader: null
2020-06-13 22:32:39,599 main DEBUG Shutdown hook enabled. Registering a new one.
2020-06-13 22:32:39,600 main DEBUG LoggerContext[name=c387f44, org.apache.logging.log4j.core.LoggerContext@53bd8fca] started OK.
22:32:41.205 [main] INFO  social.pantheon.activitystreams4j.W3CTests - Testing core-ex1-jsonld.json
{
  "@context" : "https://www.w3.org/ns/activitystreams",
  "summary" : "Martin created an image",
  "type" : "Create",
  "actor" : "http://www.test.example/martin",
  "object" : "http://example.org/foo.jpg"
}
]]></system-out>
    <system-err><![CDATA[Warning: Nashorn engine is planned to be removed from a future JDK release
]]></system-err>
  </testcase>
  <testcase name="w3cActivityStreamsSuccessTests[2]" classname="social.pantheon.activitystreams4j.W3CTests" time="0.035">
    <error message="No field matching property @value was found in null or its ancestors." type="cz.cvut.kbss.jsonld.exception.UnknownPropertyException">cz.cvut.kbss.jsonld.exception.UnknownPropertyException: No field matching property @value was found in null or its ancestors.
	at social.pantheon.activitystreams4j.W3CTests.lambda$w3cActivityStreamsSuccessTests$2(W3CTests.java:45)
</error>
    <system-out><![CDATA[22:32:42.435 [main] INFO  social.pantheon.activitystreams4j.W3CTests - Testing core-ex11b-jsonld.json
{
  "@context" : "https://www.w3.org/ns/activitystreams",
  "type" : "Object",
  "nameMap" : {
    "und" : "This is the title"
  }
}
]]></system-out>
  </testcase>
  <testcase name="w3cActivityStreamsSuccessTests[3]" classname="social.pantheon.activitystreams4j.W3CTests" time="0.035">
    <error message="No field matching property @value was found in null or its ancestors." type="cz.cvut.kbss.jsonld.exception.UnknownPropertyException">cz.cvut.kbss.jsonld.exception.UnknownPropertyException: No field matching property @value was found in null or its ancestors.
	at social.pantheon.activitystreams4j.W3CTests.lambda$w3cActivityStreamsSuccessTests$2(W3CTests.java:45)
</error>
    <system-out><![CDATA[22:32:42.476 [main] INFO  social.pantheon.activitystreams4j.W3CTests - Testing core-ex11c-jsonld.json
{
  "@context" : [ "https://www.w3.org/ns/activitystreams", {
    "@language" : "en"
  } ],
  "type" : "Object",
  "name" : "This is the title"
}
]]></system-out>
  </testcase>
  <testcase name="w3cActivityStreamsSuccessTests[4]" classname="social.pantheon.activitystreams4j.W3CTests" time="0.046"/>
  <testcase name="w3cActivityStreamsSuccessTests[5]" classname="social.pantheon.activitystreams4j.W3CTests" time="0.099"/>
  <testcase name="w3cActivityStreamsSuccessTests[6]" classname="social.pantheon.activitystreams4j.W3CTests" time="0.083">
    <error message="Node with IRI http://example.org/application/123.png cannot be referenced, because it has not been encountered yet." type="cz.cvut.kbss.jsonld.exception.JsonLdDeserializationException">cz.cvut.kbss.jsonld.exception.JsonLdDeserializationException: Node with IRI http://example.org/application/123.png cannot be referenced, because it has not been encountered yet.
	at social.pantheon.activitystreams4j.W3CTests.lambda$w3cActivityStreamsSuccessTests$2(W3CTests.java:45)
</error>
    <system-out><![CDATA[22:32:42.654 [main] INFO  social.pantheon.activitystreams4j.W3CTests - Testing core-ex12-jsonld.json
{
  "@context" : "https://www.w3.org/ns/activitystreams",
  "type" : "Application",
  "id" : "http://example.org/application/123",
  "name" : "My Application",
  "image" : "http://example.org/application/123.png"
}
]]></system-out>
  </testcase>
  <testcase name="w3cActivityStreamsSuccessTests[7]" classname="social.pantheon.activitystreams4j.W3CTests" time="0.035">
    <error message="Neither class social.pantheon.activitystreams4j.extended.object.ImageDTO nor any of its subclasses matches the types [https://www.w3.org/ns/activitystreams#Link]." type="cz.cvut.kbss.jsonld.exception.TargetTypeException">cz.cvut.kbss.jsonld.exception.TargetTypeException: Neither class social.pantheon.activitystreams4j.extended.object.ImageDTO nor any of its subclasses matches the types [https://www.w3.org/ns/activitystreams#Link].
	at social.pantheon.activitystreams4j.W3CTests.lambda$w3cActivityStreamsSuccessTests$2(W3CTests.java:45)
</error>
    <system-out><![CDATA[22:32:42.728 [main] INFO  social.pantheon.activitystreams4j.W3CTests - Testing core-ex13-jsonld.json
{
  "@context" : "https://www.w3.org/ns/activitystreams",
  "type" : "Application",
  "id" : "http://example.org/application/123",
  "name" : "My Application",
  "image" : {
    "type" : "Link",
    "href" : "http://example.org/application/123.png",
    "mediaType" : "image/png"
  }
}
]]></system-out>
  </testcase>
  <testcase name="w3cActivityStreamsSuccessTests[8]" classname="social.pantheon.activitystreams4j.W3CTests" time="0.039">
    <error message="Node with IRI http://example.org/application/abc.gif cannot be referenced, because it has not been encountered yet." type="cz.cvut.kbss.jsonld.exception.JsonLdDeserializationException">cz.cvut.kbss.jsonld.exception.JsonLdDeserializationException: Node with IRI http://example.org/application/abc.gif cannot be referenced, because it has not been encountered yet.
	at social.pantheon.activitystreams4j.W3CTests.lambda$w3cActivityStreamsSuccessTests$2(W3CTests.java:45)
</error>
    <system-out><![CDATA[22:32:42.779 [main] INFO  social.pantheon.activitystreams4j.W3CTests - Testing core-ex14-jsonld.json
{
  "@context" : "https://www.w3.org/ns/activitystreams",
  "type" : "Application",
  "id" : "http://example.org/application/123",
  "name" : "My Application",
  "image" : [ "http://example.org/application/abc.gif", {
    "type" : "Link",
    "href" : "http://example.org/application/123.png",
    "mediaType" : "image/png"
  } ]
}
]]></system-out>
  </testcase>
  <testcase name="w3cActivityStreamsSuccessTests[9]" classname="social.pantheon.activitystreams4j.W3CTests" time="0.04">
    <error message="Node with IRI http://example.org/application/abc.gif cannot be referenced, because it has not been encountered yet." type="cz.cvut.kbss.jsonld.exception.JsonLdDeserializationException">cz.cvut.kbss.jsonld.exception.JsonLdDeserializationException: Node with IRI http://example.org/application/abc.gif cannot be referenced, because it has not been encountered yet.
	at social.pantheon.activitystreams4j.W3CTests.lambda$w3cActivityStreamsSuccessTests$2(W3CTests.java:45)
</error>
    <system-out><![CDATA[22:32:42.818 [main] INFO  social.pantheon.activitystreams4j.W3CTests - Testing core-ex15-jsonld.json
{
  "@context" : "https://www.w3.org/ns/activitystreams",
  "type" : "Application",
  "id" : "http://example.org/application/123",
  "name" : "My Application",
  "image" : [ "http://example.org/application/abc.gif", {
    "type" : "Link",
    "href" : "http://example.org/application/123.png",
    "mediaType" : "image/png",
    "rel" : "thumbnail"
  } ]
}
]]></system-out>
  </testcase>
  <testcase name="w3cActivityStreamsSuccessTests[10]" classname="social.pantheon.activitystreams4j.W3CTests" time="0.089">
    <error message="No field matching property http://www.w3.org/2006/vcard/ns#family-name was found in class social.pantheon.activitystreams4j.extended.actor.PersonDTO or its ancestors." type="cz.cvut.kbss.jsonld.exception.UnknownPropertyException">cz.cvut.kbss.jsonld.exception.UnknownPropertyException: No field matching property http://www.w3.org/2006/vcard/ns#family-name was found in class social.pantheon.activitystreams4j.extended.actor.PersonDTO or its ancestors.
	at social.pantheon.activitystreams4j.W3CTests.lambda$w3cActivityStreamsSuccessTests$2(W3CTests.java:45)
</error>
    <system-out><![CDATA[22:32:42.863 [main] INFO  social.pantheon.activitystreams4j.W3CTests - Testing core-ex17-jsonld.json
{
  "@context" : [ "https://www.w3.org/ns/activitystreams", {
    "vcard" : "http://www.w3.org/2006/vcard/ns#"
  } ],
  "summary" : "Sally created a note",
  "type" : "Create",
  "actor" : {
    "type" : [ "Person", "vcard:Individual" ],
    "id" : "http://sally.example.org",
    "name" : "Sally Smith",
    "vcard:given-name" : "Sally",
    "vcard:family-name" : "Smith"
  },
  "object" : {
    "type" : "Note",
    "content" : "This is a simple note"
  }
}
]]></system-out>
  </testcase>
  <testcase name="w3cActivityStreamsSuccessTests[11]" classname="social.pantheon.activitystreams4j.W3CTests" time="0.096">
    <error message="Node with IRI http://example.org/profiles/joe cannot be referenced, because it has not been encountered yet." type="cz.cvut.kbss.jsonld.exception.JsonLdDeserializationException">cz.cvut.kbss.jsonld.exception.JsonLdDeserializationException: Node with IRI http://example.org/profiles/joe cannot be referenced, because it has not been encountered yet.
	at social.pantheon.activitystreams4j.W3CTests.lambda$w3cActivityStreamsSuccessTests$2(W3CTests.java:45)
</error>
    <system-out><![CDATA[22:32:42.955 [main] INFO  social.pantheon.activitystreams4j.W3CTests - Testing core-ex19-jsonld.json
{
  "@context" : "https://www.w3.org/ns/activitystreams",
  "summary" : "Joe liked a note",
  "type" : "Like",
  "id" : "http://www.test.example/activity/1",
  "actor" : "http://example.org/profiles/joe",
  "object" : "http://example.com/notes/1",
  "published" : "2014-09-30T12:34:56Z"
}
]]></system-out>
  </testcase>
  <testcase name="w3cActivityStreamsSuccessTests[12]" classname="social.pantheon.activitystreams4j.W3CTests" time="0.037">
    <error message="Neither class social.pantheon.activitystreams4j.extended.object.ImageDTO nor any of its subclasses matches the types [https://www.w3.org/ns/activitystreams#Link]." type="cz.cvut.kbss.jsonld.exception.TargetTypeException">cz.cvut.kbss.jsonld.exception.TargetTypeException: Neither class social.pantheon.activitystreams4j.extended.object.ImageDTO nor any of its subclasses matches the types [https://www.w3.org/ns/activitystreams#Link].
	at social.pantheon.activitystreams4j.W3CTests.lambda$w3cActivityStreamsSuccessTests$2(W3CTests.java:45)
</error>
    <system-out><![CDATA[22:32:43.031 [main] INFO  social.pantheon.activitystreams4j.W3CTests - Testing core-ex2-jsonld.json
{
  "@context" : "https://www.w3.org/ns/activitystreams",
  "summary" : "Martin added an article to his blog",
  "type" : "Add",
  "published" : "2015-02-10T15:04:55Z",
  "actor" : {
    "type" : "Person",
    "id" : "http://www.test.example/martin",
    "name" : "Martin Smith",
    "url" : "http://example.org/martin",
    "image" : {
      "type" : "Link",
      "href" : "http://example.org/martin/image.jpg",
      "mediaType" : "image/jpeg"
    }
  },
  "object" : {
    "id" : "http://www.test.example/blog/abc123/xyz",
    "type" : "Article",
    "url" : "http://example.org/blog/2011/02/entry",
    "name" : "Why I love Activity Streams"
  },
  "target" : {
    "id" : "http://example.org/blog/",
    "type" : "OrderedCollection",
    "name" : "Martin's Blog"
  }
}
]]></system-out>
  </testcase>
  <testcase name="w3cActivityStreamsSuccessTests[13]" classname="social.pantheon.activitystreams4j.W3CTests" time="0.029">
    <error message="Node with IRI http://example.org/profiles/joe cannot be referenced, because it has not been encountered yet." type="cz.cvut.kbss.jsonld.exception.JsonLdDeserializationException">cz.cvut.kbss.jsonld.exception.JsonLdDeserializationException: Node with IRI http://example.org/profiles/joe cannot be referenced, because it has not been encountered yet.
	at social.pantheon.activitystreams4j.W3CTests.lambda$w3cActivityStreamsSuccessTests$2(W3CTests.java:45)
</error>
    <system-out><![CDATA[22:32:43.070 [main] INFO  social.pantheon.activitystreams4j.W3CTests - Testing core-ex20-jsonld.json
{
  "@context" : "https://www.w3.org/ns/activitystreams",
  "summary" : "Joe liked a note",
  "type" : [ "Like", "http://schema.org/LikeAction" ],
  "id" : "http://www.test.example/activity/1",
  "actor" : "http://example.org/profiles/joe",
  "object" : "http://example.com/notes/1",
  "published" : "2014-09-30T12:34:56Z"
}
]]></system-out>
  </testcase>
  <testcase name="w3cActivityStreamsSuccessTests[14]" classname="social.pantheon.activitystreams4j.W3CTests" time="0.047">
    <error message="Duplicate key https://www.w3.org/ns/activitystreams#first (attempted merging values social.pantheon.activitystreams4j.core.CollectionPageDTO social.pantheon.activitystreams4j.core.CollectionDTO.first and social.pantheon.activitystreams4j.core.CollectionPageDTO social.pantheon.activitystreams4j.core.CollectionDTO.last)" type="java.lang.IllegalStateException">java.lang.IllegalStateException: Duplicate key https://www.w3.org/ns/activitystreams#first (attempted merging values social.pantheon.activitystreams4j.core.CollectionPageDTO social.pantheon.activitystreams4j.core.CollectionDTO.first and social.pantheon.activitystreams4j.core.CollectionPageDTO social.pantheon.activitystreams4j.core.CollectionDTO.last)
	at social.pantheon.activitystreams4j.W3CTests.lambda$w3cActivityStreamsSuccessTests$2(W3CTests.java:45)
</error>
    <system-out><![CDATA[22:32:43.110 [main] INFO  social.pantheon.activitystreams4j.W3CTests - Testing core-ex21-jsonld.json
{
  "@context" : "https://www.w3.org/ns/activitystreams",
  "summary" : "Object history",
  "type" : "Collection",
  "totalItems" : 2,
  "items" : [ {
    "type" : "Create",
    "actor" : "http://www.test.example/sally",
    "object" : "http://example.org/foo"
  }, {
    "type" : "Like",
    "actor" : "http://www.test.example/joe",
    "object" : "http://example.org/foo"
  } ]
}
]]></system-out>
  </testcase>
  <testcase name="w3cActivityStreamsSuccessTests[15]" classname="social.pantheon.activitystreams4j.W3CTests" time="0.04">
    <error message="Duplicate key https://www.w3.org/ns/activitystreams#first (attempted merging values social.pantheon.activitystreams4j.core.CollectionPageDTO social.pantheon.activitystreams4j.core.CollectionDTO.first and social.pantheon.activitystreams4j.core.CollectionPageDTO social.pantheon.activitystreams4j.core.CollectionDTO.last)" type="java.lang.IllegalStateException">java.lang.IllegalStateException: Duplicate key https://www.w3.org/ns/activitystreams#first (attempted merging values social.pantheon.activitystreams4j.core.CollectionPageDTO social.pantheon.activitystreams4j.core.CollectionDTO.first and social.pantheon.activitystreams4j.core.CollectionPageDTO social.pantheon.activitystreams4j.core.CollectionDTO.last)
	at social.pantheon.activitystreams4j.W3CTests.lambda$w3cActivityStreamsSuccessTests$2(W3CTests.java:45)
</error>
    <system-out><![CDATA[22:32:43.150 [main] INFO  social.pantheon.activitystreams4j.W3CTests - Testing core-ex21b-jsonld.json
{
  "@context" : "https://www.w3.org/ns/activitystreams",
  "summary" : "Sally's recent activities",
  "type" : "Collection",
  "id" : "http://example.org/foo",
  "totalItems" : 10,
  "first" : {
    "type" : "CollectionPage",
    "id" : "http://example.org/foo?page=1",
    "partOf" : "http://example.org/foo",
    "next" : "http://example.org/foo?page=2",
    "items" : [ {
      "type" : "Create",
      "actor" : "http://www.test.example/sally",
      "object" : "http://example.org/foo"
    } ]
  }
}
]]></system-out>
  </testcase>
  <testcase name="w3cActivityStreamsSuccessTests[16]" classname="social.pantheon.activitystreams4j.W3CTests" time="0.037">
    <error message="Duplicate key https://www.w3.org/ns/activitystreams#first (attempted merging values social.pantheon.activitystreams4j.core.CollectionPageDTO social.pantheon.activitystreams4j.core.CollectionDTO.first and social.pantheon.activitystreams4j.core.CollectionPageDTO social.pantheon.activitystreams4j.core.CollectionDTO.last)" type="java.lang.IllegalStateException">java.lang.IllegalStateException: Duplicate key https://www.w3.org/ns/activitystreams#first (attempted merging values social.pantheon.activitystreams4j.core.CollectionPageDTO social.pantheon.activitystreams4j.core.CollectionDTO.first and social.pantheon.activitystreams4j.core.CollectionPageDTO social.pantheon.activitystreams4j.core.CollectionDTO.last)
	at social.pantheon.activitystreams4j.W3CTests.lambda$w3cActivityStreamsSuccessTests$2(W3CTests.java:45)
</error>
    <system-out><![CDATA[22:32:43.195 [main] INFO  social.pantheon.activitystreams4j.W3CTests - Testing core-ex22-jsonld.json
{
  "@context" : "https://www.w3.org/ns/activitystreams",
  "summary" : "Object history",
  "type" : "OrderedCollection",
  "totalItems" : 2,
  "orderedItems" : [ {
    "type" : "Create",
    "actor" : "http://www.test.example/sally",
    "object" : "http://example.org/foo"
  }, {
    "type" : "Like",
    "actor" : "http://www.test.example/joe",
    "object" : "http://example.org/foo"
  } ]
}
]]></system-out>
  </testcase>
  <testcase name="w3cActivityStreamsSuccessTests[17]" classname="social.pantheon.activitystreams4j.W3CTests" time="0.03">
    <failure type="java.lang.AssertionError">java.lang.AssertionError
	at social.pantheon.activitystreams4j.W3CTests.lambda$w3cActivityStreamsSuccessTests$2(W3CTests.java:45)
</failure>
    <system-out><![CDATA[22:32:43.226 [main] INFO  social.pantheon.activitystreams4j.W3CTests - Testing core-ex23-jsonld.json
{
  "@context" : "https://www.w3.org/ns/activitystreams",
  "name" : "Fresno, California",
  "type" : "Place",
  "latitude" : 36.74,
  "longitude" : -119.77
}
]]></system-out>
  </testcase>
  <testcase name="w3cActivityStreamsSuccessTests[18]" classname="social.pantheon.activitystreams4j.W3CTests" time="0.031">
    <error message="Neither class social.pantheon.activitystreams4j.core.ObjectDTO nor any of its subclasses matches the types [http://www.opengis.net/ont/geosparqlGeometry]." type="cz.cvut.kbss.jsonld.exception.TargetTypeException">cz.cvut.kbss.jsonld.exception.TargetTypeException: Neither class social.pantheon.activitystreams4j.core.ObjectDTO nor any of its subclasses matches the types [http://www.opengis.net/ont/geosparqlGeometry].
	at social.pantheon.activitystreams4j.W3CTests.lambda$w3cActivityStreamsSuccessTests$2(W3CTests.java:45)
</error>
    <system-out><![CDATA[22:32:43.256 [main] INFO  social.pantheon.activitystreams4j.W3CTests - Testing core-ex24-jsonld.json
{
  "@context" : [ "https://www.w3.org/ns/activitystreams", {
    "gsp" : "http://www.opengis.net/ont/geosparql"
  } ],
  "summary" : "A polygon",
  "type" : "gsp:Geometry",
  "gsp:asWKT" : "Polygon((100.0, 0.0, 101.0, 0.0, 101.0, 1.0, 100.0, 1.0, 100.0, 0.0))"
}
]]></system-out>
  </testcase>
  <testcase name="w3cActivityStreamsSuccessTests[19]" classname="social.pantheon.activitystreams4j.W3CTests" time="0.041">
    <error message="Duplicate key https://www.w3.org/ns/activitystreams#first (attempted merging values social.pantheon.activitystreams4j.core.CollectionPageDTO social.pantheon.activitystreams4j.core.CollectionDTO.first and social.pantheon.activitystreams4j.core.CollectionPageDTO social.pantheon.activitystreams4j.core.CollectionDTO.last)" type="java.lang.IllegalStateException">java.lang.IllegalStateException: Duplicate key https://www.w3.org/ns/activitystreams#first (attempted merging values social.pantheon.activitystreams4j.core.CollectionPageDTO social.pantheon.activitystreams4j.core.CollectionDTO.first and social.pantheon.activitystreams4j.core.CollectionPageDTO social.pantheon.activitystreams4j.core.CollectionDTO.last)
	at social.pantheon.activitystreams4j.W3CTests.lambda$w3cActivityStreamsSuccessTests$2(W3CTests.java:45)
</error>
    <system-out><![CDATA[22:32:43.287 [main] INFO  social.pantheon.activitystreams4j.W3CTests - Testing core-ex27-jsonld.json
{
  "@context" : [ "https://www.w3.org/ns/activitystreams", {
    "oa" : "http://www.w3.org/ns/oa#",
    "prov" : "http://www.w3.org/ns/prov#",
    "oa:created" : {
      "@id" : "oa:created",
      "@type" : "xsd:dateTime"
    }
  } ],
  "summary" : "Editing history of a note",
  "type" : "Collection",
  "items" : [ {
    "id" : "http://example.org/activity/20150101000000",
    "type" : [ "Create", "prov:Activity" ],
    "actor" : {
      "id" : "http://example.org/#eric",
      "name" : "Eric"
    },
    "summary" : "Eric wrote a note.",
    "object" : {
      "id" : "http://example.org/entry/20150101000000",
      "type" : [ "Note", "prov:Entity" ],
      "attributedTo" : "http://example.org/#eric",
      "content" : "Remember... all I'm offering is the trooth. Nothing more."
    },
    "published" : "2015-01-01T00:00:00Z"
  }, {
    "id" : "http://example.org/activity/20150101000059",
    "type" : [ "Update", "prov:Activity", "oa:Annotate" ],
    "summary" : "Eric edited a note.",
    "oa:created" : "2015-01-01T00:00:59Z",
    "oa:creator" : "http://example.org/#eric",
    "oa:hasBody" : {
      "id" : "http://example.org/entry/20150101000059",
      "type" : [ "Note", "prov:Entity" ],
      "content" : "Remember... all I'm offering is the truth. Nothing more.",
      "prov:wasAttributedTo" : "http://example.org/#eric",
      "prov:wasRevisionOf" : "http://example.org/entry/20150101000000"
    },
    "oa:hasTarget" : "http://example.org/entry/20150101000000",
    "oa:motivatedBy" : "oa:editing",
    "prov:generated" : "http://example.org/entry/20150101000059",
    "prov:wasInformedBy" : "http://example.org/activity/20150101000000"
  }, {
    "id" : "http://example.org/activity/20150101010101",
    "type" : [ "Delete", "prov:Activity" ],
    "actor" : "http://example.org/#eric",
    "summary" : "Eric deleted a note.",
    "object" : "http://example.org/entry/20150101000059",
    "published" : "2015-01-01T01:01:01Z"
  } ]
}
]]></system-out>
  </testcase>
  <testcase name="w3cActivityStreamsSuccessTests[20]" classname="social.pantheon.activitystreams4j.W3CTests" time="0.043">
    <error message="Duplicate key https://www.w3.org/ns/activitystreams#first (attempted merging values social.pantheon.activitystreams4j.core.CollectionPageDTO social.pantheon.activitystreams4j.core.CollectionDTO.first and social.pantheon.activitystreams4j.core.CollectionPageDTO social.pantheon.activitystreams4j.core.CollectionDTO.last)" type="java.lang.IllegalStateException">java.lang.IllegalStateException: Duplicate key https://www.w3.org/ns/activitystreams#first (attempted merging values social.pantheon.activitystreams4j.core.CollectionPageDTO social.pantheon.activitystreams4j.core.CollectionDTO.first and social.pantheon.activitystreams4j.core.CollectionPageDTO social.pantheon.activitystreams4j.core.CollectionDTO.last)
	at social.pantheon.activitystreams4j.W3CTests.lambda$w3cActivityStreamsSuccessTests$2(W3CTests.java:45)
</error>
    <system-out><![CDATA[22:32:43.332 [main] INFO  social.pantheon.activitystreams4j.W3CTests - Testing core-ex3-jsonld.json
{
  "@context" : "https://www.w3.org/ns/activitystreams",
  "summary" : "Martin's recent activities",
  "type" : "Collection",
  "totalItems" : 1,
  "items" : [ {
    "type" : "Add",
    "published" : "2011-02-10T15:04:55Z",
    "generator" : "http://example.org/activities-app",
    "nameMap" : {
      "en" : "Martin added a new image to his album.",
      "ga" : "Martin phost le fisean nua a albam."
    },
    "actor" : {
      "type" : "Person",
      "id" : "http://www.test.example/martin",
      "name" : "Martin Smith",
      "url" : "http://example.org/martin",
      "image" : {
        "type" : "Link",
        "href" : "http://example.org/martin/image",
        "mediaType" : "image/jpeg",
        "width" : 250,
        "height" : 250
      }
    },
    "object" : {
      "name" : "My fluffy cat",
      "type" : "Image",
      "id" : "http://example.org/album/máiréad.jpg",
      "preview" : {
        "type" : "Link",
        "href" : "http://example.org/album/máiréad.jpg",
        "mediaType" : "image/jpeg"
      },
      "url" : [ {
        "type" : "Link",
        "href" : "http://example.org/album/máiréad.jpg",
        "mediaType" : "image/jpeg"
      }, {
        "type" : "Link",
        "href" : "http://example.org/album/máiréad.png",
        "mediaType" : "image/png"
      } ]
    },
    "target" : {
      "type" : "Collection",
      "id" : "http://example.org/album/",
      "nameMap" : {
        "en" : "Martin's Photo Album",
        "ga" : "Grianghraif Mairtin"
      },
      "image" : {
        "type" : "Link",
        "href" : "http://example.org/album/thumbnail.jpg",
        "mediaType" : "image/jpeg"
      }
    }
  } ]
}
]]></system-out>
  </testcase>
  <testcase name="w3cActivityStreamsSuccessTests[21]" classname="social.pantheon.activitystreams4j.W3CTests" time="0.051">
    <failure type="java.lang.AssertionError">java.lang.AssertionError
	at social.pantheon.activitystreams4j.W3CTests.lambda$w3cActivityStreamsSuccessTests$2(W3CTests.java:45)
</failure>
    <system-out><![CDATA[22:32:43.380 [main] INFO  social.pantheon.activitystreams4j.W3CTests - Testing core-ex4-jsonld.json
{
  "@context" : "https://www.w3.org/ns/activitystreams",
  "id" : "http://example.org/foo",
  "type" : "Note",
  "name" : "This is a note",
  "attributedTo" : {
    "id" : "http://joe.website.example/",
    "type" : "Person",
    "name" : "Joe Smith"
  },
  "published" : "2014-08-21T12:34:56Z"
}
]]></system-out>
  </testcase>
  <testcase name="w3cActivityStreamsSuccessTests[22]" classname="social.pantheon.activitystreams4j.W3CTests" time="0.033">
    <error message="No field matching property http://purl.org/goodrelations/v1#category was found in class social.pantheon.activitystreams4j.extended.object.PlaceDTO or its ancestors." type="cz.cvut.kbss.jsonld.exception.UnknownPropertyException">cz.cvut.kbss.jsonld.exception.UnknownPropertyException: No field matching property http://purl.org/goodrelations/v1#category was found in class social.pantheon.activitystreams4j.extended.object.PlaceDTO or its ancestors.
	at social.pantheon.activitystreams4j.W3CTests.lambda$w3cActivityStreamsSuccessTests$2(W3CTests.java:45)
</error>
    <system-out><![CDATA[22:32:43.422 [main] INFO  social.pantheon.activitystreams4j.W3CTests - Testing core-ex6-jsonld.json
{
  "@context" : [ "https://www.w3.org/ns/activitystreams", {
    "gr" : "http://purl.org/goodrelations/v1#"
  } ],
  "type" : [ "Place", "gr:Location" ],
  "name" : "Sally's Restaurant",
  "longitude" : 12.34,
  "latitude" : 56.78,
  "gr:category" : "restaurants/french_restaurants"
}
]]></system-out>
  </testcase>
  <testcase name="w3cActivityStreamsSuccessTests[23]" classname="social.pantheon.activitystreams4j.W3CTests" time="0.039"/>
  <testcase name="w3cActivityStreamsSuccessTests[24]" classname="social.pantheon.activitystreams4j.W3CTests" time="0.034">
    <error message="Encountered multiple values of property https://www.w3.org/ns/activitystreams#name, which is mapped to a singular attribute java.lang.String social.pantheon.activitystreams4j.core.ObjectDTO.name" type="cz.cvut.kbss.jsonld.exception.JsonLdDeserializationException">cz.cvut.kbss.jsonld.exception.JsonLdDeserializationException: Encountered multiple values of property https://www.w3.org/ns/activitystreams#name, which is mapped to a singular attribute java.lang.String social.pantheon.activitystreams4j.core.ObjectDTO.name
	at social.pantheon.activitystreams4j.W3CTests.lambda$w3cActivityStreamsSuccessTests$2(W3CTests.java:45)
</error>
    <system-out><![CDATA[22:32:43.497 [main] INFO  social.pantheon.activitystreams4j.W3CTests - Testing core-ex8-jsonld.json
{
  "@context" : "https://www.w3.org/ns/activitystreams",
  "type" : "Object",
  "nameMap" : {
    "en" : "This is the title",
    "fr" : "C'est le titre",
    "es" : "Este es el título"
  }
}
]]></system-out>
  </testcase>
  <testcase name="w3cActivityStreamsSuccessTests[25]" classname="social.pantheon.activitystreams4j.W3CTests" time="0.027">
    <failure type="java.lang.AssertionError">java.lang.AssertionError
	at social.pantheon.activitystreams4j.W3CTests.lambda$w3cActivityStreamsSuccessTests$2(W3CTests.java:45)
</failure>
    <system-out><![CDATA[22:32:43.528 [main] INFO  social.pantheon.activitystreams4j.W3CTests - Testing empty.json
{ }
]]></system-out>
  </testcase>
  <testcase name="w3cActivityStreamsSuccessTests[26]" classname="social.pantheon.activitystreams4j.W3CTests" time="0.042">
    <failure type="java.lang.AssertionError">java.lang.AssertionError
	at social.pantheon.activitystreams4j.W3CTests.lambda$w3cActivityStreamsSuccessTests$2(W3CTests.java:45)
</failure>
    <system-out><![CDATA[22:32:43.564 [main] INFO  social.pantheon.activitystreams4j.W3CTests - Testing simple0001.json
{ }
]]></system-out>
  </testcase>
  <testcase name="w3cActivityStreamsSuccessTests[27]" classname="social.pantheon.activitystreams4j.W3CTests" time="0.309">
    <failure type="java.lang.AssertionError">java.lang.AssertionError
	at social.pantheon.activitystreams4j.W3CTests.lambda$w3cActivityStreamsSuccessTests$2(W3CTests.java:45)
</failure>
    <system-out><![CDATA[22:32:43.600 [main] INFO  social.pantheon.activitystreams4j.W3CTests - Testing simple0002.json
{
  "@context" : "http://www.w3.org/ns/activitystreams"
}
]]></system-out>
  </testcase>
  <testcase name="w3cActivityStreamsSuccessTests[28]" classname="social.pantheon.activitystreams4j.W3CTests" time="0.063">
    <failure type="java.lang.AssertionError">java.lang.AssertionError
	at social.pantheon.activitystreams4j.W3CTests.lambda$w3cActivityStreamsSuccessTests$2(W3CTests.java:45)
</failure>
    <system-out><![CDATA[22:32:43.922 [main] INFO  social.pantheon.activitystreams4j.W3CTests - Testing simple0003.json
{
  "id" : "http://example.org/foo"
}
]]></system-out>
  </testcase>
  <testcase name="w3cActivityStreamsSuccessTests[29]" classname="social.pantheon.activitystreams4j.W3CTests" time="0.061">
    <failure type="java.lang.AssertionError">java.lang.AssertionError
	at social.pantheon.activitystreams4j.W3CTests.lambda$w3cActivityStreamsSuccessTests$2(W3CTests.java:45)
</failure>
    <system-out><![CDATA[22:32:44.005 [main] INFO  social.pantheon.activitystreams4j.W3CTests - Testing simple0004.json
{
  "@context" : "http://www.w3.org/ns/activitystreams",
  "id" : "http://example.org/foo"
}
]]></system-out>
  </testcase>
  <testcase name="w3cActivityStreamsSuccessTests[30]" classname="social.pantheon.activitystreams4j.W3CTests" time="0.033">
    <failure type="java.lang.AssertionError">java.lang.AssertionError
	at social.pantheon.activitystreams4j.W3CTests.lambda$w3cActivityStreamsSuccessTests$2(W3CTests.java:45)
</failure>
    <system-out><![CDATA[22:32:44.050 [main] INFO  social.pantheon.activitystreams4j.W3CTests - Testing simple0005.json
{
  "@context" : [ "http://www.w3.org/ns/activitystreams" ]
}
]]></system-out>
  </testcase>
  <testcase name="w3cActivityStreamsSuccessTests[31]" classname="social.pantheon.activitystreams4j.W3CTests" time="0.034">
    <failure type="java.lang.AssertionError">java.lang.AssertionError
	at social.pantheon.activitystreams4j.W3CTests.lambda$w3cActivityStreamsSuccessTests$2(W3CTests.java:45)
</failure>
    <system-out><![CDATA[22:32:44.085 [main] INFO  social.pantheon.activitystreams4j.W3CTests - Testing simple0006.json
{
  "@context" : [ { }, "http://www.w3.org/ns/activitystreams" ]
}
]]></system-out>
  </testcase>
  <testcase name="w3cActivityStreamsSuccessTests[32]" classname="social.pantheon.activitystreams4j.W3CTests" time="0.029">
    <failure type="java.lang.AssertionError">java.lang.AssertionError
	at social.pantheon.activitystreams4j.W3CTests.lambda$w3cActivityStreamsSuccessTests$2(W3CTests.java:45)
</failure>
    <system-out><![CDATA[22:32:44.115 [main] INFO  social.pantheon.activitystreams4j.W3CTests - Testing simple0007.json
{
  "@context" : [ "http://www.w3.org/ns/activitystreams", { } ]
}
]]></system-out>
  </testcase>
  <testcase name="w3cActivityStreamsSuccessTests[33]" classname="social.pantheon.activitystreams4j.W3CTests" time="0.027"/>
  <testcase name="w3cActivityStreamsSuccessTests[34]" classname="social.pantheon.activitystreams4j.W3CTests" time="0.038">
    <error message="Object with types [https://www.w3.org/ns/activitystreams#Note, https://www.w3.org/ns/activitystreams#Event] matches multiple equivalent target classes: [class social.pantheon.activitystreams4j.extended.object.NoteDTO, class social.pantheon.activitystreams4j.extended.object.EventDTO]" type="cz.cvut.kbss.jsonld.exception.AmbiguousTargetTypeException">cz.cvut.kbss.jsonld.exception.AmbiguousTargetTypeException: Object with types [https://www.w3.org/ns/activitystreams#Note, https://www.w3.org/ns/activitystreams#Event] matches multiple equivalent target classes: [class social.pantheon.activitystreams4j.extended.object.NoteDTO, class social.pantheon.activitystreams4j.extended.object.EventDTO]
	at social.pantheon.activitystreams4j.W3CTests.lambda$w3cActivityStreamsSuccessTests$2(W3CTests.java:45)
</error>
    <system-out><![CDATA[22:32:44.179 [main] INFO  social.pantheon.activitystreams4j.W3CTests - Testing simple0009.json
{
  "@context" : "http://www.w3.org/ns/activitystreams",
  "id" : "http://example.org/foo",
  "type" : [ "Note", "Event" ]
}
]]></system-out>
  </testcase>
  <testcase name="w3cActivityStreamsSuccessTests[35]" classname="social.pantheon.activitystreams4j.W3CTests" time="0.043"/>
  <testcase name="w3cActivityStreamsSuccessTests[36]" classname="social.pantheon.activitystreams4j.W3CTests" time="0.039">
    <error message="No field matching property _:en was found in null or its ancestors." type="cz.cvut.kbss.jsonld.exception.UnknownPropertyException">cz.cvut.kbss.jsonld.exception.UnknownPropertyException: No field matching property _:en was found in null or its ancestors.
	at social.pantheon.activitystreams4j.W3CTests.lambda$w3cActivityStreamsSuccessTests$2(W3CTests.java:45)
</error>
    <system-out><![CDATA[22:32:44.261 [main] INFO  social.pantheon.activitystreams4j.W3CTests - Testing simple0011.json
{
  "@context" : "http://www.w3.org/ns/activitystreams",
  "id" : "http://example.org/foo",
  "type" : "Note",
  "name" : {
    "en" : "Plain < Text & Name"
  }
}
]]></system-out>
  </testcase>
  <testcase name="w3cActivityStreamsSuccessTests[37]" classname="social.pantheon.activitystreams4j.W3CTests" time="0.033">
    <error message="No field matching property _:en was found in null or its ancestors." type="cz.cvut.kbss.jsonld.exception.UnknownPropertyException">cz.cvut.kbss.jsonld.exception.UnknownPropertyException: No field matching property _:en was found in null or its ancestors.
	at social.pantheon.activitystreams4j.W3CTests.lambda$w3cActivityStreamsSuccessTests$2(W3CTests.java:45)
</error>
    <system-out><![CDATA[22:32:44.294 [main] INFO  social.pantheon.activitystreams4j.W3CTests - Testing simple0012.json
{
  "@context" : "http://www.w3.org/ns/activitystreams",
  "id" : "http://example.org/foo",
  "type" : "Note",
  "name" : {
    "en" : "Plain < Text & Name",
    "fr" : "French Translation of the Plain < Test & Name"
  }
}
]]></system-out>
  </testcase>
  <testcase name="w3cActivityStreamsSuccessTests[38]" classname="social.pantheon.activitystreams4j.W3CTests" time="0.032">
    <failure type="java.lang.AssertionError">java.lang.AssertionError
	at social.pantheon.activitystreams4j.W3CTests.lambda$w3cActivityStreamsSuccessTests$2(W3CTests.java:45)
</failure>
    <system-out><![CDATA[22:32:44.324 [main] INFO  social.pantheon.activitystreams4j.W3CTests - Testing simple0013.json
{
  "@context" : "http://www.w3.org/ns/activitystreams#",
  "id" : "http://example.org/some/id",
  "type" : "Note",
  "content" : "This is a simple note",
  "updated" : "2015-12-12T12:34:56Z"
}
]]></system-out>
  </testcase>
  <testcase name="w3cActivityStreamsSuccessTests[39]" classname="social.pantheon.activitystreams4j.W3CTests" time="0.032">
    <failure type="java.lang.AssertionError">java.lang.AssertionError
	at social.pantheon.activitystreams4j.W3CTests.lambda$w3cActivityStreamsSuccessTests$2(W3CTests.java:45)
</failure>
    <system-out><![CDATA[22:32:44.354 [main] INFO  social.pantheon.activitystreams4j.W3CTests - Testing simple0014.json
{
  "@context" : "http://www.w3.org/ns/activitystreams#",
  "id" : "http://example.org/some/id",
  "type" : "Note",
  "content" : "<i>This is a simple note with markup</i>",
  "updated" : "2015-12-12T12:34:56Z"
}
]]></system-out>
  </testcase>
  <testcase name="w3cActivityStreamsSuccessTests[40]" classname="social.pantheon.activitystreams4j.W3CTests" time="0.034">
    <failure type="java.lang.AssertionError">java.lang.AssertionError
	at social.pantheon.activitystreams4j.W3CTests.lambda$w3cActivityStreamsSuccessTests$2(W3CTests.java:45)
</failure>
    <system-out><![CDATA[22:32:44.388 [main] INFO  social.pantheon.activitystreams4j.W3CTests - Testing simple0015.json
{
  "@context" : "http://www.w3.org/ns/activitystreams#",
  "id" : "http://example.org/some/id",
  "type" : "Note",
  "mediaType" : "text/markdown",
  "content" : "*This is a simple note with markdown*",
  "updated" : "2015-12-12T12:34:56Z"
}
]]></system-out>
  </testcase>
  <testcase name="w3cActivityStreamsSuccessTests[41]" classname="social.pantheon.activitystreams4j.W3CTests" time="0.038">
    <error message="Node with IRI http://example.org/sally cannot be referenced, because it has not been encountered yet." type="cz.cvut.kbss.jsonld.exception.JsonLdDeserializationException">cz.cvut.kbss.jsonld.exception.JsonLdDeserializationException: Node with IRI http://example.org/sally cannot be referenced, because it has not been encountered yet.
	at social.pantheon.activitystreams4j.W3CTests.lambda$w3cActivityStreamsSuccessTests$2(W3CTests.java:45)
</error>
    <system-out><![CDATA[22:32:44.427 [main] INFO  social.pantheon.activitystreams4j.W3CTests - Testing simple0016.json
{
  "@context" : "http://www.w3.org/ns/activitystreams#",
  "type" : "Like",
  "actor" : "http://example.org/sally",
  "object" : "http://example.org/notes/1"
}
]]></system-out>
  </testcase>
  <testcase name="w3cActivityStreamsSuccessTests[42]" classname="social.pantheon.activitystreams4j.W3CTests" time="0.04">
    <error message="Node with IRI http://example.org/notes/1 cannot be referenced, because it has not been encountered yet." type="cz.cvut.kbss.jsonld.exception.JsonLdDeserializationException">cz.cvut.kbss.jsonld.exception.JsonLdDeserializationException: Node with IRI http://example.org/notes/1 cannot be referenced, because it has not been encountered yet.
	at social.pantheon.activitystreams4j.W3CTests.lambda$w3cActivityStreamsSuccessTests$2(W3CTests.java:45)
</error>
    <system-out><![CDATA[22:32:44.463 [main] INFO  social.pantheon.activitystreams4j.W3CTests - Testing simple0017.json
{
  "@context" : "http://www.w3.org/ns/activitystreams#",
  "type" : "Like",
  "actor" : {
    "type" : "Person",
    "id" : "http://example.org/sally",
    "name" : "Sally"
  },
  "object" : "http://example.org/notes/1"
}
]]></system-out>
  </testcase>
  <testcase name="w3cActivityStreamsSuccessTests[43]" classname="social.pantheon.activitystreams4j.W3CTests" time="0.026"/>
  <testcase name="w3cActivityStreamsSuccessTests[44]" classname="social.pantheon.activitystreams4j.W3CTests" time="0.087">
    <error message="Type mismatch. Cannot set value NoteDTO() of type class social.pantheon.activitystreams4j.extended.object.NoteDTO on field social.pantheon.activitystreams4j.core.LinkDTO social.pantheon.activitystreams4j.core.ObjectDTO.url" type="cz.cvut.kbss.jsonld.exception.JsonLdDeserializationException">cz.cvut.kbss.jsonld.exception.JsonLdDeserializationException: Type mismatch. Cannot set value NoteDTO() of type class social.pantheon.activitystreams4j.extended.object.NoteDTO on field social.pantheon.activitystreams4j.core.LinkDTO social.pantheon.activitystreams4j.core.ObjectDTO.url
	at social.pantheon.activitystreams4j.W3CTests.lambda$w3cActivityStreamsSuccessTests$2(W3CTests.java:45)
</error>
    <system-out><![CDATA[22:32:44.530 [main] INFO  social.pantheon.activitystreams4j.W3CTests - Testing simple0019.json
{
  "@context" : "http://www.w3.org/ns/activitystreams#",
  "type" : "Like",
  "actor" : {
    "type" : "Person",
    "id" : "http://example.org/sally",
    "name" : "Sally"
  },
  "object" : {
    "id" : "http://example.org/notes/1",
    "type" : "Note",
    "content" : "This is a note",
    "url" : "http://example.org/notes/1"
  }
}
]]></system-out>
  </testcase>
  <testcase name="w3cActivityStreamsSuccessTests[45]" classname="social.pantheon.activitystreams4j.W3CTests" time="0.011"/>
  <testcase name="w3cActivityStreamsSuccessTests[46]" classname="social.pantheon.activitystreams4j.W3CTests" time="0.023"/>
  <testcase name="w3cActivityStreamsSuccessTests[47]" classname="social.pantheon.activitystreams4j.W3CTests" time="0.034">
    <error message="Encountered multiple values of property https://www.w3.org/ns/activitystreams#url, which is mapped to a singular attribute social.pantheon.activitystreams4j.core.LinkDTO social.pantheon.activitystreams4j.core.ObjectDTO.url" type="cz.cvut.kbss.jsonld.exception.JsonLdDeserializationException">cz.cvut.kbss.jsonld.exception.JsonLdDeserializationException: Encountered multiple values of property https://www.w3.org/ns/activitystreams#url, which is mapped to a singular attribute social.pantheon.activitystreams4j.core.LinkDTO social.pantheon.activitystreams4j.core.ObjectDTO.url
	at social.pantheon.activitystreams4j.W3CTests.lambda$w3cActivityStreamsSuccessTests$2(W3CTests.java:45)
</error>
    <system-out><![CDATA[22:32:44.650 [main] INFO  social.pantheon.activitystreams4j.W3CTests - Testing simple0022.json
{
  "@context" : "http://www.w3.org/ns/activitystreams#",
  "type" : "Like",
  "actor" : {
    "type" : "Person",
    "id" : "http://example.org/sally",
    "name" : "Sally"
  },
  "object" : {
    "id" : "http://example.org/notes/1",
    "type" : "Note",
    "content" : "This is a note",
    "url" : [ {
      "type" : "Link",
      "href" : "http://example.org/notes/1",
      "hreflang" : "en",
      "mediaType" : "text/html"
    }, {
      "type" : "Link",
      "href" : "http://example.org/notes/es/1",
      "hreflang" : "es",
      "mediaType" : "text/html"
    } ]
  }
}
]]></system-out>
  </testcase>
  <testcase name="w3cActivityStreamsSuccessTests[48]" classname="social.pantheon.activitystreams4j.W3CTests" time="0.034"/>
  <testcase name="w3cActivityStreamsSuccessTests[49]" classname="social.pantheon.activitystreams4j.W3CTests" time="0.019">
    <error message="Neither class social.pantheon.activitystreams4j.core.ObjectDTO nor any of its subclasses matches the types []." type="cz.cvut.kbss.jsonld.exception.TargetTypeException">cz.cvut.kbss.jsonld.exception.TargetTypeException: Neither class social.pantheon.activitystreams4j.core.ObjectDTO nor any of its subclasses matches the types [].
	at social.pantheon.activitystreams4j.W3CTests.lambda$w3cActivityStreamsSuccessTests$2(W3CTests.java:45)
</error>
    <system-out><![CDATA[22:32:44.709 [main] INFO  social.pantheon.activitystreams4j.W3CTests - Testing simple0024.json
{
  "@context" : "http://www.w3.org/ns/activitystreams",
  "updated" : "2015-12-12T12:34Z"
}
]]></system-out>
  </testcase>
  <testcase name="w3cActivityStreamsSuccessTests[50]" classname="social.pantheon.activitystreams4j.W3CTests" time="0.026">
    <error message="Neither class social.pantheon.activitystreams4j.core.ObjectDTO nor any of its subclasses matches the types []." type="cz.cvut.kbss.jsonld.exception.TargetTypeException">cz.cvut.kbss.jsonld.exception.TargetTypeException: Neither class social.pantheon.activitystreams4j.core.ObjectDTO nor any of its subclasses matches the types [].
	at social.pantheon.activitystreams4j.W3CTests.lambda$w3cActivityStreamsSuccessTests$2(W3CTests.java:45)
</error>
    <system-out><![CDATA[22:32:44.735 [main] INFO  social.pantheon.activitystreams4j.W3CTests - Testing simple0025.json
{
  "@context" : "http://www.w3.org/ns/activitystreams",
  "published" : "2015-12-12T12:34Z"
}
]]></system-out>
  </testcase>
  <testcase name="w3cActivityStreamsSuccessTests[51]" classname="social.pantheon.activitystreams4j.W3CTests" time="0.049"/>
  <testcase name="w3cActivityStreamsSuccessTests[52]" classname="social.pantheon.activitystreams4j.W3CTests" time="0.039">
    <error message="Node with IRI http://example.org/img/cat.png cannot be referenced, because it has not been encountered yet." type="cz.cvut.kbss.jsonld.exception.JsonLdDeserializationException">cz.cvut.kbss.jsonld.exception.JsonLdDeserializationException: Node with IRI http://example.org/img/cat.png cannot be referenced, because it has not been encountered yet.
	at social.pantheon.activitystreams4j.W3CTests.lambda$w3cActivityStreamsSuccessTests$2(W3CTests.java:45)
</error>
    <system-out><![CDATA[22:32:44.822 [main] INFO  social.pantheon.activitystreams4j.W3CTests - Testing vocabulary-ex10-jsonld.json
{
  "@context" : "https://www.w3.org/ns/activitystreams",
  "summary" : "Sally added a picture of her cat to her cat picture collection",
  "type" : "Add",
  "actor" : {
    "type" : "Person",
    "name" : "Sally"
  },
  "object" : {
    "type" : "Image",
    "name" : "A picture of my cat",
    "url" : "http://example.org/img/cat.png"
  },
  "origin" : {
    "type" : "Collection",
    "name" : "Camera Roll"
  },
  "target" : {
    "type" : "Collection",
    "name" : "My Cat Pictures"
  }
}
]]></system-out>
  </testcase>
  <testcase name="w3cActivityStreamsSuccessTests[53]" classname="social.pantheon.activitystreams4j.W3CTests" time="0.03">
    <error message="Node with IRI http://sally.example.org cannot be referenced, because it has not been encountered yet." type="cz.cvut.kbss.jsonld.exception.JsonLdDeserializationException">cz.cvut.kbss.jsonld.exception.JsonLdDeserializationException: Node with IRI http://sally.example.org cannot be referenced, because it has not been encountered yet.
	at social.pantheon.activitystreams4j.W3CTests.lambda$w3cActivityStreamsSuccessTests$2(W3CTests.java:45)
</error>
    <system-out><![CDATA[22:32:44.852 [main] INFO  social.pantheon.activitystreams4j.W3CTests - Testing vocabulary-ex100-jsonld.json
{
  "@context" : "https://www.w3.org/ns/activitystreams",
  "summary" : "Sally liked a note",
  "type" : "Like",
  "actor" : "http://sally.example.org",
  "object" : [ "http://example.org/posts/1", {
    "type" : "Note",
    "name" : "A simple note",
    "content" : "A simple note"
  } ]
}
]]></system-out>
  </testcase>
  <testcase name="w3cActivityStreamsSuccessTests[54]" classname="social.pantheon.activitystreams4j.W3CTests" time="0.026">
    <error message="Node with IRI http://example.org/foo.mp3 cannot be referenced, because it has not been encountered yet." type="cz.cvut.kbss.jsonld.exception.JsonLdDeserializationException">cz.cvut.kbss.jsonld.exception.JsonLdDeserializationException: Node with IRI http://example.org/foo.mp3 cannot be referenced, because it has not been encountered yet.
	at social.pantheon.activitystreams4j.W3CTests.lambda$w3cActivityStreamsSuccessTests$2(W3CTests.java:45)
</error>
    <system-out><![CDATA[22:32:44.880 [main] INFO  social.pantheon.activitystreams4j.W3CTests - Testing vocabulary-ex101-jsonld.json
{
  "@context" : "https://www.w3.org/ns/activitystreams",
  "summary" : "Sally listened to a piece of music on the Acme Music Service",
  "type" : "Listen",
  "actor" : {
    "type" : "Person",
    "name" : "Sally"
  },
  "object" : "http://example.org/foo.mp3",
  "instrument" : {
    "type" : "Service",
    "name" : "Acme Music Service"
  }
}
]]></system-out>
  </testcase>
  <testcase name="w3cActivityStreamsSuccessTests[55]" classname="social.pantheon.activitystreams4j.W3CTests" time="0.041">
    <error message="Duplicate key https://www.w3.org/ns/activitystreams#first (attempted merging values social.pantheon.activitystreams4j.core.CollectionPageDTO social.pantheon.activitystreams4j.core.CollectionDTO.first and social.pantheon.activitystreams4j.core.CollectionPageDTO social.pantheon.activitystreams4j.core.CollectionDTO.last)" type="java.lang.IllegalStateException">java.lang.IllegalStateException: Duplicate key https://www.w3.org/ns/activitystreams#first (attempted merging values social.pantheon.activitystreams4j.core.CollectionPageDTO social.pantheon.activitystreams4j.core.CollectionDTO.first and social.pantheon.activitystreams4j.core.CollectionPageDTO social.pantheon.activitystreams4j.core.CollectionDTO.last)
	at social.pantheon.activitystreams4j.W3CTests.lambda$w3cActivityStreamsSuccessTests$2(W3CTests.java:45)
</error>
    <system-out><![CDATA[22:32:44.917 [main] INFO  social.pantheon.activitystreams4j.W3CTests - Testing vocabulary-ex104-jsonld.json
{
  "@context" : "https://www.w3.org/ns/activitystreams",
  "summary" : "Page 1 of Sally's blog posts",
  "type" : "CollectionPage",
  "prev" : "http://example.org/collection?page=1",
  "items" : [ "http://example.org/posts/1", "http://example.org/posts/2", "http://example.org/posts/3" ]
}
]]></system-out>
  </testcase>
  <testcase name="w3cActivityStreamsSuccessTests[56]" classname="social.pantheon.activitystreams4j.W3CTests" time="0.034">
    <error message="Duplicate key https://www.w3.org/ns/activitystreams#first (attempted merging values social.pantheon.activitystreams4j.core.CollectionPageDTO social.pantheon.activitystreams4j.core.CollectionDTO.first and social.pantheon.activitystreams4j.core.CollectionPageDTO social.pantheon.activitystreams4j.core.CollectionDTO.last)" type="java.lang.IllegalStateException">java.lang.IllegalStateException: Duplicate key https://www.w3.org/ns/activitystreams#first (attempted merging values social.pantheon.activitystreams4j.core.CollectionPageDTO social.pantheon.activitystreams4j.core.CollectionDTO.first and social.pantheon.activitystreams4j.core.CollectionPageDTO social.pantheon.activitystreams4j.core.CollectionDTO.last)
	at social.pantheon.activitystreams4j.W3CTests.lambda$w3cActivityStreamsSuccessTests$2(W3CTests.java:45)
</error>
    <system-out><![CDATA[22:32:44.948 [main] INFO  social.pantheon.activitystreams4j.W3CTests - Testing vocabulary-ex105-jsonld.json
{
  "@context" : "https://www.w3.org/ns/activitystreams",
  "summary" : "Page 1 of Sally's blog posts",
  "type" : "CollectionPage",
  "prev" : {
    "type" : "Link",
    "name" : "Previous Page",
    "href" : "http://example.org/collection?page=1"
  },
  "items" : [ "http://example.org/posts/1", "http://example.org/posts/2", "http://example.org/posts/3" ]
}
]]></system-out>
  </testcase>
  <testcase name="w3cActivityStreamsSuccessTests[57]" classname="social.pantheon.activitystreams4j.W3CTests" time="0.075">
    <failure type="java.lang.AssertionError">java.lang.AssertionError
	at social.pantheon.activitystreams4j.W3CTests.lambda$w3cActivityStreamsSuccessTests$2(W3CTests.java:45)
</failure>
    <system-out><![CDATA[22:32:44.999 [main] INFO  social.pantheon.activitystreams4j.W3CTests - Testing vocabulary-ex106-jsonld.json
{
  "@context" : "https://www.w3.org/ns/activitystreams",
  "type" : "Video",
  "name" : "Cool New Movie",
  "duration" : "PT2H30M",
  "preview" : {
    "type" : "Video",
    "name" : "Trailer",
    "duration" : "PT1M",
    "url" : {
      "href" : "http://example.org/trailer.mkv",
      "mediaType" : "video/mkv"
    }
  }
}
]]></system-out>
  </testcase>
  <testcase name="w3cActivityStreamsSuccessTests[58]" classname="social.pantheon.activitystreams4j.W3CTests" time="0.136">
    <error message="Node with IRI http://sally.example.org cannot be referenced, because it has not been encountered yet." type="cz.cvut.kbss.jsonld.exception.JsonLdDeserializationException">cz.cvut.kbss.jsonld.exception.JsonLdDeserializationException: Node with IRI http://sally.example.org cannot be referenced, because it has not been encountered yet.
	at social.pantheon.activitystreams4j.W3CTests.lambda$w3cActivityStreamsSuccessTests$2(W3CTests.java:45)
</error>
    <system-out><![CDATA[22:32:45.073 [main] INFO  social.pantheon.activitystreams4j.W3CTests - Testing vocabulary-ex108-jsonld.json
{
  "@context" : "https://www.w3.org/ns/activitystreams",
  "summary" : "Sally checked that her flight was on time",
  "type" : [ "Activity", "http://www.verbs.example/Check" ],
  "actor" : "http://sally.example.org",
  "object" : "http://example.org/flights/1",
  "result" : {
    "type" : "http://www.types.example/flightstatus",
    "name" : "On Time"
  }
}
]]></system-out>
  </testcase>
  <testcase name="w3cActivityStreamsSuccessTests[59]" classname="social.pantheon.activitystreams4j.W3CTests" time="0.003"/>
  <testcase name="w3cActivityStreamsSuccessTests[60]" classname="social.pantheon.activitystreams4j.W3CTests" time="0.015">
    <error message="No field matching property https://www.w3.org/ns/activitystreams#replies was found in class social.pantheon.activitystreams4j.extended.object.NoteDTO or its ancestors." type="cz.cvut.kbss.jsonld.exception.UnknownPropertyException">cz.cvut.kbss.jsonld.exception.UnknownPropertyException: No field matching property https://www.w3.org/ns/activitystreams#replies was found in class social.pantheon.activitystreams4j.extended.object.NoteDTO or its ancestors.
	at social.pantheon.activitystreams4j.W3CTests.lambda$w3cActivityStreamsSuccessTests$2(W3CTests.java:45)
</error>
    <system-out><![CDATA[22:32:45.181 [main] INFO  social.pantheon.activitystreams4j.W3CTests - Testing vocabulary-ex112-jsonld.json
{
  "@context" : "https://www.w3.org/ns/activitystreams",
  "name" : "A simple note",
  "type" : "Note",
  "id" : "http://www.test.example/notes/1",
  "content" : "A simple note",
  "replies" : {
    "type" : "Collection",
    "totalItems" : 1,
    "items" : [ {
      "name" : "A response to the note",
      "type" : "Note",
      "content" : "A response to the note",
      "inReplyTo" : "http://www.test.example/notes/1"
    } ]
  }
}
]]></system-out>
  </testcase>
  <testcase name="w3cActivityStreamsSuccessTests[61]" classname="social.pantheon.activitystreams4j.W3CTests" time="0.043">
    <error message="Neither class social.pantheon.activitystreams4j.core.ObjectDTO nor any of its subclasses matches the types [http://example.org/Organization]." type="cz.cvut.kbss.jsonld.exception.TargetTypeException">cz.cvut.kbss.jsonld.exception.TargetTypeException: Neither class social.pantheon.activitystreams4j.core.ObjectDTO nor any of its subclasses matches the types [http://example.org/Organization].
	at social.pantheon.activitystreams4j.W3CTests.lambda$w3cActivityStreamsSuccessTests$2(W3CTests.java:45)
</error>
    <system-out><![CDATA[22:32:45.225 [main] INFO  social.pantheon.activitystreams4j.W3CTests - Testing vocabulary-ex113-jsonld.json
{
  "@context" : "https://www.w3.org/ns/activitystreams",
  "name" : "A simple note",
  "type" : "Note",
  "content" : "A simple note",
  "audience" : {
    "type" : "http://example.org/Organization",
    "name" : "My Organization"
  }
}
]]></system-out>
  </testcase>
  <testcase name="w3cActivityStreamsSuccessTests[62]" classname="social.pantheon.activitystreams4j.W3CTests" time="0.034">
    <error message="Node with IRI http://example.org/sally.jpg cannot be referenced, because it has not been encountered yet." type="cz.cvut.kbss.jsonld.exception.JsonLdDeserializationException">cz.cvut.kbss.jsonld.exception.JsonLdDeserializationException: Node with IRI http://example.org/sally.jpg cannot be referenced, because it has not been encountered yet.
	at social.pantheon.activitystreams4j.W3CTests.lambda$w3cActivityStreamsSuccessTests$2(W3CTests.java:45)
</error>
    <system-out><![CDATA[22:32:45.259 [main] INFO  social.pantheon.activitystreams4j.W3CTests - Testing vocabulary-ex118-jsonld.json
{
  "@context" : "https://www.w3.org/ns/activitystreams",
  "type" : "Image",
  "name" : "Picture of Sally",
  "url" : "http://example.org/sally.jpg",
  "tag" : [ {
    "type" : "Person",
    "id" : "http://sally.example.org",
    "name" : "Sally"
  } ]
}
]]></system-out>
  </testcase>
  <testcase name="w3cActivityStreamsSuccessTests[63]" classname="social.pantheon.activitystreams4j.W3CTests" time="0.03"/>
  <testcase name="w3cActivityStreamsSuccessTests[64]" classname="social.pantheon.activitystreams4j.W3CTests" time="0.025">
    <error message="Node with IRI http://sally.example.org cannot be referenced, because it has not been encountered yet." type="cz.cvut.kbss.jsonld.exception.JsonLdDeserializationException">cz.cvut.kbss.jsonld.exception.JsonLdDeserializationException: Node with IRI http://sally.example.org cannot be referenced, because it has not been encountered yet.
	at social.pantheon.activitystreams4j.W3CTests.lambda$w3cActivityStreamsSuccessTests$2(W3CTests.java:45)
</error>
    <system-out><![CDATA[22:32:45.316 [main] INFO  social.pantheon.activitystreams4j.W3CTests - Testing vocabulary-ex120-jsonld.json
{
  "@context" : "https://www.w3.org/ns/activitystreams",
  "summary" : "Sally offered the post to John",
  "type" : "Offer",
  "actor" : "http://sally.example.org",
  "object" : "http://example.org/posts/1",
  "target" : "http://john.example.org"
}
]]></system-out>
  </testcase>
  <testcase name="w3cActivityStreamsSuccessTests[65]" classname="social.pantheon.activitystreams4j.W3CTests" time="0.026">
    <error message="Node with IRI http://sally.example.org cannot be referenced, because it has not been encountered yet." type="cz.cvut.kbss.jsonld.exception.JsonLdDeserializationException">cz.cvut.kbss.jsonld.exception.JsonLdDeserializationException: Node with IRI http://sally.example.org cannot be referenced, because it has not been encountered yet.
	at social.pantheon.activitystreams4j.W3CTests.lambda$w3cActivityStreamsSuccessTests$2(W3CTests.java:45)
</error>
    <system-out><![CDATA[22:32:45.341 [main] INFO  social.pantheon.activitystreams4j.W3CTests - Testing vocabulary-ex121-jsonld.json
{
  "@context" : "https://www.w3.org/ns/activitystreams",
  "summary" : "Sally offered the post to John",
  "type" : "Offer",
  "actor" : "http://sally.example.org",
  "object" : "http://example.org/posts/1",
  "target" : {
    "type" : "Person",
    "name" : "John"
  }
}
]]></system-out>
  </testcase>
  <testcase name="w3cActivityStreamsSuccessTests[66]" classname="social.pantheon.activitystreams4j.W3CTests" time="0.045">
    <error message="Node with IRI http://sally.example.org cannot be referenced, because it has not been encountered yet." type="cz.cvut.kbss.jsonld.exception.JsonLdDeserializationException">cz.cvut.kbss.jsonld.exception.JsonLdDeserializationException: Node with IRI http://sally.example.org cannot be referenced, because it has not been encountered yet.
	at social.pantheon.activitystreams4j.W3CTests.lambda$w3cActivityStreamsSuccessTests$2(W3CTests.java:45)
</error>
    <system-out><![CDATA[22:32:45.382 [main] INFO  social.pantheon.activitystreams4j.W3CTests - Testing vocabulary-ex123-jsonld.json
{
  "@context" : "https://www.w3.org/ns/activitystreams",
  "summary" : "Sally offered the post to John",
  "type" : "Offer",
  "actor" : "http://sally.example.org",
  "object" : "http://example.org/posts/1",
  "target" : "http://john.example.org",
  "to" : [ "http://joe.example.org" ]
}
]]></system-out>
  </testcase>
  <testcase name="w3cActivityStreamsSuccessTests[67]" classname="social.pantheon.activitystreams4j.W3CTests" time="0.033">
    <error message="Node with IRI http://example.org/4q-sales-forecast.pdf cannot be referenced, because it has not been encountered yet." type="cz.cvut.kbss.jsonld.exception.JsonLdDeserializationException">cz.cvut.kbss.jsonld.exception.JsonLdDeserializationException: Node with IRI http://example.org/4q-sales-forecast.pdf cannot be referenced, because it has not been encountered yet.
	at social.pantheon.activitystreams4j.W3CTests.lambda$w3cActivityStreamsSuccessTests$2(W3CTests.java:45)
</error>
    <system-out><![CDATA[22:32:45.412 [main] INFO  social.pantheon.activitystreams4j.W3CTests - Testing vocabulary-ex124-jsonld.json
{
  "@context" : "https://www.w3.org/ns/activitystreams",
  "type" : "Document",
  "name" : "4Q Sales Forecast",
  "url" : "http://example.org/4q-sales-forecast.pdf"
}
]]></system-out>
  </testcase>
  <testcase name="w3cActivityStreamsSuccessTests[68]" classname="social.pantheon.activitystreams4j.W3CTests" time="0.067"/>
  <testcase name="w3cActivityStreamsSuccessTests[69]" classname="social.pantheon.activitystreams4j.W3CTests" time="0.04">
    <error message="Encountered multiple values of property https://www.w3.org/ns/activitystreams#url, which is mapped to a singular attribute social.pantheon.activitystreams4j.core.LinkDTO social.pantheon.activitystreams4j.core.ObjectDTO.url" type="cz.cvut.kbss.jsonld.exception.JsonLdDeserializationException">cz.cvut.kbss.jsonld.exception.JsonLdDeserializationException: Encountered multiple values of property https://www.w3.org/ns/activitystreams#url, which is mapped to a singular attribute social.pantheon.activitystreams4j.core.LinkDTO social.pantheon.activitystreams4j.core.ObjectDTO.url
	at social.pantheon.activitystreams4j.W3CTests.lambda$w3cActivityStreamsSuccessTests$2(W3CTests.java:45)
</error>
    <system-out><![CDATA[22:32:45.502 [main] INFO  social.pantheon.activitystreams4j.W3CTests - Testing vocabulary-ex126-jsonld.json
{
  "@context" : "https://www.w3.org/ns/activitystreams",
  "type" : "Document",
  "name" : "4Q Sales Forecast",
  "url" : [ {
    "type" : "Link",
    "href" : "http://example.org/4q-sales-forecast.pdf",
    "mediaType" : "application/pdf"
  }, {
    "type" : "Link",
    "href" : "http://example.org/4q-sales-forecast.html",
    "mediaType" : "text/html"
  } ]
}
]]></system-out>
  </testcase>
  <testcase name="w3cActivityStreamsSuccessTests[70]" classname="social.pantheon.activitystreams4j.W3CTests" time="0.019">
    <failure type="java.lang.AssertionError">java.lang.AssertionError
	at social.pantheon.activitystreams4j.W3CTests.lambda$w3cActivityStreamsSuccessTests$2(W3CTests.java:45)
</failure>
    <system-out><![CDATA[22:32:45.544 [main] INFO  social.pantheon.activitystreams4j.W3CTests - Testing vocabulary-ex127-jsonld.json
{
  "@context" : "https://www.w3.org/ns/activitystreams",
  "name" : "Liu Gu Lu Cun, Pingdu, Qingdao, Shandong, China",
  "type" : "Place",
  "latitude" : 36.75,
  "longitude" : 119.7667,
  "accuracy" : 94.5
}
]]></system-out>
  </testcase>
  <testcase name="w3cActivityStreamsSuccessTests[71]" classname="social.pantheon.activitystreams4j.W3CTests" time="0.027">
    <failure type="java.lang.AssertionError">java.lang.AssertionError
	at social.pantheon.activitystreams4j.W3CTests.lambda$w3cActivityStreamsSuccessTests$2(W3CTests.java:45)
</failure>
    <system-out><![CDATA[22:32:45.572 [main] INFO  social.pantheon.activitystreams4j.W3CTests - Testing vocabulary-ex129-jsonld.json
{
  "@context" : "https://www.w3.org/ns/activitystreams",
  "type" : "Place",
  "name" : "Fresno Area",
  "altitude" : 15.0,
  "latitude" : 36.75,
  "longitude" : 119.7667,
  "units" : "miles"
}
]]></system-out>
  </testcase>
  <testcase name="w3cActivityStreamsSuccessTests[72]" classname="social.pantheon.activitystreams4j.W3CTests" time="0.026">
    <error message="Node with IRI http://example.org/notes/1 cannot be referenced, because it has not been encountered yet." type="cz.cvut.kbss.jsonld.exception.JsonLdDeserializationException">cz.cvut.kbss.jsonld.exception.JsonLdDeserializationException: Node with IRI http://example.org/notes/1 cannot be referenced, because it has not been encountered yet.
	at social.pantheon.activitystreams4j.W3CTests.lambda$w3cActivityStreamsSuccessTests$2(W3CTests.java:45)
</error>
    <system-out><![CDATA[22:32:45.599 [main] INFO  social.pantheon.activitystreams4j.W3CTests - Testing vocabulary-ex13-jsonld.json
{
  "@context" : "https://www.w3.org/ns/activitystreams",
  "summary" : "Sally deleted a note",
  "type" : "Delete",
  "actor" : {
    "type" : "Person",
    "name" : "Sally"
  },
  "object" : "http://example.org/notes/1",
  "origin" : {
    "type" : "Collection",
    "name" : "Sally's Notes"
  }
}
]]></system-out>
  </testcase>
  <testcase name="w3cActivityStreamsSuccessTests[73]" classname="social.pantheon.activitystreams4j.W3CTests" time="0.03"/>
  <testcase name="w3cActivityStreamsSuccessTests[74]" classname="social.pantheon.activitystreams4j.W3CTests" time="0.032"/>
  <testcase name="w3cActivityStreamsSuccessTests[75]" classname="social.pantheon.activitystreams4j.W3CTests" time="0.032">
    <error message="Encountered multiple values of property https://www.w3.org/ns/activitystreams#content, which is mapped to a singular attribute java.lang.String social.pantheon.activitystreams4j.core.ObjectDTO.content" type="cz.cvut.kbss.jsonld.exception.JsonLdDeserializationException">cz.cvut.kbss.jsonld.exception.JsonLdDeserializationException: Encountered multiple values of property https://www.w3.org/ns/activitystreams#content, which is mapped to a singular attribute java.lang.String social.pantheon.activitystreams4j.core.ObjectDTO.content
	at social.pantheon.activitystreams4j.W3CTests.lambda$w3cActivityStreamsSuccessTests$2(W3CTests.java:45)
</error>
    <system-out><![CDATA[22:32:45.692 [main] INFO  social.pantheon.activitystreams4j.W3CTests - Testing vocabulary-ex131-jsonld.json
{
  "@context" : "https://www.w3.org/ns/activitystreams",
  "name" : "A simple note",
  "type" : "Note",
  "contentMap" : {
    "en" : "A &lt;em&gt;simple&lt;/em&gt; note",
    "es" : "Una nota &lt;em&gt;sencilla&lt;/em&gt;",
    "zh-Hans" : "??&lt;em&gt;???&lt;/em&gt;??"
  }
}
]]></system-out>
  </testcase>
  <testcase name="w3cActivityStreamsSuccessTests[76]" classname="social.pantheon.activitystreams4j.W3CTests" time="0.065"/>
  <testcase name="w3cActivityStreamsSuccessTests[77]" classname="social.pantheon.activitystreams4j.W3CTests" time="0.049">
    <error message="Encountered multiple values of property https://www.w3.org/ns/activitystreams#name, which is mapped to a singular attribute java.lang.String social.pantheon.activitystreams4j.core.ObjectDTO.name" type="cz.cvut.kbss.jsonld.exception.JsonLdDeserializationException">cz.cvut.kbss.jsonld.exception.JsonLdDeserializationException: Encountered multiple values of property https://www.w3.org/ns/activitystreams#name, which is mapped to a singular attribute java.lang.String social.pantheon.activitystreams4j.core.ObjectDTO.name
	at social.pantheon.activitystreams4j.W3CTests.lambda$w3cActivityStreamsSuccessTests$2(W3CTests.java:45)
</error>
    <system-out><![CDATA[22:32:45.789 [main] INFO  social.pantheon.activitystreams4j.W3CTests - Testing vocabulary-ex133-jsonld.json
{
  "@context" : "https://www.w3.org/ns/activitystreams",
  "type" : "Note",
  "nameMap" : {
    "en" : "A simple note",
    "es" : "Una nota sencilla",
    "zh-Hans" : "???????"
  }
}
]]></system-out>
  </testcase>
  <testcase name="w3cActivityStreamsSuccessTests[78]" classname="social.pantheon.activitystreams4j.W3CTests" time="0.045">
    <failure type="java.lang.AssertionError">java.lang.AssertionError
	at social.pantheon.activitystreams4j.W3CTests.lambda$w3cActivityStreamsSuccessTests$2(W3CTests.java:45)
</failure>
    <system-out><![CDATA[22:32:45.836 [main] INFO  social.pantheon.activitystreams4j.W3CTests - Testing vocabulary-ex134-jsonld.json
{
  "@context" : "https://www.w3.org/ns/activitystreams",
  "type" : "Video",
  "name" : "A Simple Video",
  "url" : "http://example.org/video.mkv",
  "duration" : "PT2H"
}
]]></system-out>
  </testcase>
  <testcase name="w3cActivityStreamsSuccessTests[79]" classname="social.pantheon.activitystreams4j.W3CTests" time="0.077">
    <error message="Neither class social.pantheon.activitystreams4j.core.ObjectDTO nor any of its subclasses matches the types [https://www.w3.org/ns/activitystreams#Link]." type="cz.cvut.kbss.jsonld.exception.TargetTypeException">cz.cvut.kbss.jsonld.exception.TargetTypeException: Neither class social.pantheon.activitystreams4j.core.ObjectDTO nor any of its subclasses matches the types [https://www.w3.org/ns/activitystreams#Link].
	at social.pantheon.activitystreams4j.W3CTests.lambda$w3cActivityStreamsSuccessTests$2(W3CTests.java:45)
</error>
    <system-out><![CDATA[22:32:45.897 [main] INFO  social.pantheon.activitystreams4j.W3CTests - Testing vocabulary-ex136-jsonld.json
{
  "@context" : "https://www.w3.org/ns/activitystreams",
  "type" : "Link",
  "href" : "http://example.org/image.png",
  "height" : 100,
  "width" : 100
}
]]></system-out>
  </testcase>
  <testcase name="w3cActivityStreamsSuccessTests[80]" classname="social.pantheon.activitystreams4j.W3CTests" time="0.054">
    <error message="Neither class social.pantheon.activitystreams4j.core.ObjectDTO nor any of its subclasses matches the types [https://www.w3.org/ns/activitystreams#Link]." type="cz.cvut.kbss.jsonld.exception.TargetTypeException">cz.cvut.kbss.jsonld.exception.TargetTypeException: Neither class social.pantheon.activitystreams4j.core.ObjectDTO nor any of its subclasses matches the types [https://www.w3.org/ns/activitystreams#Link].
	at social.pantheon.activitystreams4j.W3CTests.lambda$w3cActivityStreamsSuccessTests$2(W3CTests.java:45)
</error>
    <system-out><![CDATA[22:32:45.976 [main] INFO  social.pantheon.activitystreams4j.W3CTests - Testing vocabulary-ex137-jsonld.json
{
  "@context" : "https://www.w3.org/ns/activitystreams",
  "type" : "Link",
  "href" : "http://example.org/abc",
  "mediaType" : "text/html",
  "name" : "An example link"
}
]]></system-out>
  </testcase>
  <testcase name="w3cActivityStreamsSuccessTests[81]" classname="social.pantheon.activitystreams4j.W3CTests" time="0.033">
    <error message="Neither class social.pantheon.activitystreams4j.core.ObjectDTO nor any of its subclasses matches the types [https://www.w3.org/ns/activitystreams#Link]." type="cz.cvut.kbss.jsonld.exception.TargetTypeException">cz.cvut.kbss.jsonld.exception.TargetTypeException: Neither class social.pantheon.activitystreams4j.core.ObjectDTO nor any of its subclasses matches the types [https://www.w3.org/ns/activitystreams#Link].
	at social.pantheon.activitystreams4j.W3CTests.lambda$w3cActivityStreamsSuccessTests$2(W3CTests.java:45)
</error>
    <system-out><![CDATA[22:32:46.018 [main] INFO  social.pantheon.activitystreams4j.W3CTests - Testing vocabulary-ex138-jsonld.json
{
  "@context" : "https://www.w3.org/ns/activitystreams",
  "type" : "Link",
  "href" : "http://example.org/abc",
  "hreflang" : "en",
  "mediaType" : "text/html",
  "name" : "An example link"
}
]]></system-out>
  </testcase>
  <testcase name="w3cActivityStreamsSuccessTests[82]" classname="social.pantheon.activitystreams4j.W3CTests" time="0.029">
[...]
	at social.pantheon.activitystreams4j.W3CTests.lambda$w3cActivityStreamsSuccessTests$2(W3CTests.java:45)
</error>
    <system-out><![CDATA[22:32:51.297 [main] INFO  social.pantheon.activitystreams4j.W3CTests - Testing vocabulary-ex88-jsonld.json
{
  "@context" : "https://www.w3.org/ns/activitystreams",
  "summary" : "A collection",
  "type" : "Collection",
  "totalItems" : 5,
  "last" : {
    "type" : "Link",
    "summary" : "Last Page",
    "href" : "http://example.org/collection?page=1"
  }
}
]]></system-out>
  </testcase>
  <testcase name="w3cActivityStreamsSuccessTests[200]" classname="social.pantheon.activitystreams4j.W3CTests" time="0.052">
    <failure type="java.lang.AssertionError">java.lang.AssertionError
	at social.pantheon.activitystreams4j.W3CTests.lambda$w3cActivityStreamsSuccessTests$2(W3CTests.java:45)
</failure>
    <system-out><![CDATA[22:32:51.349 [main] INFO  social.pantheon.activitystreams4j.W3CTests - Testing vocabulary-ex89-jsonld.json
{
  "@context" : "https://www.w3.org/ns/activitystreams",
  "type" : "Person",
  "name" : "Sally",
  "location" : {
    "name" : "Over the Arabian Sea, east of Socotra Island Nature Sanctuary",
    "type" : "Place",
    "longitude" : 12.34,
    "latitude" : 56.78,
    "altitude" : 90,
    "units" : "m"
  }
}
]]></system-out>
  </testcase>
  <testcase name="w3cActivityStreamsSuccessTests[201]" classname="social.pantheon.activitystreams4j.W3CTests" time="0.158">
    <error message="Node with IRI http://example.org/abc cannot be referenced, because it has not been encountered yet." type="cz.cvut.kbss.jsonld.exception.JsonLdDeserializationException">cz.cvut.kbss.jsonld.exception.JsonLdDeserializationException: Node with IRI http://example.org/abc cannot be referenced, because it has not been encountered yet.
	at social.pantheon.activitystreams4j.W3CTests.lambda$w3cActivityStreamsSuccessTests$2(W3CTests.java:45)
</error>
    <system-out><![CDATA[22:32:51.487 [main] INFO  social.pantheon.activitystreams4j.W3CTests - Testing vocabulary-ex9-jsonld.json
{
  "@context" : "https://www.w3.org/ns/activitystreams",
  "summary" : "Sally added an object",
  "type" : "Add",
  "actor" : {
    "type" : "Person",
    "name" : "Sally"
  },
  "object" : "http://example.org/abc"
}
]]></system-out>
  </testcase>
  <testcase name="w3cActivityStreamsSuccessTests[202]" classname="social.pantheon.activitystreams4j.W3CTests" time="0.088">
    <error message="Duplicate key https://www.w3.org/ns/activitystreams#first (attempted merging values social.pantheon.activitystreams4j.core.CollectionPageDTO social.pantheon.activitystreams4j.core.CollectionDTO.first and social.pantheon.activitystreams4j.core.CollectionPageDTO social.pantheon.activitystreams4j.core.CollectionDTO.last)" type="java.lang.IllegalStateException">java.lang.IllegalStateException: Duplicate key https://www.w3.org/ns/activitystreams#first (attempted merging values social.pantheon.activitystreams4j.core.CollectionPageDTO social.pantheon.activitystreams4j.core.CollectionDTO.first and social.pantheon.activitystreams4j.core.CollectionPageDTO social.pantheon.activitystreams4j.core.CollectionDTO.last)
	at social.pantheon.activitystreams4j.W3CTests.lambda$w3cActivityStreamsSuccessTests$2(W3CTests.java:45)
</error>
    <system-out><![CDATA[22:32:51.579 [main] INFO  social.pantheon.activitystreams4j.W3CTests - Testing vocabulary-ex91-jsonld.json
{
  "@context" : "https://www.w3.org/ns/activitystreams",
  "summary" : "Sally's notes",
  "type" : "Collection",
  "totalItems" : 2,
  "items" : [ {
    "type" : "Note",
    "name" : "A Simple Note"
  }, {
    "type" : "Note",
    "name" : "Another Simple Note"
  } ]
}
]]></system-out>
  </testcase>
  <testcase name="w3cActivityStreamsSuccessTests[203]" classname="social.pantheon.activitystreams4j.W3CTests" time="0.053">
    <error message="Duplicate key https://www.w3.org/ns/activitystreams#first (attempted merging values social.pantheon.activitystreams4j.core.CollectionPageDTO social.pantheon.activitystreams4j.core.CollectionDTO.first and social.pantheon.activitystreams4j.core.CollectionPageDTO social.pantheon.activitystreams4j.core.CollectionDTO.last)" type="java.lang.IllegalStateException">java.lang.IllegalStateException: Duplicate key https://www.w3.org/ns/activitystreams#first (attempted merging values social.pantheon.activitystreams4j.core.CollectionPageDTO social.pantheon.activitystreams4j.core.CollectionDTO.first and social.pantheon.activitystreams4j.core.CollectionPageDTO social.pantheon.activitystreams4j.core.CollectionDTO.last)
	at social.pantheon.activitystreams4j.W3CTests.lambda$w3cActivityStreamsSuccessTests$2(W3CTests.java:45)
</error>
    <system-out><![CDATA[22:32:51.632 [main] INFO  social.pantheon.activitystreams4j.W3CTests - Testing vocabulary-ex92-jsonld.json
{
  "@context" : "https://www.w3.org/ns/activitystreams",
  "summary" : "Sally's notes",
  "type" : "OrderedCollection",
  "totalItems" : 2,
  "orderedItems" : [ {
    "type" : "Note",
    "name" : "A Simple Note"
  }, {
    "type" : "Note",
    "name" : "Another Simple Note"
  } ]
}
]]></system-out>
  </testcase>
  <testcase name="w3cActivityStreamsSuccessTests[204]" classname="social.pantheon.activitystreams4j.W3CTests" time="0.059"/>
  <testcase name="w3cActivityStreamsSuccessTests[205]" classname="social.pantheon.activitystreams4j.W3CTests" time="0.073"/>
  <testcase name="w3cActivityStreamsSuccessTests[206]" classname="social.pantheon.activitystreams4j.W3CTests" time="0.052">
    <failure type="java.lang.AssertionError">java.lang.AssertionError
	at social.pantheon.activitystreams4j.W3CTests.lambda$w3cActivityStreamsSuccessTests$2(W3CTests.java:45)
</failure>
    <system-out><![CDATA[22:32:51.831 [main] INFO  social.pantheon.activitystreams4j.W3CTests - Testing vocabulary-ex94b-jsonld.json
{
  "@context" : "https://www.w3.org/ns/activitystreams",
  "type" : "Question",
  "name" : "What is the answer?",
  "closed" : "2016-05-10T00:00:00Z"
}
]]></system-out>
  </testcase>
  <testcase name="w3cActivityStreamsSuccessTests[207]" classname="social.pantheon.activitystreams4j.W3CTests" time="0.05">
    <error message="Duplicate key https://www.w3.org/ns/activitystreams#first (attempted merging values social.pantheon.activitystreams4j.core.CollectionPageDTO social.pantheon.activitystreams4j.core.CollectionDTO.first and social.pantheon.activitystreams4j.core.CollectionPageDTO social.pantheon.activitystreams4j.core.CollectionDTO.last)" type="java.lang.IllegalStateException">java.lang.IllegalStateException: Duplicate key https://www.w3.org/ns/activitystreams#first (attempted merging values social.pantheon.activitystreams4j.core.CollectionPageDTO social.pantheon.activitystreams4j.core.CollectionDTO.first and social.pantheon.activitystreams4j.core.CollectionPageDTO social.pantheon.activitystreams4j.core.CollectionDTO.last)
	at social.pantheon.activitystreams4j.W3CTests.lambda$w3cActivityStreamsSuccessTests$2(W3CTests.java:45)
</error>
    <system-out><![CDATA[22:32:51.868 [main] INFO  social.pantheon.activitystreams4j.W3CTests - Testing vocabulary-ex96-jsonld.json
{
  "@context" : "https://www.w3.org/ns/activitystreams",
  "summary" : "Page 2 of Sally's blog posts",
  "type" : "CollectionPage",
  "next" : "http://example.org/collection?page=2",
  "items" : [ "http://example.org/posts/1", "http://example.org/posts/2", "http://example.org/posts/3" ]
}
]]></system-out>
  </testcase>
  <testcase name="w3cActivityStreamsSuccessTests[208]" classname="social.pantheon.activitystreams4j.W3CTests" time="0.071">
    <error message="Duplicate key https://www.w3.org/ns/activitystreams#first (attempted merging values social.pantheon.activitystreams4j.core.CollectionPageDTO social.pantheon.activitystreams4j.core.CollectionDTO.first and social.pantheon.activitystreams4j.core.CollectionPageDTO social.pantheon.activitystreams4j.core.CollectionDTO.last)" type="java.lang.IllegalStateException">java.lang.IllegalStateException: Duplicate key https://www.w3.org/ns/activitystreams#first (attempted merging values social.pantheon.activitystreams4j.core.CollectionPageDTO social.pantheon.activitystreams4j.core.CollectionDTO.first and social.pantheon.activitystreams4j.core.CollectionPageDTO social.pantheon.activitystreams4j.core.CollectionDTO.last)
	at social.pantheon.activitystreams4j.W3CTests.lambda$w3cActivityStreamsSuccessTests$2(W3CTests.java:45)
</error>
    <system-out><![CDATA[22:32:51.934 [main] INFO  social.pantheon.activitystreams4j.W3CTests - Testing vocabulary-ex97-jsonld.json
{
  "@context" : "https://www.w3.org/ns/activitystreams",
  "summary" : "Page 2 of Sally's blog posts",
  "type" : "CollectionPage",
  "next" : {
    "type" : "Link",
    "name" : "Next Page",
    "href" : "http://example.org/collection?page=2"
  },
  "items" : [ "http://example.org/posts/1", "http://example.org/posts/2", "http://example.org/posts/3" ]
}
]]></system-out>
  </testcase>
  <testcase name="w3cActivityStreamsSuccessTests[209]" classname="social.pantheon.activitystreams4j.W3CTests" time="0.071">
    <error message="Node with IRI http://sally.example.org cannot be referenced, because it has not been encountered yet." type="cz.cvut.kbss.jsonld.exception.JsonLdDeserializationException">cz.cvut.kbss.jsonld.exception.JsonLdDeserializationException: Node with IRI http://sally.example.org cannot be referenced, because it has not been encountered yet.
	at social.pantheon.activitystreams4j.W3CTests.lambda$w3cActivityStreamsSuccessTests$2(W3CTests.java:45)
</error>
    <system-out><![CDATA[22:32:52.012 [main] INFO  social.pantheon.activitystreams4j.W3CTests - Testing vocabulary-ex98-jsonld.json
{
  "@context" : "https://www.w3.org/ns/activitystreams",
  "summary" : "Sally liked a post",
  "type" : "Like",
  "actor" : "http://sally.example.org",
  "object" : "http://example.org/posts/1"
}
]]></system-out>
  </testcase>
  <testcase name="w3cActivityStreamsSuccessTests[210]" classname="social.pantheon.activitystreams4j.W3CTests" time="0.058">
    <error message="Node with IRI http://sally.example.org cannot be referenced, because it has not been encountered yet." type="cz.cvut.kbss.jsonld.exception.JsonLdDeserializationException">cz.cvut.kbss.jsonld.exception.JsonLdDeserializationException: Node with IRI http://sally.example.org cannot be referenced, because it has not been encountered yet.
	at social.pantheon.activitystreams4j.W3CTests.lambda$w3cActivityStreamsSuccessTests$2(W3CTests.java:45)
</error>
    <system-out><![CDATA[22:32:52.070 [main] INFO  social.pantheon.activitystreams4j.W3CTests - Testing vocabulary-ex99-jsonld.json
{
  "@context" : "https://www.w3.org/ns/activitystreams",
  "type" : "Like",
  "actor" : "http://sally.example.org",
  "object" : {
    "type" : "Note",
    "content" : "A simple note"
  }
}
]]></system-out>
  </testcase>
  <testcase name="w3cActivityStreamsSuccessTests[211]" classname="social.pantheon.activitystreams4j.W3CTests" time="0.119">
    <error message="Neither class social.pantheon.activitystreams4j.core.ObjectDTO nor any of its subclasses matches the types []." type="cz.cvut.kbss.jsonld.exception.TargetTypeException">cz.cvut.kbss.jsonld.exception.TargetTypeException: Neither class social.pantheon.activitystreams4j.core.ObjectDTO nor any of its subclasses matches the types [].
	at social.pantheon.activitystreams4j.W3CTests.lambda$w3cActivityStreamsSuccessTests$2(W3CTests.java:45)
</error>
    <system-out><![CDATA[22:32:52.110 [main] INFO  social.pantheon.activitystreams4j.W3CTests - Testing vocabulary-exid-jsonld.json
{
  "@context" : "https://www.w3.org/ns/activitystreams",
  "name" : "Foo",
  "id" : "http://example.org/foo"
}
]]></system-out>
  </testcase>
  <testcase name="w3cActivityStreamsSuccessTests[212]" classname="social.pantheon.activitystreams4j.W3CTests" time="0.039">
    <error message="Neither class social.pantheon.activitystreams4j.core.ObjectDTO nor any of its subclasses matches the types [http://example.org/Foo]." type="cz.cvut.kbss.jsonld.exception.TargetTypeException">cz.cvut.kbss.jsonld.exception.TargetTypeException: Neither class social.pantheon.activitystreams4j.core.ObjectDTO nor any of its subclasses matches the types [http://example.org/Foo].
	at social.pantheon.activitystreams4j.W3CTests.lambda$w3cActivityStreamsSuccessTests$2(W3CTests.java:45)
</error>
    <system-out><![CDATA[22:32:52.232 [main] INFO  social.pantheon.activitystreams4j.W3CTests - Testing vocabulary-extype-jsonld.json
{
  "@context" : "https://www.w3.org/ns/activitystreams",
  "summary" : "A foo",
  "type" : "http://example.org/Foo"
}
]]></system-out>
  </testcase>
  <testcase name="w3cActivityStreamsFailTests[1]" classname="social.pantheon.activitystreams4j.W3CTests" time="0.106">
    <failure message="Unexpected exception type thrown ==&gt; expected: &lt;java.lang.Exception&gt; but was: &lt;java.lang.AssertionError&gt;" type="org.opentest4j.AssertionFailedError"><![CDATA[org.opentest4j.AssertionFailedError: Unexpected exception type thrown ==> expected: <java.lang.Exception> but was: <java.lang.AssertionError>
	at social.pantheon.activitystreams4j.W3CTests.lambda$w3cActivityStreamsFailTests$7(W3CTests.java:70)
Caused by: java.lang.AssertionError
	at social.pantheon.activitystreams4j.W3CTests.lambda$w3cActivityStreamsFailTests$6(W3CTests.java:70)
	at social.pantheon.activitystreams4j.W3CTests.lambda$w3cActivityStreamsFailTests$7(W3CTests.java:70)
]]></failure>
    <system-out><![CDATA[22:32:52.622 [main] INFO  social.pantheon.activitystreams4j.W3CTests - Testing array-at-top.json (https://github.com/w3c/activitystreams/blob/master/test/fail/array-at-top.json)
]]></system-out>
  </testcase>
  <testcase name="w3cActivityStreamsFailTests[2]" classname="social.pantheon.activitystreams4j.W3CTests" time="0.223"/>
  <testcase name="w3cActivityStreamsFailTests[3]" classname="social.pantheon.activitystreams4j.W3CTests" time="0.042"/>
  <testcase name="w3cActivityStreamsFailTests[4]" classname="social.pantheon.activitystreams4j.W3CTests" time="0.044"/>
  <testcase name="w3cActivityStreamsFailTests[5]" classname="social.pantheon.activitystreams4j.W3CTests" time="0">
    <failure message="Expected java.lang.Exception to be thrown, but nothing was thrown." type="org.opentest4j.AssertionFailedError">org.opentest4j.AssertionFailedError: Expected java.lang.Exception to be thrown, but nothing was thrown.
	at social.pantheon.activitystreams4j.W3CTests.lambda$w3cActivityStreamsFailTests$7(W3CTests.java:70)
</failure>
    <system-out><![CDATA[22:32:52.975 [main] INFO  social.pantheon.activitystreams4j.W3CTests - Testing name-as-namemap.json (https://github.com/w3c/activitystreams/blob/master/test/fail/name-as-namemap.json)
]]></system-out>
  </testcase>
  <testcase name="w3cActivityStreamsFailTests[6]" classname="social.pantheon.activitystreams4j.W3CTests" time="0.197"/>
  <testcase name="w3cActivityStreamsFailTests[7]" classname="social.pantheon.activitystreams4j.W3CTests" time="0.03"/>
  <testcase name="w3cActivityStreamsFailTests[8]" classname="social.pantheon.activitystreams4j.W3CTests" time="0">
    <failure message="Expected java.lang.Exception to be thrown, but nothing was thrown." type="org.opentest4j.AssertionFailedError">org.opentest4j.AssertionFailedError: Expected java.lang.Exception to be thrown, but nothing was thrown.
	at social.pantheon.activitystreams4j.W3CTests.lambda$w3cActivityStreamsFailTests$7(W3CTests.java:70)
</failure>
    <system-out><![CDATA[22:32:53.202 [main] INFO  social.pantheon.activitystreams4j.W3CTests - Testing number-as-content.json (https://github.com/w3c/activitystreams/blob/master/test/fail/number-as-content.json)
]]></system-out>
  </testcase>
  <testcase name="w3cActivityStreamsFailTests[9]" classname="social.pantheon.activitystreams4j.W3CTests" time="0.068"/>
  <testcase name="w3cActivityStreamsFailTests[10]" classname="social.pantheon.activitystreams4j.W3CTests" time="0.077"/>
  <testcase name="w3cActivityStreamsFailTests[11]" classname="social.pantheon.activitystreams4j.W3CTests" time="0.022">
    <failure message="Expected java.lang.Exception to be thrown, but nothing was thrown." type="org.opentest4j.AssertionFailedError">org.opentest4j.AssertionFailedError: Expected java.lang.Exception to be thrown, but nothing was thrown.
	at social.pantheon.activitystreams4j.W3CTests.lambda$w3cActivityStreamsFailTests$7(W3CTests.java:70)
</failure>
    <system-out><![CDATA[22:32:53.362 [main] INFO  social.pantheon.activitystreams4j.W3CTests - Testing number-as-name.json (https://github.com/w3c/activitystreams/blob/master/test/fail/number-as-name.json)
]]></system-out>
  </testcase>
  <testcase name="w3cActivityStreamsFailTests[12]" classname="social.pantheon.activitystreams4j.W3CTests" time="0.094"/>
  <testcase name="w3cActivityStreamsFailTests[13]" classname="social.pantheon.activitystreams4j.W3CTests" time="0.107"/>
  <testcase name="w3cActivityStreamsFailTests[14]" classname="social.pantheon.activitystreams4j.W3CTests" time="0">
    <failure message="Unexpected exception type thrown ==&gt; expected: &lt;java.lang.Exception&gt; but was: &lt;java.lang.AssertionError&gt;" type="org.opentest4j.AssertionFailedError"><![CDATA[org.opentest4j.AssertionFailedError: Unexpected exception type thrown ==> expected: <java.lang.Exception> but was: <java.lang.AssertionError>
	at social.pantheon.activitystreams4j.W3CTests.lambda$w3cActivityStreamsFailTests$7(W3CTests.java:70)
Caused by: java.lang.AssertionError
	at social.pantheon.activitystreams4j.W3CTests.lambda$w3cActivityStreamsFailTests$6(W3CTests.java:70)
	at social.pantheon.activitystreams4j.W3CTests.lambda$w3cActivityStreamsFailTests$7(W3CTests.java:70)
]]></failure>
    <system-out><![CDATA[22:32:53.539 [main] INFO  social.pantheon.activitystreams4j.W3CTests - Testing number-at-top.json (https://github.com/w3c/activitystreams/blob/master/test/fail/number-at-top.json)
]]></system-out>
  </testcase>
  <testcase name="w3cActivityStreamsFailTests[15]" classname="social.pantheon.activitystreams4j.W3CTests" time="0.06"/>
  <testcase name="w3cActivityStreamsFailTests[16]" classname="social.pantheon.activitystreams4j.W3CTests" time="0.029"/>
  <testcase name="w3cActivityStreamsFailTests[17]" classname="social.pantheon.activitystreams4j.W3CTests" time="0.37"/>
  <testcase name="w3cActivityStreamsFailTests[18]" classname="social.pantheon.activitystreams4j.W3CTests" time="0.033"/>
  <testcase name="w3cActivityStreamsFailTests[19]" classname="social.pantheon.activitystreams4j.W3CTests" time="0.015">
    <failure message="Unexpected exception type thrown ==&gt; expected: &lt;java.lang.Exception&gt; but was: &lt;java.lang.AssertionError&gt;" type="org.opentest4j.AssertionFailedError"><![CDATA[org.opentest4j.AssertionFailedError: Unexpected exception type thrown ==> expected: <java.lang.Exception> but was: <java.lang.AssertionError>
	at social.pantheon.activitystreams4j.W3CTests.lambda$w3cActivityStreamsFailTests$7(W3CTests.java:70)
Caused by: java.lang.AssertionError
	at social.pantheon.activitystreams4j.W3CTests.lambda$w3cActivityStreamsFailTests$6(W3CTests.java:70)
	at social.pantheon.activitystreams4j.W3CTests.lambda$w3cActivityStreamsFailTests$7(W3CTests.java:70)
]]></failure>
    <system-out><![CDATA[22:32:54.099 [main] INFO  social.pantheon.activitystreams4j.W3CTests - Testing string-at-top.json (https://github.com/w3c/activitystreams/blob/master/test/fail/string-at-top.json)
]]></system-out>
  </testcase>
  <testcase name="w3cActivityStreamsFailTests[20]" classname="social.pantheon.activitystreams4j.W3CTests" time="0.199"/>
</testsuite>